0 verbose cli /usr/local/bin/node /usr/local/bin/npm
1 info using npm@10.9.2
2 info using node@v22.17.0
3 silly config load:file:/usr/local/lib/node_modules/npm/npmrc
4 silly config load:file:/Users/cansle/Documents/AntigravityProjects/WordChallenge/native/.npmrc
5 silly config load:file:/Users/cansle/.npmrc
6 silly config load:file:/usr/local/etc/npmrc
7 verbose title npm install expo-splash-screen
8 verbose argv "install" "expo-splash-screen" "--cache" "../.npm-cache" "--save" "--legacy-peer-deps"
9 verbose logfile logs-max:10 dir:/Users/cansle/Documents/AntigravityProjects/WordChallenge/.npm-cache/_logs/2026-04-04T11_56_29_987Z-
10 verbose logfile /Users/cansle/Documents/AntigravityProjects/WordChallenge/.npm-cache/_logs/2026-04-04T11_56_29_987Z-debug-0.log
11 silly logfile done cleaning log files
12 silly packumentCache heap:4345298944 maxSize:1086324736 maxEntrySize:543162368
13 silly idealTree buildDeps
14 silly fetch manifest expo-splash-screen@*
15 silly packumentCache full:https://registry.npmjs.org/expo-splash-screen cache-miss
16 http fetch GET 200 https://registry.npmjs.org/expo-splash-screen 185ms (cache miss)
17 silly packumentCache full:https://registry.npmjs.org/expo-splash-screen set size:undefined disposed:false
18 silly placeDep ROOT expo-splash-screen@55.0.15 OK for: native@1.0.0 want: *
19 silly fetch manifest @expo/prebuild-config@^55.0.12
20 silly packumentCache full:https://registry.npmjs.org/@expo%2fprebuild-config cache-miss
21 http fetch GET 200 https://registry.npmjs.org/@expo%2fprebuild-config 492ms (cache miss)
22 silly packumentCache full:https://registry.npmjs.org/@expo%2fprebuild-config set size:undefined disposed:false
23 silly placeDep ROOT @expo/prebuild-config@55.0.12 OK for: expo-splash-screen@55.0.15 want: ^55.0.12
24 silly fetch manifest @expo/config@~55.0.12
25 silly packumentCache full:https://registry.npmjs.org/@expo%2fconfig cache-miss
26 silly fetch manifest @expo/config-types@^55.0.5
27 silly packumentCache full:https://registry.npmjs.org/@expo%2fconfig-types cache-miss
28 silly fetch manifest @expo/config-plugins@~55.0.7
29 silly packumentCache full:https://registry.npmjs.org/@expo%2fconfig-plugins cache-miss
30 silly fetch manifest @react-native/normalize-colors@0.83.4
31 silly packumentCache full:https://registry.npmjs.org/@react-native%2fnormalize-colors cache-miss
32 http fetch GET 200 https://registry.npmjs.org/@expo%2fconfig-types 344ms (cache miss)
33 silly packumentCache full:https://registry.npmjs.org/@expo%2fconfig-types set size:undefined disposed:false
34 http fetch GET 200 https://registry.npmjs.org/@react-native%2fnormalize-colors 443ms (cache miss)
35 silly packumentCache full:https://registry.npmjs.org/@react-native%2fnormalize-colors set size:undefined disposed:false
36 http fetch GET 200 https://registry.npmjs.org/@expo%2fconfig 999ms (cache miss)
37 silly packumentCache full:https://registry.npmjs.org/@expo%2fconfig set size:undefined disposed:false
38 http fetch GET 200 https://registry.npmjs.org/@expo%2fconfig-plugins 1010ms (cache miss)
39 silly packumentCache full:https://registry.npmjs.org/@expo%2fconfig-plugins set size:undefined disposed:false
40 silly placeDep node_modules/@expo/prebuild-config @expo/config@55.0.12 OK for: @expo/prebuild-config@55.0.12 want: ~55.0.12
41 silly placeDep node_modules/@expo/prebuild-config @expo/config-plugins@55.0.7 OK for: @expo/prebuild-config@55.0.12 want: ~55.0.7
42 silly placeDep node_modules/@expo/prebuild-config @expo/config-types@55.0.5 OK for: @expo/prebuild-config@55.0.12 want: ^55.0.5
43 silly placeDep node_modules/@expo/prebuild-config @react-native/normalize-colors@0.83.4 OK for: @expo/prebuild-config@55.0.12 want: 0.83.4
44 silly fetch manifest @expo/require-utils@^55.0.3
45 silly packumentCache full:https://registry.npmjs.org/@expo%2frequire-utils cache-miss
46 silly fetch manifest chalk@^4.1.2
47 silly packumentCache full:https://registry.npmjs.org/chalk cache-miss
48 silly fetch manifest @expo/plist@^0.5.2
49 silly packumentCache full:https://registry.npmjs.org/@expo%2fplist cache-miss
50 http fetch GET 200 https://registry.npmjs.org/chalk 53ms (cache miss)
51 silly packumentCache full:https://registry.npmjs.org/chalk set size:undefined disposed:false
52 http fetch GET 200 https://registry.npmjs.org/@expo%2fplist 794ms (cache miss)
53 silly packumentCache full:https://registry.npmjs.org/@expo%2fplist set size:undefined disposed:false
54 http fetch GET 200 https://registry.npmjs.org/@expo%2frequire-utils 917ms (cache miss)
55 silly packumentCache full:https://registry.npmjs.org/@expo%2frequire-utils set size:undefined disposed:false
56 silly placeDep ROOT @expo/require-utils@55.0.3 OK for: @expo/config@55.0.12 want: ^55.0.3
57 silly fetch manifest @babel/code-frame@^7.20.0
58 silly packumentCache full:https://registry.npmjs.org/@babel%2fcode-frame cache-miss
59 http fetch GET 200 https://registry.npmjs.org/@babel%2fcode-frame 56ms (cache revalidated)
60 silly packumentCache full:https://registry.npmjs.org/@babel%2fcode-frame set size:196196 disposed:false
61 silly placeDep node_modules/@expo/require-utils @babel/code-frame@7.29.0 OK for: @expo/require-utils@55.0.3 want: ^7.20.0
62 silly placeDep node_modules/@expo/prebuild-config @expo/plist@0.5.2 OK for: @expo/config-plugins@55.0.7 want: ^0.5.2
63 silly placeDep node_modules/@expo/prebuild-config chalk@4.1.2 OK for: @expo/config-plugins@55.0.7 want: ^4.1.2
64 silly fetch manifest ansi-styles@^4.1.0
65 silly packumentCache full:https://registry.npmjs.org/ansi-styles cache-miss
66 silly fetch manifest supports-color@^7.1.0
67 silly packumentCache full:https://registry.npmjs.org/supports-color cache-miss
68 http fetch GET 200 https://registry.npmjs.org/ansi-styles 45ms (cache miss)
69 silly packumentCache full:https://registry.npmjs.org/ansi-styles set size:undefined disposed:false
70 http fetch GET 200 https://registry.npmjs.org/supports-color 53ms (cache miss)
71 silly packumentCache full:https://registry.npmjs.org/supports-color set size:undefined disposed:false
72 silly placeDep node_modules/@expo/prebuild-config ansi-styles@4.3.0 OK for: chalk@4.1.2 want: ^4.1.0
73 silly placeDep node_modules/@expo/prebuild-config supports-color@7.2.0 OK for: chalk@4.1.2 want: ^7.1.0
74 silly fetch manifest color-convert@^2.0.1
75 silly packumentCache full:https://registry.npmjs.org/color-convert cache-miss
76 silly fetch manifest has-flag@^4.0.0
77 silly packumentCache full:https://registry.npmjs.org/has-flag cache-miss
78 http cache https://registry.npmjs.org/color-convert 3ms (cache hit)
79 silly packumentCache full:https://registry.npmjs.org/color-convert set size:72663 disposed:false
80 http fetch GET 200 https://registry.npmjs.org/has-flag 39ms (cache miss)
81 silly packumentCache full:https://registry.npmjs.org/has-flag set size:undefined disposed:false
82 silly placeDep node_modules/@expo/prebuild-config color-convert@2.0.1 OK for: ansi-styles@4.3.0 want: ^2.0.1
83 silly fetch manifest color-name@~1.1.4
84 silly packumentCache full:https://registry.npmjs.org/color-name cache-miss
85 http cache https://registry.npmjs.org/color-name 1ms (cache hit)
86 silly packumentCache full:https://registry.npmjs.org/color-name set size:19467 disposed:false
87 silly placeDep node_modules/@expo/prebuild-config color-name@1.1.4 OK for: color-convert@2.0.1 want: ~1.1.4
88 silly placeDep node_modules/@expo/prebuild-config has-flag@4.0.0 OK for: supports-color@7.2.0 want: ^4.0.0
89 silly reify mark retired [
89 silly reify   '/Users/cansle/Documents/AntigravityProjects/WordChallenge/native/node_modules/boolbase'
89 silly reify ]
90 silly reify mark retired [
90 silly reify   '/Users/cansle/Documents/AntigravityProjects/WordChallenge/native/node_modules/css-select'
90 silly reify ]
91 silly reify mark retired [
91 silly reify   '/Users/cansle/Documents/AntigravityProjects/WordChallenge/native/node_modules/css-tree'
91 silly reify ]
92 silly reify mark retired [
92 silly reify   '/Users/cansle/Documents/AntigravityProjects/WordChallenge/native/node_modules/css-what'
92 silly reify ]
93 silly reify mark retired [
93 silly reify   '/Users/cansle/Documents/AntigravityProjects/WordChallenge/native/node_modules/dom-serializer'
93 silly reify ]
94 silly reify mark retired [
94 silly reify   '/Users/cansle/Documents/AntigravityProjects/WordChallenge/native/node_modules/domelementtype'
94 silly reify ]
95 silly reify mark retired [
95 silly reify   '/Users/cansle/Documents/AntigravityProjects/WordChallenge/native/node_modules/domhandler'
95 silly reify ]
96 silly reify mark retired [
96 silly reify   '/Users/cansle/Documents/AntigravityProjects/WordChallenge/native/node_modules/domutils'
96 silly reify ]
97 silly reify mark retired [
97 silly reify   '/Users/cansle/Documents/AntigravityProjects/WordChallenge/native/node_modules/entities'
97 silly reify ]
98 silly reify mark retired [
98 silly reify   '/Users/cansle/Documents/AntigravityProjects/WordChallenge/native/node_modules/expo-linking'
98 silly reify ]
99 silly reify mark retired [
99 silly reify   '/Users/cansle/Documents/AntigravityProjects/WordChallenge/native/node_modules/mdn-data'
99 silly reify ]
100 silly reify mark retired [
100 silly reify   '/Users/cansle/Documents/AntigravityProjects/WordChallenge/native/node_modules/nth-check'
100 silly reify ]
101 silly reify mark retired [
101 silly reify   '/Users/cansle/Documents/AntigravityProjects/WordChallenge/native/node_modules/react-dom'
101 silly reify ]
102 silly reify mark retired [
102 silly reify   '/Users/cansle/Documents/AntigravityProjects/WordChallenge/native/node_modules/react-native-svg'
102 silly reify ]
103 silly reify moves {
103 silly reify   '/Users/cansle/Documents/AntigravityProjects/WordChallenge/native/node_modules/boolbase': '/Users/cansle/Documents/AntigravityProjects/WordChallenge/native/node_modules/.boolbase-B7JABbhC',
103 silly reify   '/Users/cansle/Documents/AntigravityProjects/WordChallenge/native/node_modules/css-select': '/Users/cansle/Documents/AntigravityProjects/WordChallenge/native/node_modules/.css-select-ALu3olto',
103 silly reify   '/Users/cansle/Documents/AntigravityProjects/WordChallenge/native/node_modules/css-tree': '/Users/cansle/Documents/AntigravityProjects/WordChallenge/native/node_modules/.css-tree-r6UXI33n',
103 silly reify   '/Users/cansle/Documents/AntigravityProjects/WordChallenge/native/node_modules/css-what': '/Users/cansle/Documents/AntigravityProjects/WordChallenge/native/node_modules/.css-what-G0KFSNXU',
103 silly reify   '/Users/cansle/Documents/AntigravityProjects/WordChallenge/native/node_modules/dom-serializer': '/Users/cansle/Documents/AntigravityProjects/WordChallenge/native/node_modules/.dom-serializer-pTqwMWy5',
103 silly reify   '/Users/cansle/Documents/AntigravityProjects/WordChallenge/native/node_modules/domelementtype': '/Users/cansle/Documents/AntigravityProjects/WordChallenge/native/node_modules/.domelementtype-Qz8D0Cvg',
103 silly reify   '/Users/cansle/Documents/AntigravityProjects/WordChallenge/native/node_modules/domhandler': '/Users/cansle/Documents/AntigravityProjects/WordChallenge/native/node_modules/.domhandler-Ovul0DNt',
103 silly reify   '/Users/cansle/Documents/AntigravityProjects/WordChallenge/native/node_modules/domutils': '/Users/cansle/Documents/AntigravityProjects/WordChallenge/native/node_modules/.domutils-LXpytuxJ',
103 silly reify   '/Users/cansle/Documents/AntigravityProjects/WordChallenge/native/node_modules/entities': '/Users/cansle/Documents/AntigravityProjects/WordChallenge/native/node_modules/.entities-COJfWPRW',
103 silly reify   '/Users/cansle/Documents/AntigravityProjects/WordChallenge/native/node_modules/expo-linking': '/Users/cansle/Documents/AntigravityProjects/WordChallenge/native/node_modules/.expo-linking-BQBLG1zy',
103 silly reify   '/Users/cansle/Documents/AntigravityProjects/WordChallenge/native/node_modules/mdn-data': '/Users/cansle/Documents/AntigravityProjects/WordChallenge/native/node_modules/.mdn-data-cqTDjE9K',
103 silly reify   '/Users/cansle/Documents/AntigravityProjects/WordChallenge/native/node_modules/nth-check': '/Users/cansle/Documents/AntigravityProjects/WordChallenge/native/node_modules/.nth-check-Q0bY3QSI',
103 silly reify   '/Users/cansle/Documents/AntigravityProjects/WordChallenge/native/node_modules/react-dom': '/Users/cansle/Documents/AntigravityProjects/WordChallenge/native/node_modules/.react-dom-wv1BHB4R',
103 silly reify   '/Users/cansle/Documents/AntigravityProjects/WordChallenge/native/node_modules/react-native-svg': '/Users/cansle/Documents/AntigravityProjects/WordChallenge/native/node_modules/.react-native-svg-TLgAYvLO'
103 silly reify }
104 silly audit bulk request {
104 silly audit   '@0no-co/graphql.web': [ '1.2.0' ],
104 silly audit   '@babel/code-frame': [ '7.10.4', '7.29.0' ],
104 silly audit   '@babel/compat-data': [ '7.29.0' ],
104 silly audit   '@babel/core': [ '7.29.0' ],
104 silly audit   semver: [ '6.3.1', '7.6.3', '7.7.4' ],
104 silly audit   '@babel/generator': [ '7.29.1' ],
104 silly audit   '@babel/helper-annotate-as-pure': [ '7.27.3' ],
104 silly audit   '@babel/helper-compilation-targets': [ '7.28.6' ],
104 silly audit   '@babel/helper-create-class-features-plugin': [ '7.28.6' ],
104 silly audit   '@babel/helper-create-regexp-features-plugin': [ '7.28.5' ],
104 silly audit   '@babel/helper-define-polyfill-provider': [ '0.6.8' ],
104 silly audit   '@babel/helper-globals': [ '7.28.0' ],
104 silly audit   '@babel/helper-member-expression-to-functions': [ '7.28.5' ],
104 silly audit   '@babel/helper-module-imports': [ '7.28.6' ],
104 silly audit   '@babel/helper-module-transforms': [ '7.28.6' ],
104 silly audit   '@babel/helper-optimise-call-expression': [ '7.27.1' ],
104 silly audit   '@babel/helper-plugin-utils': [ '7.28.6' ],
104 silly audit   '@babel/helper-remap-async-to-generator': [ '7.27.1' ],
104 silly audit   '@babel/helper-replace-supers': [ '7.28.6' ],
104 silly audit   '@babel/helper-skip-transparent-expression-wrappers': [ '7.27.1' ],
104 silly audit   '@babel/helper-string-parser': [ '7.27.1' ],
104 silly audit   '@babel/helper-validator-identifier': [ '7.28.5' ],
104 silly audit   '@babel/helper-validator-option': [ '7.27.1' ],
104 silly audit   '@babel/helper-wrap-function': [ '7.28.6' ],
104 silly audit   '@babel/helpers': [ '7.29.2' ],
104 silly audit   '@babel/highlight': [ '7.25.9' ],
104 silly audit   '@babel/parser': [ '7.29.2' ],
104 silly audit   '@babel/plugin-proposal-decorators': [ '7.29.0' ],
104 silly audit   '@babel/plugin-proposal-export-default-from': [ '7.27.1' ],
104 silly audit   '@babel/plugin-syntax-async-generators': [ '7.8.4' ],
104 silly audit   '@babel/plugin-syntax-bigint': [ '7.8.3' ],
104 silly audit   '@babel/plugin-syntax-class-properties': [ '7.12.13' ],
104 silly audit   '@babel/plugin-syntax-class-static-block': [ '7.14.5' ],
104 silly audit   '@babel/plugin-syntax-decorators': [ '7.28.6' ],
104 silly audit   '@babel/plugin-syntax-dynamic-import': [ '7.8.3' ],
104 silly audit   '@babel/plugin-syntax-export-default-from': [ '7.28.6' ],
104 silly audit   '@babel/plugin-syntax-flow': [ '7.28.6' ],
104 silly audit   '@babel/plugin-syntax-import-attributes': [ '7.28.6' ],
104 silly audit   '@babel/plugin-syntax-import-meta': [ '7.10.4' ],
104 silly audit   '@babel/plugin-syntax-json-strings': [ '7.8.3' ],
104 silly audit   '@babel/plugin-syntax-jsx': [ '7.28.6' ],
104 silly audit   '@babel/plugin-syntax-logical-assignment-operators': [ '7.10.4' ],
104 silly audit   '@babel/plugin-syntax-nullish-coalescing-operator': [ '7.8.3' ],
104 silly audit   '@babel/plugin-syntax-numeric-separator': [ '7.10.4' ],
104 silly audit   '@babel/plugin-syntax-object-rest-spread': [ '7.8.3' ],
104 silly audit   '@babel/plugin-syntax-optional-catch-binding': [ '7.8.3' ],
104 silly audit   '@babel/plugin-syntax-optional-chaining': [ '7.8.3' ],
104 silly audit   '@babel/plugin-syntax-private-property-in-object': [ '7.14.5' ],
104 silly audit   '@babel/plugin-syntax-top-level-await': [ '7.14.5' ],
104 silly audit   '@babel/plugin-syntax-typescript': [ '7.28.6' ],
104 silly audit   '@babel/plugin-transform-arrow-functions': [ '7.27.1' ],
104 silly audit   '@babel/plugin-transform-async-generator-functions': [ '7.29.0' ],
104 silly audit   '@babel/plugin-transform-async-to-generator': [ '7.28.6' ],
104 silly audit   '@babel/plugin-transform-block-scoping': [ '7.28.6' ],
104 silly audit   '@babel/plugin-transform-class-properties': [ '7.28.6' ],
104 silly audit   '@babel/plugin-transform-class-static-block': [ '7.28.6' ],
104 silly audit   '@babel/plugin-transform-classes': [ '7.28.6' ],
104 silly audit   '@babel/plugin-transform-computed-properties': [ '7.28.6' ],
104 silly audit   '@babel/plugin-transform-destructuring': [ '7.28.5' ],
104 silly audit   '@babel/plugin-transform-export-namespace-from': [ '7.27.1' ],
104 silly audit   '@babel/plugin-transform-flow-strip-types': [ '7.27.1' ],
104 silly audit   '@babel/plugin-transform-for-of': [ '7.27.1' ],
104 silly audit   '@babel/plugin-transform-function-name': [ '7.27.1' ],
104 silly audit   '@babel/plugin-transform-literals': [ '7.27.1' ],
104 silly audit   '@babel/plugin-transform-logical-assignment-operators': [ '7.28.6' ],
104 silly audit   '@babel/plugin-transform-modules-commonjs': [ '7.28.6' ],
104 silly audit   '@babel/plugin-transform-named-capturing-groups-regex': [ '7.29.0' ],
104 silly audit   '@babel/plugin-transform-nullish-coalescing-operator': [ '7.28.6' ],
104 silly audit   '@babel/plugin-transform-numeric-separator': [ '7.28.6' ],
104 silly audit   '@babel/plugin-transform-object-rest-spread': [ '7.28.6' ],
104 silly audit   '@babel/plugin-transform-optional-catch-binding': [ '7.28.6' ],
104 silly audit   '@babel/plugin-transform-optional-chaining': [ '7.28.6' ],
104 silly audit   '@babel/plugin-transform-parameters': [ '7.27.7' ],
104 silly audit   '@babel/plugin-transform-private-methods': [ '7.28.6' ],
104 silly audit   '@babel/plugin-transform-private-property-in-object': [ '7.28.6' ],
104 silly audit   '@babel/plugin-transform-react-display-name': [ '7.28.0' ],
104 silly audit   '@babel/plugin-transform-react-jsx': [ '7.28.6' ],
104 silly audit   '@babel/plugin-transform-react-jsx-development': [ '7.27.1' ],
104 silly audit   '@babel/plugin-transform-react-jsx-self': [ '7.27.1' ],
104 silly audit   '@babel/plugin-transform-react-jsx-source': [ '7.27.1' ],
104 silly audit   '@babel/plugin-transform-react-pure-annotations': [ '7.27.1' ],
104 silly audit   '@babel/plugin-transform-regenerator': [ '7.29.0' ],
104 silly audit   '@babel/plugin-transform-runtime': [ '7.29.0' ],
104 silly audit   '@babel/plugin-transform-shorthand-properties': [ '7.27.1' ],
104 silly audit   '@babel/plugin-transform-spread': [ '7.28.6' ],
104 silly audit   '@babel/plugin-transform-sticky-regex': [ '7.27.1' ],
104 silly audit   '@babel/plugin-transform-typescript': [ '7.28.6' ],
104 silly audit   '@babel/plugin-transform-unicode-regex': [ '7.27.1' ],
104 silly audit   '@babel/preset-react': [ '7.28.5' ],
104 silly audit   '@babel/preset-typescript': [ '7.28.5' ],
104 silly audit   '@babel/runtime': [ '7.29.2' ],
104 silly audit   '@babel/template': [ '7.28.6' ],
104 silly audit   '@babel/traverse': [ '7.29.0' ],
104 silly audit   '@babel/types': [ '7.29.0' ],
104 silly audit   '@expo/code-signing-certificates': [ '0.0.6' ],
104 silly audit   '@expo/config': [ '12.0.13', '55.0.12' ],
104 silly audit   '@expo/config-plugins': [ '54.0.4', '55.0.7' ],
104 silly audit   'ansi-styles': [ '4.3.0', '3.2.1', '5.2.0' ],
104 silly audit   chalk: [ '4.1.2', '2.4.2' ],
104 silly audit   'color-convert': [ '2.0.1', '1.9.3' ],
104 silly audit   'color-name': [ '1.1.4', '1.1.3' ],
104 silly audit   'has-flag': [ '4.0.0', '3.0.0' ],
104 silly audit   'supports-color': [ '7.2.0', '8.1.1', '5.5.0' ],
104 silly audit   '@expo/config-types': [ '54.0.10', '55.0.5' ],
104 silly audit   '@expo/devcert': [ '1.2.1' ],
104 silly audit   debug: [ '3.2.7', '2.6.9', '4.4.3' ],
104 silly audit   '@expo/devtools': [ '0.1.8' ],
104 silly audit   '@expo/env': [ '2.0.11' ],
104 silly audit   '@expo/fingerprint': [ '0.15.4' ],
104 silly audit   '@expo/image-utils': [ '0.8.12' ],
104 silly audit   '@expo/json-file': [ '10.0.13' ],
104 silly audit   '@expo/metro': [ '54.2.0' ],
104 silly audit   '@expo/osascript': [ '2.4.2' ],
104 silly audit   '@expo/package-manager': [ '1.10.3' ],
104 silly audit   '@expo/plist': [ '0.4.8', '0.5.2' ],
104 silly audit   '@expo/schema-utils': [ '0.1.8' ],
104 silly audit   '@expo/sdk-runtime-versions': [ '1.0.0' ],
104 silly audit   '@expo/spawn-async': [ '1.7.2' ],
104 silly audit   '@expo/sudo-prompt': [ '9.3.2' ],
104 silly audit   '@expo/vector-icons': [ '15.1.1' ],
104 silly audit   '@expo/ws-tunnel': [ '1.0.6' ],
104 silly audit   '@expo/xcpretty': [ '4.4.1' ],
104 silly audit   argparse: [ '2.0.1', '1.0.10' ],
104 silly audit   'js-yaml': [ '4.1.1', '3.14.2' ],
104 silly audit   '@isaacs/fs-minipass': [ '4.0.1' ],
104 silly audit   '@isaacs/ttlcache': [ '1.4.1' ],
104 silly audit   '@istanbuljs/load-nyc-config': [ '1.1.0' ],
104 silly audit   camelcase: [ '5.3.1', '6.3.0' ],
104 silly audit   '@istanbuljs/schema': [ '0.1.3' ],
104 silly audit   '@jest/create-cache-key-function': [ '29.7.0' ],
104 silly audit   '@jest/environment': [ '29.7.0' ],
104 silly audit   '@jest/fake-timers': [ '29.7.0' ],
104 silly audit   '@jest/schemas': [ '29.6.3' ],
104 silly audit   '@jest/transform': [ '29.7.0' ],
104 silly audit   '@jest/types': [ '29.6.3' ],
104 silly audit   '@jridgewell/gen-mapping': [ '0.3.13' ],
104 silly audit   '@jridgewell/remapping': [ '2.3.5' ],
104 silly audit   '@jridgewell/resolve-uri': [ '3.1.2' ],
104 silly audit   '@jridgewell/source-map': [ '0.3.11' ],
104 silly audit   '@jridgewell/sourcemap-codec': [ '1.5.5' ],
104 silly audit   '@jridgewell/trace-mapping': [ '0.3.31' ],
104 silly audit   '@radix-ui/primitive': [ '1.1.3' ],
104 silly audit   '@radix-ui/react-compose-refs': [ '1.1.2' ],
104 silly audit   '@radix-ui/react-context': [ '1.1.2' ],
104 silly audit   '@radix-ui/react-direction': [ '1.1.1' ],
104 silly audit   '@radix-ui/react-focus-guards': [ '1.1.3' ],
104 silly audit   '@radix-ui/react-id': [ '1.1.1' ],
104 silly audit   '@radix-ui/react-slot': [ '1.2.0', '1.2.3' ],
104 silly audit   '@radix-ui/react-use-callback-ref': [ '1.1.1' ],
104 silly audit   '@radix-ui/react-use-controllable-state': [ '1.2.2' ],
104 silly audit   '@radix-ui/react-use-effect-event': [ '0.0.2' ],
104 silly audit   '@radix-ui/react-use-escape-keydown': [ '1.1.1' ],
104 silly audit   '@radix-ui/react-use-layout-effect': [ '1.1.1' ],
104 silly audit   '@react-native/assets-registry': [ '0.81.5' ],
104 silly audit   '@react-native/babel-plugin-codegen': [ '0.81.5' ],
104 silly audit   '@react-native/babel-preset': [ '0.81.5' ],
104 silly audit   '@react-native/codegen': [ '0.81.5' ],
104 silly audit   'brace-expansion': [ '1.1.13', '2.0.3', '5.0.5' ],
104 silly audit   glob: [ '7.2.3', '13.0.6' ],
104 silly audit   'hermes-estree': [ '0.29.1', '0.32.0' ],
104 silly audit   'hermes-parser': [ '0.29.1', '0.32.0' ],
104 silly audit   minimatch: [ '3.1.5', '10.2.5', '9.0.9' ],
104 silly audit   '@react-native/community-cli-plugin': [ '0.81.5' ],
104 silly audit   '@react-native/debugger-frontend': [ '0.81.5' ],
104 silly audit   '@react-native/dev-middleware': [ '0.81.5' ],
104 silly audit   ws: [ '6.2.3', '8.20.0', '7.5.10' ],
104 silly audit   '@react-native/gradle-plugin': [ '0.81.5' ],
104 silly audit   '@react-native/js-polyfills': [ '0.81.5' ],
104 silly audit   '@react-native/normalize-colors': [ '0.81.5', '0.83.4' ],
104 silly audit   '@react-navigation/bottom-tabs': [ '7.15.9' ],
104 silly audit   '@react-navigation/core': [ '7.17.2' ],
104 silly audit   'escape-string-regexp': [ '4.0.0', '1.0.5', '2.0.0' ],
104 silly audit   'react-is': [ '19.2.4', '18.3.1' ],
104 silly audit   '@react-navigation/elements': [ '2.9.14' ],
104 silly audit   '@react-navigation/native': [ '7.2.2' ],
104 silly audit   '@react-navigation/native-stack': [ '7.14.10' ],
104 silly audit   '@react-navigation/routers': [ '7.5.3' ],
104 silly audit   '@sinclair/typebox': [ '0.27.10' ],
104 silly audit   '@sinonjs/commons': [ '3.0.1' ],
104 silly audit   '@sinonjs/fake-timers': [ '10.3.0' ],
104 silly audit   '@types/babel__core': [ '7.20.5' ],
104 silly audit   '@types/babel__generator': [ '7.27.0' ],
104 silly audit   '@types/babel__template': [ '7.4.4' ],
104 silly audit   '@types/babel__traverse': [ '7.28.0' ],
104 silly audit   '@types/graceful-fs': [ '4.1.9' ],
104 silly audit   '@types/istanbul-lib-coverage': [ '2.0.6' ],
104 silly audit   '@types/istanbul-lib-report': [ '3.0.3' ],
104 silly audit   '@types/istanbul-reports': [ '3.0.4' ],
104 silly audit   '@types/node': [ '25.5.2' ],
104 silly audit   '@types/react': [ '19.1.17' ],
104 silly audit   '@types/stack-utils': [ '2.0.3' ],
104 silly audit   '@types/yargs': [ '17.0.35' ],
104 silly audit   '@types/yargs-parser': [ '21.0.3' ],
104 silly audit   '@ungap/structured-clone': [ '1.3.0' ],
104 silly audit   '@urql/core': [ '5.2.0' ],
104 silly audit   '@urql/exchange-retry': [ '1.3.2' ],
104 silly audit   '@xmldom/xmldom': [ '0.8.12' ],
104 silly audit   'abort-controller': [ '3.0.0' ],
104 silly audit   accepts: [ '1.3.8' ],
104 silly audit   acorn: [ '8.16.0' ],
104 silly audit   'agent-base': [ '7.1.4' ],
104 silly audit   anser: [ '1.4.10' ],
104 silly audit   'ansi-escapes': [ '4.3.2' ],
104 silly audit   'type-fest': [ '0.21.3', '0.7.1' ],
104 silly audit   'ansi-regex': [ '5.0.1', '4.1.1' ],
104 silly audit   'any-promise': [ '1.3.0' ],
104 silly audit   anymatch: [ '3.1.3' ],
104 silly audit   arg: [ '5.0.2' ],
104 silly audit   'aria-hidden': [ '1.2.6' ],
104 silly audit   asap: [ '2.0.6' ],
104 silly audit   'async-limiter': [ '1.0.1' ],
104 silly audit   'babel-jest': [ '29.7.0' ],
104 silly audit   'babel-plugin-istanbul': [ '6.1.1' ],
104 silly audit   'babel-plugin-jest-hoist': [ '29.6.3' ],
104 silly audit   'babel-plugin-polyfill-corejs2': [ '0.4.17' ],
104 silly audit   'babel-plugin-polyfill-corejs3': [ '0.13.0' ],
104 silly audit   'babel-plugin-polyfill-regenerator': [ '0.6.8' ],
104 silly audit   'babel-plugin-react-compiler': [ '1.0.0' ],
104 silly audit   'babel-plugin-react-native-web': [ '0.21.2' ],
104 silly audit   'babel-plugin-syntax-hermes-parser': [ '0.29.1' ],
104 silly audit   'babel-plugin-transform-flow-enums': [ '0.0.2' ],
104 silly audit   'babel-preset-current-node-syntax': [ '1.2.0' ],
104 silly audit   'babel-preset-jest': [ '29.6.3' ],
104 silly audit   'balanced-match': [ '1.0.2', '4.0.4' ],
104 silly audit   'base64-js': [ '1.5.1' ],
104 silly audit   'baseline-browser-mapping': [ '2.10.14' ],
104 silly audit   'better-opn': [ '3.0.2' ],
104 silly audit   open: [ '8.4.2', '7.4.2' ],
104 silly audit   'big-integer': [ '1.6.52' ],
104 silly audit   'bplist-creator': [ '0.1.0' ],
104 silly audit   'bplist-parser': [ '0.3.1' ],
104 silly audit   braces: [ '3.0.3' ],
104 silly audit   browserslist: [ '4.28.2' ],
104 silly audit   bser: [ '2.1.1' ],
104 silly audit   buffer: [ '5.7.1' ],
104 silly audit   'buffer-from': [ '1.1.2' ],
104 silly audit   bytes: [ '3.1.2' ],
104 silly audit   'caniuse-lite': [ '1.0.30001785' ],
104 silly audit   chownr: [ '3.0.0' ],
104 silly audit   'chrome-launcher': [ '0.15.2' ],
104 silly audit   'chromium-edge-launcher': [ '0.2.0' ],
104 silly audit   'ci-info': [ '2.0.0', '3.9.0' ],
104 silly audit   'cli-cursor': [ '2.1.0' ],
104 silly audit   'cli-spinners': [ '2.9.2' ],
104 silly audit   'client-only': [ '0.0.1' ],
104 silly audit   cliui: [ '8.0.1' ],
104 silly audit   clone: [ '1.0.4' ],
104 silly audit   color: [ '4.2.3' ],
104 silly audit   'color-string': [ '1.9.1' ],
104 silly audit   commander: [ '7.2.0', '12.1.0', '4.1.1', '2.20.3' ],
104 silly audit   compressible: [ '2.0.18' ],
104 silly audit   compression: [ '1.8.1' ],
104 silly audit   ms: [ '2.0.0', '2.1.3' ],
104 silly audit   negotiator: [ '0.6.4', '0.6.3' ],
104 silly audit   'concat-map': [ '0.0.1' ],
104 silly audit   connect: [ '3.7.0' ],
104 silly audit   'convert-source-map': [ '2.0.0' ],
104 silly audit   'core-js-compat': [ '3.49.0' ],
104 silly audit   'cross-spawn': [ '7.0.6' ],
104 silly audit   'source-map': [ '0.5.7', '0.6.1' ],
104 silly audit   csstype: [ '3.2.3' ],
104 silly audit   'decode-uri-component': [ '0.2.2' ],
104 silly audit   'deep-extend': [ '0.6.0' ],
104 silly audit   deepmerge: [ '4.3.1' ],
104 silly audit   defaults: [ '1.0.4' ],
104 silly audit   'define-lazy-prop': [ '2.0.0' ],
104 silly audit   depd: [ '2.0.0' ],
104 silly audit   destroy: [ '1.2.0' ],
104 silly audit   'detect-libc': [ '2.1.2' ],
104 silly audit   'detect-node-es': [ '1.1.0' ],
104 silly audit   dotenv: [ '16.4.7' ],
104 silly audit   'dotenv-expand': [ '11.0.7' ],
104 silly audit   'ee-first': [ '1.1.1' ],
104 silly audit   'electron-to-chromium': [ '1.5.331' ],
104 silly audit   'emoji-regex': [ '8.0.0' ],
104 silly audit   encodeurl: [ '1.0.2', '2.0.0' ],
104 silly audit   'env-editor': [ '0.4.2' ],
104 silly audit   'error-stack-parser': [ '2.1.4' ],
104 silly audit   escalade: [ '3.2.0' ],
104 silly audit   'escape-html': [ '1.0.3' ],
104 silly audit   esprima: [ '4.0.1' ],
104 silly audit   etag: [ '1.8.1' ],
104 silly audit   'event-target-shim': [ '5.0.1' ],
104 silly audit   expo: [ '54.0.33' ],
104 silly audit   'expo-blur': [ '15.0.8' ],
104 silly audit   'expo-constants': [ '18.0.13' ],
104 silly audit   'expo-font': [ '14.0.11' ],
104 silly audit   'expo-haptics': [ '15.0.8' ],
104 silly audit   'expo-modules-autolinking': [ '3.0.24' ],
104 silly audit   'expo-modules-core': [ '3.0.29' ],
104 silly audit   'expo-router': [ '6.0.23' ],
104 silly audit   '@expo/metro-runtime': [ '6.1.2' ],
104 silly audit   '@radix-ui/react-collection': [ '1.1.7' ],
104 silly audit   '@radix-ui/react-presence': [ '1.1.5' ],
104 silly audit   '@radix-ui/react-primitive': [ '2.1.3' ],
104 silly audit   '@radix-ui/react-roving-focus': [ '1.1.11' ],
104 silly audit   '@radix-ui/react-tabs': [ '1.1.13' ],
104 silly audit   'expo-server': [ '1.0.5' ],
104 silly audit   'expo-speech': [ '14.0.8' ],
104 silly audit   'expo-status-bar': [ '3.0.9' ],
104 silly audit   '@expo/cli': [ '54.0.23' ],
104 silly audit   '@expo/prebuild-config': [ '54.0.8', '55.0.12' ],
104 silly audit   '@expo/metro-config': [ '54.0.14' ],
104 silly audit   'babel-preset-expo': [ '54.0.10' ],
104 silly audit   'expo-asset': [ '12.0.12' ],
104 silly audit   'expo-file-system': [ '19.0.21' ],
104 silly audit   'expo-keep-awake': [ '15.0.8' ],
104 silly audit   picomatch: [ '3.0.2', '2.3.2', '4.0.4' ],
104 silly audit   'exponential-backoff': [ '3.1.3' ],
104 silly audit   'fast-deep-equal': [ '3.1.3' ],
104 silly audit   'fast-json-stable-stringify': [ '2.1.0' ],
104 silly audit   'fb-watchman': [ '2.0.2' ],
104 silly audit   'fill-range': [ '7.1.1' ],
104 silly audit   'filter-obj': [ '1.1.0' ],
104 silly audit   finalhandler: [ '1.1.2' ],
104 silly audit   'find-up': [ '4.1.0' ],
104 silly audit   'flow-enums-runtime': [ '0.0.6' ],
104 silly audit   fontfaceobserver: [ '2.3.0' ],
104 silly audit   'freeport-async': [ '2.0.0' ],
104 silly audit   fresh: [ '0.5.2' ],
104 silly audit   'fs.realpath': [ '1.0.0' ],
104 silly audit   fsevents: [ '2.3.3' ],
104 silly audit   'function-bind': [ '1.1.2' ],
104 silly audit   gensync: [ '1.0.0-beta.2' ],
104 silly audit   'get-caller-file': [ '2.0.5' ],
104 silly audit   'get-nonce': [ '1.0.1' ],
104 silly audit   'get-package-type': [ '0.1.0' ],
104 silly audit   getenv: [ '2.0.0' ],
104 silly audit   'graceful-fs': [ '4.2.11' ],
104 silly audit   hasown: [ '2.0.2' ],
104 silly audit   'hosted-git-info': [ '7.0.2' ],
104 silly audit   'lru-cache': [ '10.4.3', '5.1.1', '11.2.7' ],
104 silly audit   'http-errors': [ '2.0.1' ],
104 silly audit   statuses: [ '2.0.2', '1.5.0' ],
104 silly audit   'https-proxy-agent': [ '7.0.6' ],
104 silly audit   ieee754: [ '1.2.1' ],
104 silly audit   ignore: [ '5.3.2' ],
104 silly audit   'image-size': [ '1.2.1' ],
104 silly audit   imurmurhash: [ '0.1.4' ],
104 silly audit   inflight: [ '1.0.6' ],
104 silly audit   inherits: [ '2.0.4' ],
104 silly audit   ini: [ '1.3.8' ],
104 silly audit   invariant: [ '2.2.4' ],
104 silly audit   'is-arrayish': [ '0.3.4' ],
104 silly audit   'is-core-module': [ '2.16.1' ],
104 silly audit   'is-docker': [ '2.2.1' ],
104 silly audit   'is-fullwidth-code-point': [ '3.0.0' ],
104 silly audit   'is-number': [ '7.0.0' ],
104 silly audit   'is-wsl': [ '2.2.0' ],
104 silly audit   isexe: [ '2.0.0' ],
104 silly audit   'istanbul-lib-coverage': [ '3.2.2' ],
104 silly audit   'istanbul-lib-instrument': [ '5.2.1' ],
104 silly audit   'jest-environment-node': [ '29.7.0' ],
104 silly audit   'jest-get-type': [ '29.6.3' ],
104 silly audit   'jest-haste-map': [ '29.7.0' ],
104 silly audit   'jest-message-util': [ '29.7.0' ],
104 silly audit   'jest-mock': [ '29.7.0' ],
104 silly audit   'jest-regex-util': [ '29.6.3' ],
104 silly audit   'jest-util': [ '29.7.0' ],
104 silly audit   'jest-validate': [ '29.7.0' ],
104 silly audit   'jest-worker': [ '29.7.0' ],
104 silly audit   'jimp-compact': [ '0.16.1' ],
104 silly audit   'js-tokens': [ '4.0.0' ],
104 silly audit   'jsc-safe-url': [ '0.2.4' ],
104 silly audit   jsesc: [ '3.1.0' ],
104 silly audit   json5: [ '2.2.3' ],
104 silly audit   kleur: [ '3.0.3' ],
104 silly audit   'lan-network': [ '0.1.7' ],
104 silly audit   leven: [ '3.1.0' ],
104 silly audit   'lighthouse-logger': [ '1.4.2' ],
104 silly audit   lightningcss: [ '1.32.0' ],
104 silly audit   'lightningcss-android-arm64': [ '1.32.0' ],
104 silly audit   'lightningcss-darwin-arm64': [ '1.32.0' ],
104 silly audit   'lightningcss-darwin-x64': [ '1.32.0' ],
104 silly audit   'lightningcss-freebsd-x64': [ '1.32.0' ],
104 silly audit   'lightningcss-linux-arm-gnueabihf': [ '1.32.0' ],
104 silly audit   'lightningcss-linux-arm64-gnu': [ '1.32.0' ],
104 silly audit   'lightningcss-linux-arm64-musl': [ '1.32.0' ],
104 silly audit   'lightningcss-linux-x64-gnu': [ '1.32.0' ],
104 silly audit   'lightningcss-linux-x64-musl': [ '1.32.0' ],
104 silly audit   'lightningcss-win32-arm64-msvc': [ '1.32.0' ],
104 silly audit   'lightningcss-win32-x64-msvc': [ '1.32.0' ],
104 silly audit   'lines-and-columns': [ '1.2.4' ],
104 silly audit   'locate-path': [ '5.0.0' ],
104 silly audit   'lodash.debounce': [ '4.0.8' ],
104 silly audit   'lodash.throttle': [ '4.1.1' ],
104 silly audit   'log-symbols': [ '2.2.0' ],
104 silly audit   'loose-envify': [ '1.4.0' ],
104 silly audit   'lucide-react-native': [ '1.7.0' ],
104 silly audit   makeerror: [ '1.0.12' ],
104 silly audit   marky: [ '1.3.0' ],
104 silly audit   'memoize-one': [ '5.2.1' ],
104 silly audit   'merge-stream': [ '2.0.0' ],
104 silly audit   metro: [ '0.83.3' ],
104 silly audit   'metro-babel-transformer': [ '0.83.3' ],
104 silly audit   'metro-cache': [ '0.83.3' ],
104 silly audit   'metro-cache-key': [ '0.83.3' ],
104 silly audit   'metro-config': [ '0.83.3' ],
104 silly audit   'metro-core': [ '0.83.3' ],
104 silly audit   'metro-file-map': [ '0.83.3' ],
104 silly audit   'metro-minify-terser': [ '0.83.3' ],
104 silly audit   'metro-resolver': [ '0.83.3' ],
104 silly audit   'metro-runtime': [ '0.83.3' ],
104 silly audit   'metro-source-map': [ '0.83.3' ],
104 silly audit   'metro-symbolicate': [ '0.83.3' ],
104 silly audit   'metro-transform-plugins': [ '0.83.3' ],
104 silly audit   'metro-transform-worker': [ '0.83.3' ],
104 silly audit   micromatch: [ '4.0.8' ],
104 silly audit   mime: [ '1.6.0' ],
104 silly audit   'mime-db': [ '1.52.0' ],
104 silly audit   'mime-types': [ '2.1.35' ],
104 silly audit   'mimic-fn': [ '1.2.0' ],
104 silly audit   minimist: [ '1.2.8' ],
104 silly audit   minipass: [ '7.1.3' ],
104 silly audit   minizlib: [ '3.1.0' ],
104 silly audit   mkdirp: [ '1.0.4' ],
104 silly audit   mz: [ '2.7.0' ],
104 silly audit   nanoid: [ '3.3.11' ],
104 silly audit   'nested-error-stacks': [ '2.0.1' ],
104 silly audit   'node-forge': [ '1.4.0' ],
104 silly audit   'node-int64': [ '0.4.0' ],
104 silly audit   'node-releases': [ '2.0.37' ],
104 silly audit   'normalize-path': [ '3.0.0' ],
104 silly audit   'npm-package-arg': [ '11.0.3' ],
104 silly audit   nullthrows: [ '1.1.1' ],
104 silly audit   ob1: [ '0.83.3' ],
104 silly audit   'object-assign': [ '4.1.1' ],
104 silly audit   'on-finished': [ '2.3.0', '2.4.1' ],
104 silly audit   'on-headers': [ '1.1.0' ],
104 silly audit   once: [ '1.4.0' ],
104 silly audit   onetime: [ '2.0.1' ],
104 silly audit   ora: [ '3.4.0' ],
104 silly audit   'strip-ansi': [ '5.2.0', '6.0.1' ],
104 silly audit   'p-limit': [ '3.1.0', '2.3.0' ],
104 silly audit   'p-locate': [ '4.1.0' ],
104 silly audit   'p-try': [ '2.2.0' ],
104 silly audit   'parse-png': [ '2.1.0' ],
104 silly audit   parseurl: [ '1.3.3' ],
104 silly audit   'path-exists': [ '4.0.0' ],
104 silly audit   'path-is-absolute': [ '1.0.1' ],
104 silly audit   'path-key': [ '3.1.1' ],
104 silly audit   'path-parse': [ '1.0.7' ],
104 silly audit   'path-scurry': [ '2.0.2' ],
104 silly audit   picocolors: [ '1.1.1' ],
104 silly audit   pirates: [ '4.0.7' ],
104 silly audit   plist: [ '3.1.0' ],
104 silly audit   pngjs: [ '3.4.0' ],
104 silly audit   postcss: [ '8.4.49' ],
104 silly audit   'pretty-bytes': [ '5.6.0' ],
104 silly audit   'pretty-format': [ '29.7.0' ],
104 silly audit   'proc-log': [ '4.2.0' ],
104 silly audit   progress: [ '2.0.3' ],
104 silly audit   promise: [ '8.3.0' ],
104 silly audit   prompts: [ '2.4.2' ],
104 silly audit   punycode: [ '2.3.1' ],
104 silly audit   'qrcode-terminal': [ '0.11.0' ],
104 silly audit   'query-string': [ '7.1.3' ],
104 silly audit   queue: [ '6.0.2' ],
104 silly audit   'range-parser': [ '1.2.1' ],
104 silly audit   rc: [ '1.2.8' ],
104 silly audit   react: [ '19.1.0' ],
104 silly audit   'react-devtools-core': [ '6.1.5' ],
104 silly audit   scheduler: [ '0.26.0' ],
104 silly audit   'react-fast-compare': [ '3.2.2' ],
104 silly audit   'react-freeze': [ '1.0.4' ],
104 silly audit   'react-native': [ '0.81.5' ],
104 silly audit   'react-native-is-edge-to-edge': [ '1.3.1' ],
104 silly audit   'react-native-safe-area-context': [ '5.6.2' ],
104 silly audit   'react-native-screens': [ '4.16.0' ],
104 silly audit   '@react-native/virtualized-lists': [ '0.81.5' ],
104 silly audit   'react-refresh': [ '0.14.2' ],
104 silly audit   'react-remove-scroll': [ '2.7.2' ],
104 silly audit   'react-remove-scroll-bar': [ '2.3.8' ],
104 silly audit   'react-style-singleton': [ '2.2.3' ],
104 silly audit   regenerate: [ '1.4.2' ],
104 silly audit   'regenerate-unicode-properties': [ '10.2.2' ],
104 silly audit   'regenerator-runtime': [ '0.13.11' ],
104 silly audit   'regexpu-core': [ '6.4.0' ],
104 silly audit   regjsgen: [ '0.8.0' ],
104 silly audit   regjsparser: [ '0.13.0' ],
104 silly audit   'require-directory': [ '2.1.1' ],
104 silly audit   'require-from-string': [ '2.0.2' ],
104 silly audit   requireg: [ '0.2.2' ],
104 silly audit   resolve: [ '1.7.1', '1.22.11' ],
104 silly audit   'resolve-from': [ '5.0.0' ],
104 silly audit   'resolve-workspace-root': [ '2.0.1' ],
104 silly audit   'resolve.exports': [ '2.0.3' ],
104 silly audit   'restore-cursor': [ '2.0.0' ],
104 silly audit   rimraf: [ '3.0.2' ],
104 silly audit   'safe-buffer': [ '5.2.1' ],
104 silly audit   sax: [ '1.6.0' ],
104 silly audit   send: [ '0.19.2' ],
104 silly audit   'serialize-error': [ '2.1.0' ],
104 silly audit   'serve-static': [ '1.16.3' ],
104 silly audit   'server-only': [ '0.0.1' ],
104 silly audit   setprototypeof: [ '1.2.0' ],
104 silly audit   'sf-symbols-typescript': [ '2.2.0' ],
104 silly audit   shallowequal: [ '1.1.0' ],
104 silly audit   'shebang-command': [ '2.0.0' ],
104 silly audit   'shebang-regex': [ '3.0.0' ],
104 silly audit   'shell-quote': [ '1.8.3' ],
104 silly audit   'signal-exit': [ '3.0.7' ],
104 silly audit   'simple-plist': [ '1.3.1' ],
104 silly audit   'simple-swizzle': [ '0.2.4' ],
104 silly audit   sisteransi: [ '1.0.5' ],
104 silly audit   slash: [ '3.0.0' ],
104 silly audit   slugify: [ '1.6.9' ],
104 silly audit   'source-map-js': [ '1.2.1' ],
104 silly audit   'source-map-support': [ '0.5.21' ],
104 silly audit   'split-on-first': [ '1.1.0' ],
104 silly audit   'sprintf-js': [ '1.0.3' ],
104 silly audit   'stack-utils': [ '2.0.6' ],
104 silly audit   stackframe: [ '1.3.4' ],
104 silly audit   'stacktrace-parser': [ '0.1.11' ],
104 silly audit   'stream-buffers': [ '2.2.0' ],
104 silly audit   'strict-uri-encode': [ '2.0.0' ],
104 silly audit   'string-width': [ '4.2.3' ],
104 silly audit   'strip-json-comments': [ '2.0.1' ],
104 silly audit   'structured-headers': [ '0.4.1' ],
104 silly audit   sucrase: [ '3.35.1' ],
104 silly audit   'supports-hyperlinks': [ '2.3.0' ],
104 silly audit   'supports-preserve-symlinks-flag': [ '1.0.0' ],
104 silly audit   tar: [ '7.5.13' ],
104 silly audit   yallist: [ '5.0.0', '3.1.1' ],
104 silly audit   'terminal-link': [ '2.1.1' ],
104 silly audit   terser: [ '5.46.1' ],
104 silly audit   'test-exclude': [ '6.0.0' ],
104 silly audit   thenify: [ '3.3.1' ],
104 silly audit   'thenify-all': [ '1.6.0' ],
104 silly audit   throat: [ '5.0.0' ],
104 silly audit   tinyglobby: [ '0.2.15' ],
104 silly audit   fdir: [ '6.5.0' ],
104 silly audit   tmpl: [ '1.0.5' ],
104 silly audit   'to-regex-range': [ '5.0.1' ],
104 silly audit   toidentifier: [ '1.0.1' ],
104 silly audit   'ts-interface-checker': [ '0.1.13' ],
104 silly audit   tslib: [ '2.8.1' ],
104 silly audit   'type-detect': [ '4.0.8' ],
104 silly audit   typescript: [ '5.9.3' ],
104 silly audit   undici: [ '6.24.1' ],
104 silly audit   'undici-types': [ '7.18.2' ],
104 silly audit   'unicode-canonical-property-names-ecmascript': [ '2.0.1' ],
104 silly audit   'unicode-match-property-ecmascript': [ '2.0.0' ],
104 silly audit   'unicode-match-property-value-ecmascript': [ '2.2.1' ],
104 silly audit   'unicode-property-aliases-ecmascript': [ '2.2.0' ],
104 silly audit   unpipe: [ '1.0.0' ],
104 silly audit   'update-browserslist-db': [ '1.2.3' ],
104 silly audit   'use-callback-ref': [ '1.3.3' ],
104 silly audit   'use-latest-callback': [ '0.2.6' ],
104 silly audit   'use-sidecar': [ '1.1.3' ],
104 silly audit   'use-sync-external-store': [ '1.6.0' ],
104 silly audit   'utils-merge': [ '1.0.1' ],
104 silly audit   uuid: [ '7.0.3' ],
104 silly audit   'validate-npm-package-name': [ '5.0.1' ],
104 silly audit   vary: [ '1.1.2' ],
104 silly audit   vaul: [ '1.1.2' ],
104 silly audit   '@radix-ui/react-dialog': [ '1.1.15' ],
104 silly audit   '@radix-ui/react-dismissable-layer': [ '1.1.11' ],
104 silly audit   '@radix-ui/react-focus-scope': [ '1.1.7' ],
104 silly audit   '@radix-ui/react-portal': [ '1.1.9' ],
104 silly audit   vlq: [ '1.0.1' ],
104 silly audit   walker: [ '1.0.8' ],
104 silly audit   'warn-once': [ '0.1.1' ],
104 silly audit   wcwidth: [ '1.0.1' ],
104 silly audit   'webidl-conversions': [ '5.0.0' ],
104 silly audit   'whatwg-fetch': [ '3.6.20' ],
104 silly audit   'whatwg-url-without-unicode': [ '8.0.0-3' ],
104 silly audit   which: [ '2.0.2' ],
104 silly audit   wonka: [ '6.3.6' ],
104 silly audit   'wrap-ansi': [ '7.0.0' ],
104 silly audit   wrappy: [ '1.0.2' ],
104 silly audit   'write-file-atomic': [ '4.0.2' ],
104 silly audit   xcode: [ '3.0.1' ],
104 silly audit   xml2js: [ '0.6.0' ],
104 silly audit   xmlbuilder: [ '11.0.1', '15.1.1' ],
104 silly audit   y18n: [ '5.0.8' ],
104 silly audit   yaml: [ '2.8.3' ],
104 silly audit   yargs: [ '17.7.2' ],
104 silly audit   'yargs-parser': [ '21.1.1' ],
104 silly audit   'yocto-queue': [ '0.1.0' ],
104 silly audit   'expo-splash-screen': [ '55.0.15' ],
104 silly audit   '@expo/require-utils': [ '55.0.3' ]
104 silly audit }
105 verbose reify failed optional dependency /Users/cansle/Documents/AntigravityProjects/WordChallenge/native/node_modules/lightningcss-win32-x64-msvc
106 silly reify mark deleted [
106 silly reify   '/Users/cansle/Documents/AntigravityProjects/WordChallenge/native/node_modules/lightningcss-win32-x64-msvc'
106 silly reify ]
107 verbose reify failed optional dependency /Users/cansle/Documents/AntigravityProjects/WordChallenge/native/node_modules/lightningcss-win32-arm64-msvc
108 silly reify mark deleted [
108 silly reify   '/Users/cansle/Documents/AntigravityProjects/WordChallenge/native/node_modules/lightningcss-win32-arm64-msvc'
108 silly reify ]
109 verbose reify failed optional dependency /Users/cansle/Documents/AntigravityProjects/WordChallenge/native/node_modules/lightningcss-linux-x64-musl
110 silly reify mark deleted [
110 silly reify   '/Users/cansle/Documents/AntigravityProjects/WordChallenge/native/node_modules/lightningcss-linux-x64-musl'
110 silly reify ]
111 verbose reify failed optional dependency /Users/cansle/Documents/AntigravityProjects/WordChallenge/native/node_modules/lightningcss-linux-x64-gnu
112 silly reify mark deleted [
112 silly reify   '/Users/cansle/Documents/AntigravityProjects/WordChallenge/native/node_modules/lightningcss-linux-x64-gnu'
112 silly reify ]
113 verbose reify failed optional dependency /Users/cansle/Documents/AntigravityProjects/WordChallenge/native/node_modules/lightningcss-linux-arm64-musl
114 silly reify mark deleted [
114 silly reify   '/Users/cansle/Documents/AntigravityProjects/WordChallenge/native/node_modules/lightningcss-linux-arm64-musl'
114 silly reify ]
115 verbose reify failed optional dependency /Users/cansle/Documents/AntigravityProjects/WordChallenge/native/node_modules/lightningcss-linux-arm64-gnu
116 silly reify mark deleted [
116 silly reify   '/Users/cansle/Documents/AntigravityProjects/WordChallenge/native/node_modules/lightningcss-linux-arm64-gnu'
116 silly reify ]
117 verbose reify failed optional dependency /Users/cansle/Documents/AntigravityProjects/WordChallenge/native/node_modules/lightningcss-linux-arm-gnueabihf
118 silly reify mark deleted [
118 silly reify   '/Users/cansle/Documents/AntigravityProjects/WordChallenge/native/node_modules/lightningcss-linux-arm-gnueabihf'
118 silly reify ]
119 verbose reify failed optional dependency /Users/cansle/Documents/AntigravityProjects/WordChallenge/native/node_modules/lightningcss-freebsd-x64
120 silly reify mark deleted [
120 silly reify   '/Users/cansle/Documents/AntigravityProjects/WordChallenge/native/node_modules/lightningcss-freebsd-x64'
120 silly reify ]
121 verbose reify failed optional dependency /Users/cansle/Documents/AntigravityProjects/WordChallenge/native/node_modules/lightningcss-darwin-x64
122 silly reify mark deleted [
122 silly reify   '/Users/cansle/Documents/AntigravityProjects/WordChallenge/native/node_modules/lightningcss-darwin-x64'
122 silly reify ]
123 verbose reify failed optional dependency /Users/cansle/Documents/AntigravityProjects/WordChallenge/native/node_modules/lightningcss-android-arm64
124 silly reify mark deleted [
124 silly reify   '/Users/cansle/Documents/AntigravityProjects/WordChallenge/native/node_modules/lightningcss-android-arm64'
124 silly reify ]
125 http cache @expo/require-utils@https://registry.npmjs.org/@expo/require-utils/-/require-utils-55.0.3.tgz 0ms (cache hit)
126 http cache @expo/prebuild-config@https://registry.npmjs.org/@expo/prebuild-config/-/prebuild-config-55.0.12.tgz 0ms (cache hit)
127 http cache expo-splash-screen@https://registry.npmjs.org/expo-splash-screen/-/expo-splash-screen-55.0.15.tgz 0ms (cache hit)
128 http cache color-name@https://registry.npmjs.org/color-name/-/color-name-1.1.4.tgz 0ms (cache hit)
129 http cache @babel/code-frame@https://registry.npmjs.org/@babel/code-frame/-/code-frame-7.29.0.tgz 0ms (cache hit)
130 http cache color-convert@https://registry.npmjs.org/color-convert/-/color-convert-2.0.1.tgz 0ms (cache hit)
131 http cache supports-color@https://registry.npmjs.org/supports-color/-/supports-color-7.2.0.tgz 0ms (cache hit)
132 http cache has-flag@https://registry.npmjs.org/has-flag/-/has-flag-4.0.0.tgz 0ms (cache hit)
133 http cache ansi-styles@https://registry.npmjs.org/ansi-styles/-/ansi-styles-4.3.0.tgz 0ms (cache hit)
134 http cache @expo/plist@https://registry.npmjs.org/@expo/plist/-/plist-0.5.2.tgz 0ms (cache hit)
135 http cache chalk@https://registry.npmjs.org/chalk/-/chalk-4.1.2.tgz 0ms (cache hit)
136 http cache @react-native/normalize-colors@https://registry.npmjs.org/@react-native/normalize-colors/-/normalize-colors-0.83.4.tgz 0ms (cache hit)
137 http cache @expo/config-types@https://registry.npmjs.org/@expo/config-types/-/config-types-55.0.5.tgz 0ms (cache hit)
138 http cache @expo/config-plugins@https://registry.npmjs.org/@expo/config-plugins/-/config-plugins-55.0.7.tgz 0ms (cache hit)
139 http cache @expo/config@https://registry.npmjs.org/@expo/config/-/config-55.0.12.tgz 0ms (cache hit)
140 silly tarball no local data for @expo/require-utils@https://registry.npmjs.org/@expo/require-utils/-/require-utils-55.0.3.tgz. Extracting by manifest.
141 silly tarball no local data for @expo/prebuild-config@https://registry.npmjs.org/@expo/prebuild-config/-/prebuild-config-55.0.12.tgz. Extracting by manifest.
142 silly tarball no local data for expo-splash-screen@https://registry.npmjs.org/expo-splash-screen/-/expo-splash-screen-55.0.15.tgz. Extracting by manifest.
143 silly tarball no local data for supports-color@https://registry.npmjs.org/supports-color/-/supports-color-7.2.0.tgz. Extracting by manifest.
144 silly tarball no local data for has-flag@https://registry.npmjs.org/has-flag/-/has-flag-4.0.0.tgz. Extracting by manifest.
145 silly tarball no local data for ansi-styles@https://registry.npmjs.org/ansi-styles/-/ansi-styles-4.3.0.tgz. Extracting by manifest.
146 silly tarball no local data for @expo/plist@https://registry.npmjs.org/@expo/plist/-/plist-0.5.2.tgz. Extracting by manifest.
147 silly tarball no local data for chalk@https://registry.npmjs.org/chalk/-/chalk-4.1.2.tgz. Extracting by manifest.
148 silly tarball no local data for @react-native/normalize-colors@https://registry.npmjs.org/@react-native/normalize-colors/-/normalize-colors-0.83.4.tgz. Extracting by manifest.
149 silly tarball no local data for @expo/config-types@https://registry.npmjs.org/@expo/config-types/-/config-types-55.0.5.tgz. Extracting by manifest.
150 silly tarball no local data for @expo/config-plugins@https://registry.npmjs.org/@expo/config-plugins/-/config-plugins-55.0.7.tgz. Extracting by manifest.
151 silly tarball no local data for @expo/config@https://registry.npmjs.org/@expo/config/-/config-55.0.12.tgz. Extracting by manifest.
152 http fetch GET 200 https://registry.npmjs.org/expo-splash-screen/-/expo-splash-screen-55.0.15.tgz 53ms (cache miss)
153 http fetch GET 200 https://registry.npmjs.org/supports-color/-/supports-color-7.2.0.tgz 89ms (cache miss)
154 http fetch GET 200 https://registry.npmjs.org/chalk/-/chalk-4.1.2.tgz 89ms (cache miss)
155 http fetch GET 200 https://registry.npmjs.org/ansi-styles/-/ansi-styles-4.3.0.tgz 96ms (cache miss)
156 http fetch GET 200 https://registry.npmjs.org/@expo/config-types/-/config-types-55.0.5.tgz 96ms (cache miss)
157 http fetch GET 200 https://registry.npmjs.org/@expo/plist/-/plist-0.5.2.tgz 98ms (cache miss)
158 http fetch GET 200 https://registry.npmjs.org/@expo/config/-/config-55.0.12.tgz 124ms (cache miss)
159 http fetch GET 200 https://registry.npmjs.org/has-flag/-/has-flag-4.0.0.tgz 131ms (cache miss)
160 http fetch GET 200 https://registry.npmjs.org/@expo/config-plugins/-/config-plugins-55.0.7.tgz 164ms (cache miss)
161 http fetch POST 200 https://registry.npmjs.org/-/npm/v1/security/advisories/bulk 174ms
162 silly audit report {}
163 http fetch GET 200 https://registry.npmjs.org/@expo/require-utils/-/require-utils-55.0.3.tgz 224ms (cache miss)
164 http fetch GET 200 https://registry.npmjs.org/@expo/prebuild-config/-/prebuild-config-55.0.12.tgz 226ms (cache miss)
165 http fetch GET 200 https://registry.npmjs.org/@react-native/normalize-colors/-/normalize-colors-0.83.4.tgz 570ms (cache miss)
166 silly ADD node_modules/@expo/require-utils
167 silly ADD node_modules/@expo/require-utils/node_modules/@babel/code-frame
168 silly ADD node_modules/@expo/prebuild-config
169 silly ADD node_modules/@expo/prebuild-config/node_modules/has-flag
170 silly ADD node_modules/@expo/prebuild-config/node_modules/color-name
171 silly ADD node_modules/@expo/prebuild-config/node_modules/color-convert
172 silly ADD node_modules/@expo/prebuild-config/node_modules/supports-color
173 silly ADD node_modules/@expo/prebuild-config/node_modules/ansi-styles
174 silly ADD node_modules/@expo/prebuild-config/node_modules/chalk
175 silly ADD node_modules/@expo/prebuild-config/node_modules/@expo/plist
176 silly ADD node_modules/@expo/prebuild-config/node_modules/@react-native/normalize-colors
177 silly ADD node_modules/@expo/prebuild-config/node_modules/@expo/config-types
178 silly ADD node_modules/@expo/prebuild-config/node_modules/@expo/config-plugins
179 silly ADD node_modules/@expo/prebuild-config/node_modules/@expo/config
180 silly ADD node_modules/expo-splash-screen
181 silly ADD
182 silly ADD
183 silly ADD
184 silly ADD
185 silly ADD
186 silly ADD
187 silly ADD
188 silly ADD
189 silly ADD
190 silly ADD
191 silly REMOVE node_modules/react-native-svg
192 silly REMOVE node_modules/react-dom
193 silly REMOVE node_modules/react-dom/node_modules/scheduler
194 silly REMOVE node_modules/nth-check
195 silly REMOVE node_modules/mdn-data
196 silly REMOVE node_modules/expo-linking
197 silly REMOVE node_modules/entities
198 silly REMOVE node_modules/domutils
199 silly REMOVE node_modules/domhandler
200 silly REMOVE node_modules/domelementtype
201 silly REMOVE node_modules/dom-serializer
202 silly REMOVE node_modules/css-what
203 silly REMOVE node_modules/css-tree
204 silly REMOVE node_modules/css-tree/node_modules/source-map
205 silly REMOVE node_modules/css-select
206 silly REMOVE node_modules/boolbase
207 verbose cwd /Users/cansle/Documents/AntigravityProjects/WordChallenge/native
208 verbose os Darwin 24.6.0
209 verbose node v22.17.0
210 verbose npm  v10.9.2
211 verbose exit 0
212 info ok
