0 verbose cli /usr/local/bin/node /usr/local/bin/npm
1 info using npm@10.9.2
2 info using node@v22.17.0
3 silly config load:file:/usr/local/lib/node_modules/npm/npmrc
4 silly config load:file:/Users/cansle/Documents/AntigravityProjects/WordChallenge/.npmrc
5 silly config load:file:/Users/cansle/.npmrc
6 silly config load:file:/usr/local/etc/npmrc
7 verbose title npm install react-router-dom@6.26.2
8 verbose argv "install" "react-router-dom@6.26.2" "--cache" "./.npm-cache"
9 verbose logfile logs-max:10 dir:/Users/cansle/Documents/AntigravityProjects/WordChallenge/.npm-cache/_logs/2026-04-02T09_25_41_913Z-
10 verbose logfile /Users/cansle/Documents/AntigravityProjects/WordChallenge/.npm-cache/_logs/2026-04-02T09_25_41_913Z-debug-0.log
11 silly logfile done cleaning log files
12 silly packumentCache heap:4345298944 maxSize:1086324736 maxEntrySize:543162368
13 silly idealTree buildDeps
14 silly fetch manifest react-router-dom@6.26.2
15 silly packumentCache full:https://registry.npmjs.org/react-router-dom cache-miss
16 http cache https://registry.npmjs.org/react-router-dom 20ms (cache hit)
17 silly packumentCache full:https://registry.npmjs.org/react-router-dom set size:2819610 disposed:false
18 silly fetch manifest react@^18.3.1
19 silly packumentCache full:https://registry.npmjs.org/react cache-miss
20 http cache https://registry.npmjs.org/react 83ms (cache hit)
21 silly packumentCache full:https://registry.npmjs.org/react set size:6581055 disposed:false
22 silly fetch manifest react-dom@^18.3.1
23 silly packumentCache full:https://registry.npmjs.org/react-dom cache-miss
24 http cache https://registry.npmjs.org/react-dom 19ms (cache hit)
25 silly packumentCache full:https://registry.npmjs.org/react-dom set size:8749386 disposed:false
26 silly placeDep ROOT react-router-dom@6.26.2 REPLACE for: word-challenge@1.0.0 want: 6.26.2
27 silly fetch manifest react-router@6.26.2
28 silly packumentCache full:https://registry.npmjs.org/react-router cache-miss
29 silly fetch manifest @remix-run/router@1.19.2
30 silly packumentCache full:https://registry.npmjs.org/@remix-run%2frouter cache-miss
31 http cache https://registry.npmjs.org/@remix-run%2frouter 8ms (cache hit)
32 silly packumentCache full:https://registry.npmjs.org/@remix-run%2frouter set size:502004 disposed:false
33 http cache https://registry.npmjs.org/react-router 14ms (cache hit)
34 silly packumentCache full:https://registry.npmjs.org/react-router set size:3905245 disposed:false
35 silly fetch manifest react@>=16.8
36 silly packumentCache full:https://registry.npmjs.org/react cache-miss
37 http cache https://registry.npmjs.org/react 10ms (cache hit)
38 silly packumentCache full:https://registry.npmjs.org/react set size:6581055 disposed:false
39 silly placeDep ROOT @remix-run/router@1.19.2 OK for: react-router-dom@6.26.2 want: 1.19.2
40 silly placeDep ROOT react-router@6.26.2 OK for: react-router-dom@6.26.2 want: 6.26.2
41 silly reify mark retired [
41 silly reify   '/Users/cansle/Documents/AntigravityProjects/WordChallenge/node_modules/@remix-run/router'
41 silly reify ]
42 silly reify mark retired [
42 silly reify   '/Users/cansle/Documents/AntigravityProjects/WordChallenge/node_modules/react-router'
42 silly reify ]
43 silly reify mark retired [
43 silly reify   '/Users/cansle/Documents/AntigravityProjects/WordChallenge/node_modules/react-router-dom'
43 silly reify ]
44 silly reify moves {
44 silly reify   '/Users/cansle/Documents/AntigravityProjects/WordChallenge/node_modules/@remix-run/router': '/Users/cansle/Documents/AntigravityProjects/WordChallenge/node_modules/@remix-run/.router-yXHZPIg4',
44 silly reify   '/Users/cansle/Documents/AntigravityProjects/WordChallenge/node_modules/react-router': '/Users/cansle/Documents/AntigravityProjects/WordChallenge/node_modules/.react-router-xB5KSs56',
44 silly reify   '/Users/cansle/Documents/AntigravityProjects/WordChallenge/node_modules/react-router-dom': '/Users/cansle/Documents/AntigravityProjects/WordChallenge/node_modules/.react-router-dom-TKNK5ke6'
44 silly reify }
45 silly audit bulk request {
45 silly audit   '@babel/code-frame': [ '7.29.0' ],
45 silly audit   '@babel/compat-data': [ '7.29.0' ],
45 silly audit   '@babel/core': [ '7.29.0' ],
45 silly audit   '@babel/generator': [ '7.29.1' ],
45 silly audit   '@babel/helper-compilation-targets': [ '7.28.6' ],
45 silly audit   '@babel/helper-globals': [ '7.28.0' ],
45 silly audit   '@babel/helper-module-imports': [ '7.28.6' ],
45 silly audit   '@babel/helper-module-transforms': [ '7.28.6' ],
45 silly audit   '@babel/helper-plugin-utils': [ '7.28.6' ],
45 silly audit   '@babel/helper-string-parser': [ '7.27.1' ],
45 silly audit   '@babel/helper-validator-identifier': [ '7.28.5' ],
45 silly audit   '@babel/helper-validator-option': [ '7.27.1' ],
45 silly audit   '@babel/helpers': [ '7.29.2' ],
45 silly audit   '@babel/parser': [ '7.29.2' ],
45 silly audit   '@babel/plugin-transform-react-jsx-self': [ '7.27.1' ],
45 silly audit   '@babel/plugin-transform-react-jsx-source': [ '7.27.1' ],
45 silly audit   '@babel/template': [ '7.28.6' ],
45 silly audit   '@babel/traverse': [ '7.29.0' ],
45 silly audit   '@babel/types': [ '7.29.0' ],
45 silly audit   '@esbuild/aix-ppc64': [ '0.21.5' ],
45 silly audit   '@esbuild/android-arm': [ '0.21.5' ],
45 silly audit   '@esbuild/android-arm64': [ '0.21.5' ],
45 silly audit   '@esbuild/android-x64': [ '0.21.5' ],
45 silly audit   '@esbuild/darwin-arm64': [ '0.21.5' ],
45 silly audit   '@esbuild/darwin-x64': [ '0.21.5' ],
45 silly audit   '@esbuild/freebsd-arm64': [ '0.21.5' ],
45 silly audit   '@esbuild/freebsd-x64': [ '0.21.5' ],
45 silly audit   '@esbuild/linux-arm': [ '0.21.5' ],
45 silly audit   '@esbuild/linux-arm64': [ '0.21.5' ],
45 silly audit   '@esbuild/linux-ia32': [ '0.21.5' ],
45 silly audit   '@esbuild/linux-loong64': [ '0.21.5' ],
45 silly audit   '@esbuild/linux-mips64el': [ '0.21.5' ],
45 silly audit   '@esbuild/linux-ppc64': [ '0.21.5' ],
45 silly audit   '@esbuild/linux-riscv64': [ '0.21.5' ],
45 silly audit   '@esbuild/linux-s390x': [ '0.21.5' ],
45 silly audit   '@esbuild/linux-x64': [ '0.21.5' ],
45 silly audit   '@esbuild/netbsd-x64': [ '0.21.5' ],
45 silly audit   '@esbuild/openbsd-x64': [ '0.21.5' ],
45 silly audit   '@esbuild/sunos-x64': [ '0.21.5' ],
45 silly audit   '@esbuild/win32-arm64': [ '0.21.5' ],
45 silly audit   '@esbuild/win32-ia32': [ '0.21.5' ],
45 silly audit   '@esbuild/win32-x64': [ '0.21.5' ],
45 silly audit   '@jridgewell/gen-mapping': [ '0.3.13' ],
45 silly audit   '@jridgewell/remapping': [ '2.3.5' ],
45 silly audit   '@jridgewell/resolve-uri': [ '3.1.2' ],
45 silly audit   '@jridgewell/sourcemap-codec': [ '1.5.5' ],
45 silly audit   '@jridgewell/trace-mapping': [ '0.3.31' ],
45 silly audit   '@rolldown/pluginutils': [ '1.0.0-beta.27' ],
45 silly audit   '@rollup/rollup-android-arm-eabi': [ '4.60.1' ],
45 silly audit   '@rollup/rollup-android-arm64': [ '4.60.1' ],
45 silly audit   '@rollup/rollup-darwin-arm64': [ '4.60.1' ],
45 silly audit   '@rollup/rollup-darwin-x64': [ '4.60.1' ],
45 silly audit   '@rollup/rollup-freebsd-arm64': [ '4.60.1' ],
45 silly audit   '@rollup/rollup-freebsd-x64': [ '4.60.1' ],
45 silly audit   '@rollup/rollup-linux-arm-gnueabihf': [ '4.60.1' ],
45 silly audit   '@rollup/rollup-linux-arm-musleabihf': [ '4.60.1' ],
45 silly audit   '@rollup/rollup-linux-arm64-gnu': [ '4.60.1' ],
45 silly audit   '@rollup/rollup-linux-arm64-musl': [ '4.60.1' ],
45 silly audit   '@rollup/rollup-linux-loong64-gnu': [ '4.60.1' ],
45 silly audit   '@rollup/rollup-linux-loong64-musl': [ '4.60.1' ],
45 silly audit   '@rollup/rollup-linux-ppc64-gnu': [ '4.60.1' ],
45 silly audit   '@rollup/rollup-linux-ppc64-musl': [ '4.60.1' ],
45 silly audit   '@rollup/rollup-linux-riscv64-gnu': [ '4.60.1' ],
45 silly audit   '@rollup/rollup-linux-riscv64-musl': [ '4.60.1' ],
45 silly audit   '@rollup/rollup-linux-s390x-gnu': [ '4.60.1' ],
45 silly audit   '@rollup/rollup-linux-x64-gnu': [ '4.60.1' ],
45 silly audit   '@rollup/rollup-linux-x64-musl': [ '4.60.1' ],
45 silly audit   '@rollup/rollup-openbsd-x64': [ '4.60.1' ],
45 silly audit   '@rollup/rollup-openharmony-arm64': [ '4.60.1' ],
45 silly audit   '@rollup/rollup-win32-arm64-msvc': [ '4.60.1' ],
45 silly audit   '@rollup/rollup-win32-ia32-msvc': [ '4.60.1' ],
45 silly audit   '@rollup/rollup-win32-x64-gnu': [ '4.60.1' ],
45 silly audit   '@rollup/rollup-win32-x64-msvc': [ '4.60.1' ],
45 silly audit   '@types/babel__core': [ '7.20.5' ],
45 silly audit   '@types/babel__generator': [ '7.27.0' ],
45 silly audit   '@types/babel__template': [ '7.4.4' ],
45 silly audit   '@types/babel__traverse': [ '7.28.0' ],
45 silly audit   '@types/estree': [ '1.0.8' ],
45 silly audit   '@types/prop-types': [ '15.7.15' ],
45 silly audit   '@types/react': [ '18.3.28' ],
45 silly audit   '@types/react-dom': [ '18.3.7' ],
45 silly audit   '@vitejs/plugin-react': [ '4.7.0' ],
45 silly audit   'baseline-browser-mapping': [ '2.10.13' ],
45 silly audit   browserslist: [ '4.28.2' ],
45 silly audit   'caniuse-lite': [ '1.0.30001784' ],
45 silly audit   'convert-source-map': [ '2.0.0' ],
45 silly audit   csstype: [ '3.2.3' ],
45 silly audit   debug: [ '4.4.3' ],
45 silly audit   'electron-to-chromium': [ '1.5.331' ],
45 silly audit   esbuild: [ '0.21.5' ],
45 silly audit   escalade: [ '3.2.0' ],
45 silly audit   fsevents: [ '2.3.3' ],
45 silly audit   gensync: [ '1.0.0-beta.2' ],
45 silly audit   'js-tokens': [ '4.0.0' ],
45 silly audit   jsesc: [ '3.1.0' ],
45 silly audit   json5: [ '2.2.3' ],
45 silly audit   'loose-envify': [ '1.4.0' ],
45 silly audit   'lru-cache': [ '5.1.1' ],
45 silly audit   ms: [ '2.1.3' ],
45 silly audit   nanoid: [ '3.3.11' ],
45 silly audit   'node-releases': [ '2.0.37' ],
45 silly audit   picocolors: [ '1.1.1' ],
45 silly audit   postcss: [ '8.5.8' ],
45 silly audit   react: [ '18.3.1' ],
45 silly audit   'react-dom': [ '18.3.1' ],
45 silly audit   'react-refresh': [ '0.17.0' ],
45 silly audit   rollup: [ '4.60.1' ],
45 silly audit   scheduler: [ '0.23.2' ],
45 silly audit   semver: [ '6.3.1' ],
45 silly audit   'source-map-js': [ '1.2.1' ],
45 silly audit   'update-browserslist-db': [ '1.2.3' ],
45 silly audit   vite: [ '5.4.21' ],
45 silly audit   yallist: [ '3.1.1' ],
45 silly audit   'react-router-dom': [ '6.26.2' ],
45 silly audit   '@remix-run/router': [ '1.19.2' ],
45 silly audit   'react-router': [ '6.26.2' ]
45 silly audit }
46 verbose reify failed optional dependency /Users/cansle/Documents/AntigravityProjects/WordChallenge/node_modules/@rollup/rollup-win32-x64-msvc
47 silly reify mark deleted [
47 silly reify   '/Users/cansle/Documents/AntigravityProjects/WordChallenge/node_modules/@rollup/rollup-win32-x64-msvc'
47 silly reify ]
48 verbose reify failed optional dependency /Users/cansle/Documents/AntigravityProjects/WordChallenge/node_modules/@rollup/rollup-win32-x64-gnu
49 silly reify mark deleted [
49 silly reify   '/Users/cansle/Documents/AntigravityProjects/WordChallenge/node_modules/@rollup/rollup-win32-x64-gnu'
49 silly reify ]
50 verbose reify failed optional dependency /Users/cansle/Documents/AntigravityProjects/WordChallenge/node_modules/@rollup/rollup-win32-ia32-msvc
51 silly reify mark deleted [
51 silly reify   '/Users/cansle/Documents/AntigravityProjects/WordChallenge/node_modules/@rollup/rollup-win32-ia32-msvc'
51 silly reify ]
52 verbose reify failed optional dependency /Users/cansle/Documents/AntigravityProjects/WordChallenge/node_modules/@rollup/rollup-win32-arm64-msvc
53 silly reify mark deleted [
53 silly reify   '/Users/cansle/Documents/AntigravityProjects/WordChallenge/node_modules/@rollup/rollup-win32-arm64-msvc'
53 silly reify ]
54 verbose reify failed optional dependency /Users/cansle/Documents/AntigravityProjects/WordChallenge/node_modules/@rollup/rollup-openharmony-arm64
55 silly reify mark deleted [
55 silly reify   '/Users/cansle/Documents/AntigravityProjects/WordChallenge/node_modules/@rollup/rollup-openharmony-arm64'
55 silly reify ]
56 verbose reify failed optional dependency /Users/cansle/Documents/AntigravityProjects/WordChallenge/node_modules/@rollup/rollup-openbsd-x64
57 silly reify mark deleted [
57 silly reify   '/Users/cansle/Documents/AntigravityProjects/WordChallenge/node_modules/@rollup/rollup-openbsd-x64'
57 silly reify ]
58 verbose reify failed optional dependency /Users/cansle/Documents/AntigravityProjects/WordChallenge/node_modules/@rollup/rollup-linux-x64-musl
59 silly reify mark deleted [
59 silly reify   '/Users/cansle/Documents/AntigravityProjects/WordChallenge/node_modules/@rollup/rollup-linux-x64-musl'
59 silly reify ]
60 verbose reify failed optional dependency /Users/cansle/Documents/AntigravityProjects/WordChallenge/node_modules/@rollup/rollup-linux-x64-gnu
61 silly reify mark deleted [
61 silly reify   '/Users/cansle/Documents/AntigravityProjects/WordChallenge/node_modules/@rollup/rollup-linux-x64-gnu'
61 silly reify ]
62 verbose reify failed optional dependency /Users/cansle/Documents/AntigravityProjects/WordChallenge/node_modules/@rollup/rollup-linux-s390x-gnu
63 silly reify mark deleted [
63 silly reify   '/Users/cansle/Documents/AntigravityProjects/WordChallenge/node_modules/@rollup/rollup-linux-s390x-gnu'
63 silly reify ]
64 verbose reify failed optional dependency /Users/cansle/Documents/AntigravityProjects/WordChallenge/node_modules/@rollup/rollup-linux-riscv64-musl
65 silly reify mark deleted [
65 silly reify   '/Users/cansle/Documents/AntigravityProjects/WordChallenge/node_modules/@rollup/rollup-linux-riscv64-musl'
65 silly reify ]
66 verbose reify failed optional dependency /Users/cansle/Documents/AntigravityProjects/WordChallenge/node_modules/@rollup/rollup-linux-riscv64-gnu
67 silly reify mark deleted [
67 silly reify   '/Users/cansle/Documents/AntigravityProjects/WordChallenge/node_modules/@rollup/rollup-linux-riscv64-gnu'
67 silly reify ]
68 verbose reify failed optional dependency /Users/cansle/Documents/AntigravityProjects/WordChallenge/node_modules/@rollup/rollup-linux-ppc64-musl
69 silly reify mark deleted [
69 silly reify   '/Users/cansle/Documents/AntigravityProjects/WordChallenge/node_modules/@rollup/rollup-linux-ppc64-musl'
69 silly reify ]
70 verbose reify failed optional dependency /Users/cansle/Documents/AntigravityProjects/WordChallenge/node_modules/@rollup/rollup-linux-ppc64-gnu
71 silly reify mark deleted [
71 silly reify   '/Users/cansle/Documents/AntigravityProjects/WordChallenge/node_modules/@rollup/rollup-linux-ppc64-gnu'
71 silly reify ]
72 verbose reify failed optional dependency /Users/cansle/Documents/AntigravityProjects/WordChallenge/node_modules/@rollup/rollup-linux-loong64-musl
73 silly reify mark deleted [
73 silly reify   '/Users/cansle/Documents/AntigravityProjects/WordChallenge/node_modules/@rollup/rollup-linux-loong64-musl'
73 silly reify ]
74 verbose reify failed optional dependency /Users/cansle/Documents/AntigravityProjects/WordChallenge/node_modules/@rollup/rollup-linux-loong64-gnu
75 silly reify mark deleted [
75 silly reify   '/Users/cansle/Documents/AntigravityProjects/WordChallenge/node_modules/@rollup/rollup-linux-loong64-gnu'
75 silly reify ]
76 verbose reify failed optional dependency /Users/cansle/Documents/AntigravityProjects/WordChallenge/node_modules/@rollup/rollup-linux-arm64-musl
77 silly reify mark deleted [
77 silly reify   '/Users/cansle/Documents/AntigravityProjects/WordChallenge/node_modules/@rollup/rollup-linux-arm64-musl'
77 silly reify ]
78 verbose reify failed optional dependency /Users/cansle/Documents/AntigravityProjects/WordChallenge/node_modules/@rollup/rollup-linux-arm64-gnu
79 silly reify mark deleted [
79 silly reify   '/Users/cansle/Documents/AntigravityProjects/WordChallenge/node_modules/@rollup/rollup-linux-arm64-gnu'
79 silly reify ]
80 verbose reify failed optional dependency /Users/cansle/Documents/AntigravityProjects/WordChallenge/node_modules/@rollup/rollup-linux-arm-musleabihf
81 silly reify mark deleted [
81 silly reify   '/Users/cansle/Documents/AntigravityProjects/WordChallenge/node_modules/@rollup/rollup-linux-arm-musleabihf'
81 silly reify ]
82 verbose reify failed optional dependency /Users/cansle/Documents/AntigravityProjects/WordChallenge/node_modules/@rollup/rollup-linux-arm-gnueabihf
83 silly reify mark deleted [
83 silly reify   '/Users/cansle/Documents/AntigravityProjects/WordChallenge/node_modules/@rollup/rollup-linux-arm-gnueabihf'
83 silly reify ]
84 verbose reify failed optional dependency /Users/cansle/Documents/AntigravityProjects/WordChallenge/node_modules/@rollup/rollup-freebsd-x64
85 silly reify mark deleted [
85 silly reify   '/Users/cansle/Documents/AntigravityProjects/WordChallenge/node_modules/@rollup/rollup-freebsd-x64'
85 silly reify ]
86 verbose reify failed optional dependency /Users/cansle/Documents/AntigravityProjects/WordChallenge/node_modules/@rollup/rollup-freebsd-arm64
87 silly reify mark deleted [
87 silly reify   '/Users/cansle/Documents/AntigravityProjects/WordChallenge/node_modules/@rollup/rollup-freebsd-arm64'
87 silly reify ]
88 verbose reify failed optional dependency /Users/cansle/Documents/AntigravityProjects/WordChallenge/node_modules/@rollup/rollup-darwin-x64
89 silly reify mark deleted [
89 silly reify   '/Users/cansle/Documents/AntigravityProjects/WordChallenge/node_modules/@rollup/rollup-darwin-x64'
89 silly reify ]
90 verbose reify failed optional dependency /Users/cansle/Documents/AntigravityProjects/WordChallenge/node_modules/@rollup/rollup-android-arm64
91 silly reify mark deleted [
91 silly reify   '/Users/cansle/Documents/AntigravityProjects/WordChallenge/node_modules/@rollup/rollup-android-arm64'
91 silly reify ]
92 verbose reify failed optional dependency /Users/cansle/Documents/AntigravityProjects/WordChallenge/node_modules/@rollup/rollup-android-arm-eabi
93 silly reify mark deleted [
93 silly reify   '/Users/cansle/Documents/AntigravityProjects/WordChallenge/node_modules/@rollup/rollup-android-arm-eabi'
93 silly reify ]
94 verbose reify failed optional dependency /Users/cansle/Documents/AntigravityProjects/WordChallenge/node_modules/@esbuild/win32-x64
95 silly reify mark deleted [
95 silly reify   '/Users/cansle/Documents/AntigravityProjects/WordChallenge/node_modules/@esbuild/win32-x64'
95 silly reify ]
96 verbose reify failed optional dependency /Users/cansle/Documents/AntigravityProjects/WordChallenge/node_modules/@esbuild/win32-ia32
97 silly reify mark deleted [
97 silly reify   '/Users/cansle/Documents/AntigravityProjects/WordChallenge/node_modules/@esbuild/win32-ia32'
97 silly reify ]
98 verbose reify failed optional dependency /Users/cansle/Documents/AntigravityProjects/WordChallenge/node_modules/@esbuild/win32-arm64
99 silly reify mark deleted [
99 silly reify   '/Users/cansle/Documents/AntigravityProjects/WordChallenge/node_modules/@esbuild/win32-arm64'
99 silly reify ]
100 verbose reify failed optional dependency /Users/cansle/Documents/AntigravityProjects/WordChallenge/node_modules/@esbuild/sunos-x64
101 silly reify mark deleted [
101 silly reify   '/Users/cansle/Documents/AntigravityProjects/WordChallenge/node_modules/@esbuild/sunos-x64'
101 silly reify ]
102 verbose reify failed optional dependency /Users/cansle/Documents/AntigravityProjects/WordChallenge/node_modules/@esbuild/openbsd-x64
103 silly reify mark deleted [
103 silly reify   '/Users/cansle/Documents/AntigravityProjects/WordChallenge/node_modules/@esbuild/openbsd-x64'
103 silly reify ]
104 verbose reify failed optional dependency /Users/cansle/Documents/AntigravityProjects/WordChallenge/node_modules/@esbuild/netbsd-x64
105 silly reify mark deleted [
105 silly reify   '/Users/cansle/Documents/AntigravityProjects/WordChallenge/node_modules/@esbuild/netbsd-x64'
105 silly reify ]
106 verbose reify failed optional dependency /Users/cansle/Documents/AntigravityProjects/WordChallenge/node_modules/@esbuild/linux-x64
107 silly reify mark deleted [
107 silly reify   '/Users/cansle/Documents/AntigravityProjects/WordChallenge/node_modules/@esbuild/linux-x64'
107 silly reify ]
108 verbose reify failed optional dependency /Users/cansle/Documents/AntigravityProjects/WordChallenge/node_modules/@esbuild/linux-s390x
109 silly reify mark deleted [
109 silly reify   '/Users/cansle/Documents/AntigravityProjects/WordChallenge/node_modules/@esbuild/linux-s390x'
109 silly reify ]
110 verbose reify failed optional dependency /Users/cansle/Documents/AntigravityProjects/WordChallenge/node_modules/@esbuild/linux-riscv64
111 silly reify mark deleted [
111 silly reify   '/Users/cansle/Documents/AntigravityProjects/WordChallenge/node_modules/@esbuild/linux-riscv64'
111 silly reify ]
112 verbose reify failed optional dependency /Users/cansle/Documents/AntigravityProjects/WordChallenge/node_modules/@esbuild/linux-ppc64
113 silly reify mark deleted [
113 silly reify   '/Users/cansle/Documents/AntigravityProjects/WordChallenge/node_modules/@esbuild/linux-ppc64'
113 silly reify ]
114 verbose reify failed optional dependency /Users/cansle/Documents/AntigravityProjects/WordChallenge/node_modules/@esbuild/linux-mips64el
115 silly reify mark deleted [
115 silly reify   '/Users/cansle/Documents/AntigravityProjects/WordChallenge/node_modules/@esbuild/linux-mips64el'
115 silly reify ]
116 verbose reify failed optional dependency /Users/cansle/Documents/AntigravityProjects/WordChallenge/node_modules/@esbuild/linux-loong64
117 silly reify mark deleted [
117 silly reify   '/Users/cansle/Documents/AntigravityProjects/WordChallenge/node_modules/@esbuild/linux-loong64'
117 silly reify ]
118 verbose reify failed optional dependency /Users/cansle/Documents/AntigravityProjects/WordChallenge/node_modules/@esbuild/linux-ia32
119 silly reify mark deleted [
119 silly reify   '/Users/cansle/Documents/AntigravityProjects/WordChallenge/node_modules/@esbuild/linux-ia32'
119 silly reify ]
120 verbose reify failed optional dependency /Users/cansle/Documents/AntigravityProjects/WordChallenge/node_modules/@esbuild/linux-arm64
121 silly reify mark deleted [
121 silly reify   '/Users/cansle/Documents/AntigravityProjects/WordChallenge/node_modules/@esbuild/linux-arm64'
121 silly reify ]
122 verbose reify failed optional dependency /Users/cansle/Documents/AntigravityProjects/WordChallenge/node_modules/@esbuild/linux-arm
123 silly reify mark deleted [
123 silly reify   '/Users/cansle/Documents/AntigravityProjects/WordChallenge/node_modules/@esbuild/linux-arm'
123 silly reify ]
124 verbose reify failed optional dependency /Users/cansle/Documents/AntigravityProjects/WordChallenge/node_modules/@esbuild/freebsd-x64
125 silly reify mark deleted [
125 silly reify   '/Users/cansle/Documents/AntigravityProjects/WordChallenge/node_modules/@esbuild/freebsd-x64'
125 silly reify ]
126 verbose reify failed optional dependency /Users/cansle/Documents/AntigravityProjects/WordChallenge/node_modules/@esbuild/freebsd-arm64
127 silly reify mark deleted [
127 silly reify   '/Users/cansle/Documents/AntigravityProjects/WordChallenge/node_modules/@esbuild/freebsd-arm64'
127 silly reify ]
128 verbose reify failed optional dependency /Users/cansle/Documents/AntigravityProjects/WordChallenge/node_modules/@esbuild/darwin-x64
129 silly reify mark deleted [
129 silly reify   '/Users/cansle/Documents/AntigravityProjects/WordChallenge/node_modules/@esbuild/darwin-x64'
129 silly reify ]
130 verbose reify failed optional dependency /Users/cansle/Documents/AntigravityProjects/WordChallenge/node_modules/@esbuild/android-x64
131 silly reify mark deleted [
131 silly reify   '/Users/cansle/Documents/AntigravityProjects/WordChallenge/node_modules/@esbuild/android-x64'
131 silly reify ]
132 verbose reify failed optional dependency /Users/cansle/Documents/AntigravityProjects/WordChallenge/node_modules/@esbuild/android-arm64
133 silly reify mark deleted [
133 silly reify   '/Users/cansle/Documents/AntigravityProjects/WordChallenge/node_modules/@esbuild/android-arm64'
133 silly reify ]
134 verbose reify failed optional dependency /Users/cansle/Documents/AntigravityProjects/WordChallenge/node_modules/@esbuild/android-arm
135 silly reify mark deleted [
135 silly reify   '/Users/cansle/Documents/AntigravityProjects/WordChallenge/node_modules/@esbuild/android-arm'
135 silly reify ]
136 verbose reify failed optional dependency /Users/cansle/Documents/AntigravityProjects/WordChallenge/node_modules/@esbuild/aix-ppc64
137 silly reify mark deleted [
137 silly reify   '/Users/cansle/Documents/AntigravityProjects/WordChallenge/node_modules/@esbuild/aix-ppc64'
137 silly reify ]
138 http cache fsevents@https://registry.npmjs.org/fsevents/-/fsevents-2.3.3.tgz 0ms (cache hit)
139 http cache react-router@https://registry.npmjs.org/react-router/-/react-router-6.26.2.tgz 0ms (cache hit)
140 http cache react-router-dom@https://registry.npmjs.org/react-router-dom/-/react-router-dom-6.26.2.tgz 0ms (cache hit)
141 http cache @remix-run/router@https://registry.npmjs.org/@remix-run/router/-/router-1.19.2.tgz 0ms (cache hit)
142 silly tarball no local data for react-router@https://registry.npmjs.org/react-router/-/react-router-6.26.2.tgz. Extracting by manifest.
143 silly tarball no local data for react-router-dom@https://registry.npmjs.org/react-router-dom/-/react-router-dom-6.26.2.tgz. Extracting by manifest.
144 silly tarball no local data for @remix-run/router@https://registry.npmjs.org/@remix-run/router/-/router-1.19.2.tgz. Extracting by manifest.
145 http fetch GET 200 https://registry.npmjs.org/react-router/-/react-router-6.26.2.tgz 120ms (cache miss)
146 http fetch GET 200 https://registry.npmjs.org/react-router-dom/-/react-router-dom-6.26.2.tgz 123ms (cache miss)
147 http fetch POST 200 https://registry.npmjs.org/-/npm/v1/security/advisories/bulk 269ms
148 silly audit report {
148 silly audit report   esbuild: [
148 silly audit report     {
148 silly audit report       id: 1102341,
148 silly audit report       url: 'https://github.com/advisories/GHSA-67mh-4wv8-2f99',
148 silly audit report       title: 'esbuild enables any website to send any requests to the development server and read the response',
148 silly audit report       severity: 'moderate',
148 silly audit report       vulnerable_versions: '<=0.24.2',
148 silly audit report       cwe: [Array],
148 silly audit report       cvss: [Object]
148 silly audit report     }
148 silly audit report   ],
148 silly audit report   '@remix-run/router': [
148 silly audit report     {
148 silly audit report       id: 1112052,
148 silly audit report       url: 'https://github.com/advisories/GHSA-2w69-qvjg-hvjx',
148 silly audit report       title: 'React Router vulnerable to XSS via Open Redirects',
148 silly audit report       severity: 'high',
148 silly audit report       vulnerable_versions: '<=1.23.1',
148 silly audit report       cwe: [Array],
148 silly audit report       cvss: [Object]
148 silly audit report     }
148 silly audit report   ],
148 silly audit report   'react-router': [
148 silly audit report     {
148 silly audit report       id: 1112057,
148 silly audit report       url: 'https://github.com/advisories/GHSA-9jcx-v3wj-wh4m',
148 silly audit report       title: 'React Router has unexpected external redirect via untrusted paths',
148 silly audit report       severity: 'moderate',
148 silly audit report       vulnerable_versions: '>=6.0.0 <6.30.2',
148 silly audit report       cwe: [Array],
148 silly audit report       cvss: [Object]
148 silly audit report     }
148 silly audit report   ]
148 silly audit report }
149 silly packumentCache corgi:https://registry.npmjs.org/esbuild cache-miss
150 silly packumentCache corgi:https://registry.npmjs.org/@remix-run%2frouter cache-miss
151 silly packumentCache corgi:https://registry.npmjs.org/react-router cache-miss
152 http cache https://registry.npmjs.org/esbuild 7ms (cache hit)
153 silly packumentCache corgi:https://registry.npmjs.org/esbuild set size:882549 disposed:false
154 http fetch GET 200 https://registry.npmjs.org/react-router 62ms (cache miss)
155 silly packumentCache corgi:https://registry.npmjs.org/react-router set size:undefined disposed:false
156 http fetch GET 200 https://registry.npmjs.org/@remix-run%2frouter 94ms (cache miss)
157 silly packumentCache corgi:https://registry.npmjs.org/@remix-run%2frouter set size:undefined disposed:false
158 silly packumentCache corgi:https://registry.npmjs.org/vite cache-miss
159 http cache https://registry.npmjs.org/vite 5ms (cache hit)
160 silly packumentCache corgi:https://registry.npmjs.org/vite set size:2208349 disposed:false
161 silly packumentCache corgi:https://registry.npmjs.org/react-router-dom cache-miss
162 http fetch GET 200 https://registry.npmjs.org/@remix-run/router/-/router-1.19.2.tgz 407ms (cache miss)
163 http fetch GET 200 https://registry.npmjs.org/react-router-dom 120ms (cache miss)
164 silly packumentCache corgi:https://registry.npmjs.org/react-router-dom set size:undefined disposed:false
165 silly packumentCache corgi:https://registry.npmjs.org/@vitejs%2fplugin-react cache-miss
166 http cache https://registry.npmjs.org/@vitejs%2fplugin-react 9ms (cache hit)
167 silly packumentCache corgi:https://registry.npmjs.org/@vitejs%2fplugin-react set size:112470 disposed:false
168 silly ADD node_modules/fsevents
169 silly ADD
170 silly ADD
171 silly ADD
172 silly ADD
173 silly ADD
174 silly ADD
175 silly ADD
176 silly ADD
177 silly ADD
178 silly ADD
179 silly ADD
180 silly ADD
181 silly ADD
182 silly ADD
183 silly ADD
184 silly ADD
185 silly ADD
186 silly ADD
187 silly ADD
188 silly ADD
189 silly ADD
190 silly ADD
191 silly ADD
192 silly ADD
193 silly ADD
194 silly ADD
195 silly ADD
196 silly ADD
197 silly ADD
198 silly ADD
199 silly ADD
200 silly ADD
201 silly ADD
202 silly ADD
203 silly ADD
204 silly ADD
205 silly ADD
206 silly ADD
207 silly ADD
208 silly ADD
209 silly ADD
210 silly ADD
211 silly ADD
212 silly ADD
213 silly ADD
214 silly ADD
215 silly CHANGE node_modules/react-router-dom
216 silly CHANGE node_modules/react-router
217 silly CHANGE node_modules/@remix-run/router
218 verbose cwd /Users/cansle/Documents/AntigravityProjects/WordChallenge
219 verbose os Darwin 24.6.0
220 verbose node v22.17.0
221 verbose npm  v10.9.2
222 verbose exit 0
223 info ok
