0 verbose cli /usr/local/bin/node /usr/local/bin/npm
1 info using npm@10.9.2
2 info using node@v22.17.0
3 silly config load:file:/usr/local/lib/node_modules/npm/npmrc
4 silly config load:file:/Users/cansle/Documents/AntigravityProjects/WordChallenge/native/.npmrc
5 silly config load:file:/Users/cansle/.npmrc
6 silly config load:file:/usr/local/etc/npmrc
7 verbose title npm install react-native-svg
8 verbose argv "install" "react-native-svg" "--cache" "../.npm-cache" "--save" "--legacy-peer-deps"
9 verbose logfile logs-max:10 dir:/Users/cansle/Documents/AntigravityProjects/WordChallenge/.npm-cache/_logs/2026-04-04T12_07_24_240Z-
10 verbose logfile /Users/cansle/Documents/AntigravityProjects/WordChallenge/.npm-cache/_logs/2026-04-04T12_07_24_240Z-debug-0.log
11 silly logfile done cleaning log files
12 silly packumentCache heap:4345298944 maxSize:1086324736 maxEntrySize:543162368
13 silly idealTree buildDeps
14 silly fetch manifest react-native-svg@*
15 silly packumentCache full:https://registry.npmjs.org/react-native-svg cache-miss
16 http fetch GET 200 https://registry.npmjs.org/react-native-svg 194ms (cache revalidated)
17 silly packumentCache full:https://registry.npmjs.org/react-native-svg set size:787577 disposed:false
18 silly placeDep ROOT react-native-svg@15.15.4 OK for: native@1.0.0 want: *
19 silly fetch manifest css-select@^5.1.0
20 silly packumentCache full:https://registry.npmjs.org/css-select cache-miss
21 silly fetch manifest css-tree@^1.1.3
22 silly packumentCache full:https://registry.npmjs.org/css-tree cache-miss
23 http fetch GET 200 https://registry.npmjs.org/css-select 43ms (cache revalidated)
24 silly packumentCache full:https://registry.npmjs.org/css-select set size:111202 disposed:false
25 http fetch GET 200 https://registry.npmjs.org/css-tree 101ms (cache revalidated)
26 silly packumentCache full:https://registry.npmjs.org/css-tree set size:229638 disposed:false
27 silly placeDep ROOT css-select@5.2.2 OK for: react-native-svg@15.15.4 want: ^5.1.0
28 silly placeDep ROOT css-tree@1.1.3 OK for: react-native-svg@15.15.4 want: ^1.1.3
29 silly fetch manifest boolbase@^1.0.0
30 silly packumentCache full:https://registry.npmjs.org/boolbase cache-miss
31 silly fetch manifest css-what@^6.1.0
32 silly packumentCache full:https://registry.npmjs.org/css-what cache-miss
33 silly fetch manifest domutils@^3.0.1
34 silly packumentCache full:https://registry.npmjs.org/domutils cache-miss
35 silly fetch manifest nth-check@^2.0.1
36 silly packumentCache full:https://registry.npmjs.org/nth-check cache-miss
37 silly fetch manifest domhandler@^5.0.2
38 silly packumentCache full:https://registry.npmjs.org/domhandler cache-miss
39 silly fetch manifest mdn-data@2.0.14
40 silly packumentCache full:https://registry.npmjs.org/mdn-data cache-miss
41 silly fetch manifest source-map@^0.6.1
42 silly packumentCache full:https://registry.npmjs.org/source-map cache-miss
43 http fetch GET 200 https://registry.npmjs.org/nth-check 47ms (cache revalidated)
44 silly packumentCache full:https://registry.npmjs.org/nth-check set size:27445 disposed:false
45 http fetch GET 200 https://registry.npmjs.org/domutils 48ms (cache revalidated)
46 silly packumentCache full:https://registry.npmjs.org/domutils set size:110068 disposed:false
47 http fetch GET 200 https://registry.npmjs.org/boolbase 86ms (cache revalidated)
48 silly packumentCache full:https://registry.npmjs.org/boolbase set size:4438 disposed:false
49 http fetch GET 200 https://registry.npmjs.org/domhandler 86ms (cache revalidated)
50 silly packumentCache full:https://registry.npmjs.org/domhandler set size:78187 disposed:false
51 http fetch GET 200 https://registry.npmjs.org/css-what 107ms (cache revalidated)
52 silly packumentCache full:https://registry.npmjs.org/css-what set size:81721 disposed:false
53 http fetch GET 200 https://registry.npmjs.org/source-map 107ms (cache revalidated)
54 silly packumentCache full:https://registry.npmjs.org/source-map set size:226141 disposed:false
55 http fetch GET 200 https://registry.npmjs.org/mdn-data 115ms (cache revalidated)
56 silly packumentCache full:https://registry.npmjs.org/mdn-data set size:172326 disposed:false
57 silly placeDep ROOT boolbase@1.0.0 OK for: css-select@5.2.2 want: ^1.0.0
58 silly placeDep ROOT css-what@6.2.2 OK for: css-select@5.2.2 want: ^6.1.0
59 silly placeDep ROOT domhandler@5.0.3 OK for: css-select@5.2.2 want: ^5.0.2
60 silly placeDep ROOT domutils@3.2.2 OK for: css-select@5.2.2 want: ^3.0.1
61 silly placeDep ROOT nth-check@2.1.1 OK for: css-select@5.2.2 want: ^2.0.1
62 silly fetch manifest domelementtype@^2.3.0
63 silly packumentCache full:https://registry.npmjs.org/domelementtype cache-miss
64 silly fetch manifest dom-serializer@^2.0.0
65 silly packumentCache full:https://registry.npmjs.org/dom-serializer cache-miss
66 silly fetch manifest domelementtype@^2.3.0
67 silly packumentCache full:https://registry.npmjs.org/domelementtype cache-miss
68 http fetch GET 200 https://registry.npmjs.org/domelementtype 36ms (cache revalidated)
69 silly packumentCache full:https://registry.npmjs.org/domelementtype set size:33363 disposed:false
70 http fetch GET 200 https://registry.npmjs.org/domelementtype 36ms (cache revalidated)
71 silly packumentCache full:https://registry.npmjs.org/domelementtype set size:33363 disposed:false
72 silly packumentCache full:https://registry.npmjs.org/domelementtype dispose
73 http fetch GET 200 https://registry.npmjs.org/dom-serializer 45ms (cache revalidated)
74 silly packumentCache full:https://registry.npmjs.org/dom-serializer set size:55186 disposed:false
75 silly placeDep ROOT mdn-data@2.0.14 OK for: css-tree@1.1.3 want: 2.0.14
76 silly placeDep node_modules/css-tree source-map@0.6.1 OK for: css-tree@1.1.3 want: ^0.6.1
77 silly placeDep ROOT domelementtype@2.3.0 OK for: domhandler@5.0.3 want: ^2.3.0
78 silly placeDep ROOT dom-serializer@2.0.0 OK for: domutils@3.2.2 want: ^2.0.0
79 silly fetch manifest entities@^4.2.0
80 silly packumentCache full:https://registry.npmjs.org/entities cache-miss
81 http fetch GET 200 https://registry.npmjs.org/entities 37ms (cache revalidated)
82 silly packumentCache full:https://registry.npmjs.org/entities set size:101550 disposed:false
83 silly placeDep ROOT entities@4.5.0 OK for: dom-serializer@2.0.0 want: ^4.2.0
84 silly reify moves {}
85 silly audit bulk request {
85 silly audit   '@0no-co/graphql.web': [ '1.2.0' ],
85 silly audit   '@babel/code-frame': [ '7.10.4', '7.29.0' ],
85 silly audit   '@babel/compat-data': [ '7.29.0' ],
85 silly audit   '@babel/core': [ '7.29.0' ],
85 silly audit   semver: [ '6.3.1', '7.6.3', '7.7.4' ],
85 silly audit   '@babel/generator': [ '7.29.1' ],
85 silly audit   '@babel/helper-annotate-as-pure': [ '7.27.3' ],
85 silly audit   '@babel/helper-compilation-targets': [ '7.28.6' ],
85 silly audit   '@babel/helper-create-class-features-plugin': [ '7.28.6' ],
85 silly audit   '@babel/helper-create-regexp-features-plugin': [ '7.28.5' ],
85 silly audit   '@babel/helper-define-polyfill-provider': [ '0.6.8' ],
85 silly audit   '@babel/helper-globals': [ '7.28.0' ],
85 silly audit   '@babel/helper-member-expression-to-functions': [ '7.28.5' ],
85 silly audit   '@babel/helper-module-imports': [ '7.28.6' ],
85 silly audit   '@babel/helper-module-transforms': [ '7.28.6' ],
85 silly audit   '@babel/helper-optimise-call-expression': [ '7.27.1' ],
85 silly audit   '@babel/helper-plugin-utils': [ '7.28.6' ],
85 silly audit   '@babel/helper-remap-async-to-generator': [ '7.27.1' ],
85 silly audit   '@babel/helper-replace-supers': [ '7.28.6' ],
85 silly audit   '@babel/helper-skip-transparent-expression-wrappers': [ '7.27.1' ],
85 silly audit   '@babel/helper-string-parser': [ '7.27.1' ],
85 silly audit   '@babel/helper-validator-identifier': [ '7.28.5' ],
85 silly audit   '@babel/helper-validator-option': [ '7.27.1' ],
85 silly audit   '@babel/helper-wrap-function': [ '7.28.6' ],
85 silly audit   '@babel/helpers': [ '7.29.2' ],
85 silly audit   '@babel/highlight': [ '7.25.9' ],
85 silly audit   '@babel/parser': [ '7.29.2' ],
85 silly audit   '@babel/plugin-proposal-decorators': [ '7.29.0' ],
85 silly audit   '@babel/plugin-proposal-export-default-from': [ '7.27.1' ],
85 silly audit   '@babel/plugin-syntax-async-generators': [ '7.8.4' ],
85 silly audit   '@babel/plugin-syntax-bigint': [ '7.8.3' ],
85 silly audit   '@babel/plugin-syntax-class-properties': [ '7.12.13' ],
85 silly audit   '@babel/plugin-syntax-class-static-block': [ '7.14.5' ],
85 silly audit   '@babel/plugin-syntax-decorators': [ '7.28.6' ],
85 silly audit   '@babel/plugin-syntax-dynamic-import': [ '7.8.3' ],
85 silly audit   '@babel/plugin-syntax-export-default-from': [ '7.28.6' ],
85 silly audit   '@babel/plugin-syntax-flow': [ '7.28.6' ],
85 silly audit   '@babel/plugin-syntax-import-attributes': [ '7.28.6' ],
85 silly audit   '@babel/plugin-syntax-import-meta': [ '7.10.4' ],
85 silly audit   '@babel/plugin-syntax-json-strings': [ '7.8.3' ],
85 silly audit   '@babel/plugin-syntax-jsx': [ '7.28.6' ],
85 silly audit   '@babel/plugin-syntax-logical-assignment-operators': [ '7.10.4' ],
85 silly audit   '@babel/plugin-syntax-nullish-coalescing-operator': [ '7.8.3' ],
85 silly audit   '@babel/plugin-syntax-numeric-separator': [ '7.10.4' ],
85 silly audit   '@babel/plugin-syntax-object-rest-spread': [ '7.8.3' ],
85 silly audit   '@babel/plugin-syntax-optional-catch-binding': [ '7.8.3' ],
85 silly audit   '@babel/plugin-syntax-optional-chaining': [ '7.8.3' ],
85 silly audit   '@babel/plugin-syntax-private-property-in-object': [ '7.14.5' ],
85 silly audit   '@babel/plugin-syntax-top-level-await': [ '7.14.5' ],
85 silly audit   '@babel/plugin-syntax-typescript': [ '7.28.6' ],
85 silly audit   '@babel/plugin-transform-arrow-functions': [ '7.27.1' ],
85 silly audit   '@babel/plugin-transform-async-generator-functions': [ '7.29.0' ],
85 silly audit   '@babel/plugin-transform-async-to-generator': [ '7.28.6' ],
85 silly audit   '@babel/plugin-transform-block-scoping': [ '7.28.6' ],
85 silly audit   '@babel/plugin-transform-class-properties': [ '7.28.6' ],
85 silly audit   '@babel/plugin-transform-class-static-block': [ '7.28.6' ],
85 silly audit   '@babel/plugin-transform-classes': [ '7.28.6' ],
85 silly audit   '@babel/plugin-transform-computed-properties': [ '7.28.6' ],
85 silly audit   '@babel/plugin-transform-destructuring': [ '7.28.5' ],
85 silly audit   '@babel/plugin-transform-export-namespace-from': [ '7.27.1' ],
85 silly audit   '@babel/plugin-transform-flow-strip-types': [ '7.27.1' ],
85 silly audit   '@babel/plugin-transform-for-of': [ '7.27.1' ],
85 silly audit   '@babel/plugin-transform-function-name': [ '7.27.1' ],
85 silly audit   '@babel/plugin-transform-literals': [ '7.27.1' ],
85 silly audit   '@babel/plugin-transform-logical-assignment-operators': [ '7.28.6' ],
85 silly audit   '@babel/plugin-transform-modules-commonjs': [ '7.28.6' ],
85 silly audit   '@babel/plugin-transform-named-capturing-groups-regex': [ '7.29.0' ],
85 silly audit   '@babel/plugin-transform-nullish-coalescing-operator': [ '7.28.6' ],
85 silly audit   '@babel/plugin-transform-numeric-separator': [ '7.28.6' ],
85 silly audit   '@babel/plugin-transform-object-rest-spread': [ '7.28.6' ],
85 silly audit   '@babel/plugin-transform-optional-catch-binding': [ '7.28.6' ],
85 silly audit   '@babel/plugin-transform-optional-chaining': [ '7.28.6' ],
85 silly audit   '@babel/plugin-transform-parameters': [ '7.27.7' ],
85 silly audit   '@babel/plugin-transform-private-methods': [ '7.28.6' ],
85 silly audit   '@babel/plugin-transform-private-property-in-object': [ '7.28.6' ],
85 silly audit   '@babel/plugin-transform-react-display-name': [ '7.28.0' ],
85 silly audit   '@babel/plugin-transform-react-jsx': [ '7.28.6' ],
85 silly audit   '@babel/plugin-transform-react-jsx-development': [ '7.27.1' ],
85 silly audit   '@babel/plugin-transform-react-jsx-self': [ '7.27.1' ],
85 silly audit   '@babel/plugin-transform-react-jsx-source': [ '7.27.1' ],
85 silly audit   '@babel/plugin-transform-react-pure-annotations': [ '7.27.1' ],
85 silly audit   '@babel/plugin-transform-regenerator': [ '7.29.0' ],
85 silly audit   '@babel/plugin-transform-runtime': [ '7.29.0' ],
85 silly audit   '@babel/plugin-transform-shorthand-properties': [ '7.27.1' ],
85 silly audit   '@babel/plugin-transform-spread': [ '7.28.6' ],
85 silly audit   '@babel/plugin-transform-sticky-regex': [ '7.27.1' ],
85 silly audit   '@babel/plugin-transform-typescript': [ '7.28.6' ],
85 silly audit   '@babel/plugin-transform-unicode-regex': [ '7.27.1' ],
85 silly audit   '@babel/preset-react': [ '7.28.5' ],
85 silly audit   '@babel/preset-typescript': [ '7.28.5' ],
85 silly audit   '@babel/runtime': [ '7.29.2' ],
85 silly audit   '@babel/template': [ '7.28.6' ],
85 silly audit   '@babel/traverse': [ '7.29.0' ],
85 silly audit   '@babel/types': [ '7.29.0' ],
85 silly audit   '@expo-google-fonts/plus-jakarta-sans': [ '0.4.2' ],
85 silly audit   '@expo/code-signing-certificates': [ '0.0.6' ],
85 silly audit   '@expo/config': [ '12.0.13', '55.0.12' ],
85 silly audit   '@expo/config-plugins': [ '54.0.4', '55.0.7' ],
85 silly audit   'ansi-styles': [ '4.3.0', '3.2.1', '5.2.0' ],
85 silly audit   chalk: [ '4.1.2', '2.4.2' ],
85 silly audit   'color-convert': [ '2.0.1', '1.9.3' ],
85 silly audit   'color-name': [ '1.1.4', '1.1.3' ],
85 silly audit   'has-flag': [ '4.0.0', '3.0.0' ],
85 silly audit   'supports-color': [ '7.2.0', '8.1.1', '5.5.0' ],
85 silly audit   '@expo/config-types': [ '54.0.10', '55.0.5' ],
85 silly audit   '@expo/devcert': [ '1.2.1' ],
85 silly audit   debug: [ '3.2.7', '2.6.9', '4.4.3' ],
85 silly audit   '@expo/devtools': [ '0.1.8' ],
85 silly audit   '@expo/env': [ '2.0.11', '2.1.1' ],
85 silly audit   '@expo/fingerprint': [ '0.15.4' ],
85 silly audit   '@expo/image-utils': [ '0.8.12' ],
85 silly audit   '@expo/json-file': [ '10.0.13' ],
85 silly audit   '@expo/metro': [ '54.2.0' ],
85 silly audit   '@expo/osascript': [ '2.4.2' ],
85 silly audit   '@expo/package-manager': [ '1.10.3' ],
85 silly audit   '@expo/plist': [ '0.4.8', '0.5.2' ],
85 silly audit   '@expo/prebuild-config': [ '55.0.12', '54.0.8' ],
85 silly audit   '@react-native/normalize-colors': [ '0.83.4', '0.81.5' ],
85 silly audit   '@expo/require-utils': [ '55.0.3' ],
85 silly audit   '@expo/schema-utils': [ '0.1.8' ],
85 silly audit   '@expo/sdk-runtime-versions': [ '1.0.0' ],
85 silly audit   '@expo/spawn-async': [ '1.7.2' ],
85 silly audit   '@expo/sudo-prompt': [ '9.3.2' ],
85 silly audit   '@expo/vector-icons': [ '15.1.1' ],
85 silly audit   '@expo/ws-tunnel': [ '1.0.6' ],
85 silly audit   '@expo/xcpretty': [ '4.4.1' ],
85 silly audit   argparse: [ '2.0.1', '1.0.10' ],
85 silly audit   'js-yaml': [ '4.1.1', '3.14.2' ],
85 silly audit   '@isaacs/fs-minipass': [ '4.0.1' ],
85 silly audit   '@isaacs/ttlcache': [ '1.4.1' ],
85 silly audit   '@istanbuljs/load-nyc-config': [ '1.1.0' ],
85 silly audit   camelcase: [ '5.3.1', '6.3.0' ],
85 silly audit   '@istanbuljs/schema': [ '0.1.3' ],
85 silly audit   '@jest/create-cache-key-function': [ '29.7.0' ],
85 silly audit   '@jest/environment': [ '29.7.0' ],
85 silly audit   '@jest/fake-timers': [ '29.7.0' ],
85 silly audit   '@jest/schemas': [ '29.6.3' ],
85 silly audit   '@jest/transform': [ '29.7.0' ],
85 silly audit   '@jest/types': [ '29.6.3' ],
85 silly audit   '@jridgewell/gen-mapping': [ '0.3.13' ],
85 silly audit   '@jridgewell/remapping': [ '2.3.5' ],
85 silly audit   '@jridgewell/resolve-uri': [ '3.1.2' ],
85 silly audit   '@jridgewell/source-map': [ '0.3.11' ],
85 silly audit   '@jridgewell/sourcemap-codec': [ '1.5.5' ],
85 silly audit   '@jridgewell/trace-mapping': [ '0.3.31' ],
85 silly audit   '@radix-ui/primitive': [ '1.1.3' ],
85 silly audit   '@radix-ui/react-compose-refs': [ '1.1.2' ],
85 silly audit   '@radix-ui/react-context': [ '1.1.2' ],
85 silly audit   '@radix-ui/react-direction': [ '1.1.1' ],
85 silly audit   '@radix-ui/react-focus-guards': [ '1.1.3' ],
85 silly audit   '@radix-ui/react-id': [ '1.1.1' ],
85 silly audit   '@radix-ui/react-slot': [ '1.2.0', '1.2.3' ],
85 silly audit   '@radix-ui/react-use-callback-ref': [ '1.1.1' ],
85 silly audit   '@radix-ui/react-use-controllable-state': [ '1.2.2' ],
85 silly audit   '@radix-ui/react-use-effect-event': [ '0.0.2' ],
85 silly audit   '@radix-ui/react-use-escape-keydown': [ '1.1.1' ],
85 silly audit   '@radix-ui/react-use-layout-effect': [ '1.1.1' ],
85 silly audit   '@react-native/assets-registry': [ '0.81.5' ],
85 silly audit   '@react-native/babel-plugin-codegen': [ '0.81.5' ],
85 silly audit   '@react-native/babel-preset': [ '0.81.5' ],
85 silly audit   '@react-native/codegen': [ '0.81.5' ],
85 silly audit   'brace-expansion': [ '1.1.13', '2.0.3', '5.0.5' ],
85 silly audit   glob: [ '7.2.3', '13.0.6' ],
85 silly audit   'hermes-estree': [ '0.29.1', '0.32.0' ],
85 silly audit   'hermes-parser': [ '0.29.1', '0.32.0' ],
85 silly audit   minimatch: [ '3.1.5', '10.2.5', '9.0.9' ],
85 silly audit   '@react-native/community-cli-plugin': [ '0.81.5' ],
85 silly audit   '@react-native/debugger-frontend': [ '0.81.5' ],
85 silly audit   '@react-native/dev-middleware': [ '0.81.5' ],
85 silly audit   ws: [ '6.2.3', '8.20.0', '7.5.10' ],
85 silly audit   '@react-native/gradle-plugin': [ '0.81.5' ],
85 silly audit   '@react-native/js-polyfills': [ '0.81.5' ],
85 silly audit   '@react-navigation/bottom-tabs': [ '7.15.9' ],
85 silly audit   '@react-navigation/core': [ '7.17.2' ],
85 silly audit   'escape-string-regexp': [ '4.0.0', '1.0.5', '2.0.0' ],
85 silly audit   'react-is': [ '19.2.4', '18.3.1' ],
85 silly audit   '@react-navigation/elements': [ '2.9.14' ],
85 silly audit   '@react-navigation/native': [ '7.2.2' ],
85 silly audit   '@react-navigation/native-stack': [ '7.14.10' ],
85 silly audit   '@react-navigation/routers': [ '7.5.3' ],
85 silly audit   '@sinclair/typebox': [ '0.27.10' ],
85 silly audit   '@sinonjs/commons': [ '3.0.1' ],
85 silly audit   '@sinonjs/fake-timers': [ '10.3.0' ],
85 silly audit   '@types/babel__core': [ '7.20.5' ],
85 silly audit   '@types/babel__generator': [ '7.27.0' ],
85 silly audit   '@types/babel__template': [ '7.4.4' ],
85 silly audit   '@types/babel__traverse': [ '7.28.0' ],
85 silly audit   '@types/graceful-fs': [ '4.1.9' ],
85 silly audit   '@types/istanbul-lib-coverage': [ '2.0.6' ],
85 silly audit   '@types/istanbul-lib-report': [ '3.0.3' ],
85 silly audit   '@types/istanbul-reports': [ '3.0.4' ],
85 silly audit   '@types/node': [ '25.5.2' ],
85 silly audit   '@types/react': [ '19.1.17' ],
85 silly audit   '@types/stack-utils': [ '2.0.3' ],
85 silly audit   '@types/yargs': [ '17.0.35' ],
85 silly audit   '@types/yargs-parser': [ '21.0.3' ],
85 silly audit   '@ungap/structured-clone': [ '1.3.0' ],
85 silly audit   '@urql/core': [ '5.2.0' ],
85 silly audit   '@urql/exchange-retry': [ '1.3.2' ],
85 silly audit   '@xmldom/xmldom': [ '0.8.12' ],
85 silly audit   'abort-controller': [ '3.0.0' ],
85 silly audit   accepts: [ '1.3.8' ],
85 silly audit   acorn: [ '8.16.0' ],
85 silly audit   'agent-base': [ '7.1.4' ],
85 silly audit   anser: [ '1.4.10' ],
85 silly audit   'ansi-escapes': [ '4.3.2' ],
85 silly audit   'type-fest': [ '0.21.3', '0.7.1' ],
85 silly audit   'ansi-regex': [ '5.0.1', '4.1.1' ],
85 silly audit   'any-promise': [ '1.3.0' ],
85 silly audit   anymatch: [ '3.1.3' ],
85 silly audit   arg: [ '5.0.2' ],
85 silly audit   'aria-hidden': [ '1.2.6' ],
85 silly audit   asap: [ '2.0.6' ],
85 silly audit   'async-limiter': [ '1.0.1' ],
85 silly audit   'babel-jest': [ '29.7.0' ],
85 silly audit   'babel-plugin-istanbul': [ '6.1.1' ],
85 silly audit   'babel-plugin-jest-hoist': [ '29.6.3' ],
85 silly audit   'babel-plugin-polyfill-corejs2': [ '0.4.17' ],
85 silly audit   'babel-plugin-polyfill-corejs3': [ '0.13.0' ],
85 silly audit   'babel-plugin-polyfill-regenerator': [ '0.6.8' ],
85 silly audit   'babel-plugin-react-compiler': [ '1.0.0' ],
85 silly audit   'babel-plugin-react-native-web': [ '0.21.2' ],
85 silly audit   'babel-plugin-syntax-hermes-parser': [ '0.29.1' ],
85 silly audit   'babel-plugin-transform-flow-enums': [ '0.0.2' ],
85 silly audit   'babel-preset-current-node-syntax': [ '1.2.0' ],
85 silly audit   'babel-preset-jest': [ '29.6.3' ],
85 silly audit   'balanced-match': [ '1.0.2', '4.0.4' ],
85 silly audit   'base64-js': [ '1.5.1' ],
85 silly audit   'baseline-browser-mapping': [ '2.10.14' ],
85 silly audit   'better-opn': [ '3.0.2' ],
85 silly audit   open: [ '8.4.2', '7.4.2' ],
85 silly audit   'big-integer': [ '1.6.52' ],
85 silly audit   'bplist-creator': [ '0.1.0' ],
85 silly audit   'bplist-parser': [ '0.3.1' ],
85 silly audit   braces: [ '3.0.3' ],
85 silly audit   browserslist: [ '4.28.2' ],
85 silly audit   bser: [ '2.1.1' ],
85 silly audit   buffer: [ '5.7.1' ],
85 silly audit   'buffer-from': [ '1.1.2' ],
85 silly audit   bytes: [ '3.1.2' ],
85 silly audit   'caniuse-lite': [ '1.0.30001785' ],
85 silly audit   chownr: [ '3.0.0' ],
85 silly audit   'chrome-launcher': [ '0.15.2' ],
85 silly audit   'chromium-edge-launcher': [ '0.2.0' ],
85 silly audit   'ci-info': [ '2.0.0', '3.9.0' ],
85 silly audit   'cli-cursor': [ '2.1.0' ],
85 silly audit   'cli-spinners': [ '2.9.2' ],
85 silly audit   'client-only': [ '0.0.1' ],
85 silly audit   cliui: [ '8.0.1' ],
85 silly audit   clone: [ '1.0.4' ],
85 silly audit   color: [ '4.2.3' ],
85 silly audit   'color-string': [ '1.9.1' ],
85 silly audit   commander: [ '7.2.0', '12.1.0', '4.1.1', '2.20.3' ],
85 silly audit   compressible: [ '2.0.18' ],
85 silly audit   compression: [ '1.8.1' ],
85 silly audit   ms: [ '2.0.0', '2.1.3' ],
85 silly audit   negotiator: [ '0.6.4', '0.6.3' ],
85 silly audit   'concat-map': [ '0.0.1' ],
85 silly audit   connect: [ '3.7.0' ],
85 silly audit   'convert-source-map': [ '2.0.0' ],
85 silly audit   'core-js-compat': [ '3.49.0' ],
85 silly audit   'cross-spawn': [ '7.0.6' ],
85 silly audit   csstype: [ '3.2.3' ],
85 silly audit   'decode-uri-component': [ '0.2.2' ],
85 silly audit   'deep-extend': [ '0.6.0' ],
85 silly audit   deepmerge: [ '4.3.1' ],
85 silly audit   defaults: [ '1.0.4' ],
85 silly audit   'define-lazy-prop': [ '2.0.0' ],
85 silly audit   depd: [ '2.0.0' ],
85 silly audit   destroy: [ '1.2.0' ],
85 silly audit   'detect-libc': [ '2.1.2' ],
85 silly audit   'detect-node-es': [ '1.1.0' ],
85 silly audit   dotenv: [ '16.4.7' ],
85 silly audit   'dotenv-expand': [ '11.0.7' ],
85 silly audit   'ee-first': [ '1.1.1' ],
85 silly audit   'electron-to-chromium': [ '1.5.331' ],
85 silly audit   'emoji-regex': [ '8.0.0' ],
85 silly audit   encodeurl: [ '1.0.2', '2.0.0' ],
85 silly audit   'env-editor': [ '0.4.2' ],
85 silly audit   'error-stack-parser': [ '2.1.4' ],
85 silly audit   escalade: [ '3.2.0' ],
85 silly audit   'escape-html': [ '1.0.3' ],
85 silly audit   esprima: [ '4.0.1' ],
85 silly audit   etag: [ '1.8.1' ],
85 silly audit   'event-target-shim': [ '5.0.1' ],
85 silly audit   expo: [ '54.0.33' ],
85 silly audit   'expo-blur': [ '15.0.8' ],
85 silly audit   'expo-constants': [ '55.0.11', '18.0.13' ],
85 silly audit   'expo-font': [ '14.0.11' ],
85 silly audit   'expo-haptics': [ '15.0.8' ],
85 silly audit   'expo-linking': [ '55.0.11' ],
85 silly audit   'expo-modules-autolinking': [ '3.0.24' ],
85 silly audit   'expo-modules-core': [ '3.0.29' ],
85 silly audit   'expo-router': [ '6.0.23' ],
85 silly audit   '@expo/metro-runtime': [ '6.1.2' ],
85 silly audit   '@radix-ui/react-collection': [ '1.1.7' ],
85 silly audit   '@radix-ui/react-presence': [ '1.1.5' ],
85 silly audit   '@radix-ui/react-primitive': [ '2.1.3' ],
85 silly audit   '@radix-ui/react-roving-focus': [ '1.1.11' ],
85 silly audit   '@radix-ui/react-tabs': [ '1.1.13' ],
85 silly audit   'expo-server': [ '1.0.5' ],
85 silly audit   'expo-speech': [ '14.0.8' ],
85 silly audit   'expo-splash-screen': [ '55.0.15' ],
85 silly audit   'expo-status-bar': [ '3.0.9' ],
85 silly audit   '@expo/cli': [ '54.0.23' ],
85 silly audit   '@expo/metro-config': [ '54.0.14' ],
85 silly audit   'babel-preset-expo': [ '54.0.10' ],
85 silly audit   'expo-asset': [ '12.0.12' ],
85 silly audit   'expo-file-system': [ '19.0.21' ],
85 silly audit   'expo-keep-awake': [ '15.0.8' ],
85 silly audit   picomatch: [ '3.0.2', '2.3.2', '4.0.4' ],
85 silly audit   'exponential-backoff': [ '3.1.3' ],
85 silly audit   'fast-deep-equal': [ '3.1.3' ],
85 silly audit   'fast-json-stable-stringify': [ '2.1.0' ],
85 silly audit   'fb-watchman': [ '2.0.2' ],
85 silly audit   'fill-range': [ '7.1.1' ],
85 silly audit   'filter-obj': [ '1.1.0' ],
85 silly audit   finalhandler: [ '1.1.2' ],
85 silly audit   'find-up': [ '4.1.0' ],
85 silly audit   'flow-enums-runtime': [ '0.0.6' ],
85 silly audit   fontfaceobserver: [ '2.3.0' ],
85 silly audit   'freeport-async': [ '2.0.0' ],
85 silly audit   fresh: [ '0.5.2' ],
85 silly audit   'fs.realpath': [ '1.0.0' ],
85 silly audit   fsevents: [ '2.3.3' ],
85 silly audit   'function-bind': [ '1.1.2' ],
85 silly audit   gensync: [ '1.0.0-beta.2' ],
85 silly audit   'get-caller-file': [ '2.0.5' ],
85 silly audit   'get-nonce': [ '1.0.1' ],
85 silly audit   'get-package-type': [ '0.1.0' ],
85 silly audit   getenv: [ '2.0.0' ],
85 silly audit   'graceful-fs': [ '4.2.11' ],
85 silly audit   hasown: [ '2.0.2' ],
85 silly audit   'hosted-git-info': [ '7.0.2' ],
85 silly audit   'lru-cache': [ '10.4.3', '5.1.1', '11.2.7' ],
85 silly audit   'http-errors': [ '2.0.1' ],
85 silly audit   statuses: [ '2.0.2', '1.5.0' ],
85 silly audit   'https-proxy-agent': [ '7.0.6' ],
85 silly audit   ieee754: [ '1.2.1' ],
85 silly audit   ignore: [ '5.3.2' ],
85 silly audit   'image-size': [ '1.2.1' ],
85 silly audit   imurmurhash: [ '0.1.4' ],
85 silly audit   inflight: [ '1.0.6' ],
85 silly audit   inherits: [ '2.0.4' ],
85 silly audit   ini: [ '1.3.8' ],
85 silly audit   invariant: [ '2.2.4' ],
85 silly audit   'is-arrayish': [ '0.3.4' ],
85 silly audit   'is-core-module': [ '2.16.1' ],
85 silly audit   'is-docker': [ '2.2.1' ],
85 silly audit   'is-fullwidth-code-point': [ '3.0.0' ],
85 silly audit   'is-number': [ '7.0.0' ],
85 silly audit   'is-wsl': [ '2.2.0' ],
85 silly audit   isexe: [ '2.0.0' ],
85 silly audit   'istanbul-lib-coverage': [ '3.2.2' ],
85 silly audit   'istanbul-lib-instrument': [ '5.2.1' ],
85 silly audit   'jest-environment-node': [ '29.7.0' ],
85 silly audit   'jest-get-type': [ '29.6.3' ],
85 silly audit   'jest-haste-map': [ '29.7.0' ],
85 silly audit   'jest-message-util': [ '29.7.0' ],
85 silly audit   'jest-mock': [ '29.7.0' ],
85 silly audit   'jest-regex-util': [ '29.6.3' ],
85 silly audit   'jest-util': [ '29.7.0' ],
85 silly audit   'jest-validate': [ '29.7.0' ],
85 silly audit   'jest-worker': [ '29.7.0' ],
85 silly audit   'jimp-compact': [ '0.16.1' ],
85 silly audit   'js-tokens': [ '4.0.0' ],
85 silly audit   'jsc-safe-url': [ '0.2.4' ],
85 silly audit   jsesc: [ '3.1.0' ],
85 silly audit   json5: [ '2.2.3' ],
85 silly audit   kleur: [ '3.0.3' ],
85 silly audit   'lan-network': [ '0.1.7' ],
85 silly audit   leven: [ '3.1.0' ],
85 silly audit   'lighthouse-logger': [ '1.4.2' ],
85 silly audit   lightningcss: [ '1.32.0' ],
85 silly audit   'lightningcss-android-arm64': [ '1.32.0' ],
85 silly audit   'lightningcss-darwin-arm64': [ '1.32.0' ],
85 silly audit   'lightningcss-darwin-x64': [ '1.32.0' ],
85 silly audit   'lightningcss-freebsd-x64': [ '1.32.0' ],
85 silly audit   'lightningcss-linux-arm-gnueabihf': [ '1.32.0' ],
85 silly audit   'lightningcss-linux-arm64-gnu': [ '1.32.0' ],
85 silly audit   'lightningcss-linux-arm64-musl': [ '1.32.0' ],
85 silly audit   'lightningcss-linux-x64-gnu': [ '1.32.0' ],
85 silly audit   'lightningcss-linux-x64-musl': [ '1.32.0' ],
85 silly audit   'lightningcss-win32-arm64-msvc': [ '1.32.0' ],
85 silly audit   'lightningcss-win32-x64-msvc': [ '1.32.0' ],
85 silly audit   'lines-and-columns': [ '1.2.4' ],
85 silly audit   'locate-path': [ '5.0.0' ],
85 silly audit   'lodash.debounce': [ '4.0.8' ],
85 silly audit   'lodash.throttle': [ '4.1.1' ],
85 silly audit   'log-symbols': [ '2.2.0' ],
85 silly audit   'loose-envify': [ '1.4.0' ],
85 silly audit   'lucide-react-native': [ '1.7.0' ],
85 silly audit   makeerror: [ '1.0.12' ],
85 silly audit   marky: [ '1.3.0' ],
85 silly audit   'memoize-one': [ '5.2.1' ],
85 silly audit   'merge-stream': [ '2.0.0' ],
85 silly audit   metro: [ '0.83.3' ],
85 silly audit   'metro-babel-transformer': [ '0.83.3' ],
85 silly audit   'metro-cache': [ '0.83.3' ],
85 silly audit   'metro-cache-key': [ '0.83.3' ],
85 silly audit   'metro-config': [ '0.83.3' ],
85 silly audit   'metro-core': [ '0.83.3' ],
85 silly audit   'metro-file-map': [ '0.83.3' ],
85 silly audit   'metro-minify-terser': [ '0.83.3' ],
85 silly audit   'metro-resolver': [ '0.83.3' ],
85 silly audit   'metro-runtime': [ '0.83.3' ],
85 silly audit   'metro-source-map': [ '0.83.3' ],
85 silly audit   'metro-symbolicate': [ '0.83.3' ],
85 silly audit   'metro-transform-plugins': [ '0.83.3' ],
85 silly audit   'metro-transform-worker': [ '0.83.3' ],
85 silly audit   micromatch: [ '4.0.8' ],
85 silly audit   mime: [ '1.6.0' ],
85 silly audit   'mime-db': [ '1.52.0' ],
85 silly audit   'mime-types': [ '2.1.35' ],
85 silly audit   'mimic-fn': [ '1.2.0' ],
85 silly audit   minimist: [ '1.2.8' ],
85 silly audit   minipass: [ '7.1.3' ],
85 silly audit   minizlib: [ '3.1.0' ],
85 silly audit   mkdirp: [ '1.0.4' ],
85 silly audit   mz: [ '2.7.0' ],
85 silly audit   nanoid: [ '3.3.11' ],
85 silly audit   'nested-error-stacks': [ '2.0.1' ],
85 silly audit   'node-forge': [ '1.4.0' ],
85 silly audit   'node-int64': [ '0.4.0' ],
85 silly audit   'node-releases': [ '2.0.37' ],
85 silly audit   'normalize-path': [ '3.0.0' ],
85 silly audit   'npm-package-arg': [ '11.0.3' ],
85 silly audit   nullthrows: [ '1.1.1' ],
85 silly audit   ob1: [ '0.83.3' ],
85 silly audit   'object-assign': [ '4.1.1' ],
85 silly audit   'on-finished': [ '2.3.0', '2.4.1' ],
85 silly audit   'on-headers': [ '1.1.0' ],
85 silly audit   once: [ '1.4.0' ],
85 silly audit   onetime: [ '2.0.1' ],
85 silly audit   ora: [ '3.4.0' ],
85 silly audit   'strip-ansi': [ '5.2.0', '6.0.1' ],
85 silly audit   'p-limit': [ '3.1.0', '2.3.0' ],
85 silly audit   'p-locate': [ '4.1.0' ],
85 silly audit   'p-try': [ '2.2.0' ],
85 silly audit   'parse-png': [ '2.1.0' ],
85 silly audit   parseurl: [ '1.3.3' ],
85 silly audit   'path-exists': [ '4.0.0' ],
85 silly audit   'path-is-absolute': [ '1.0.1' ],
85 silly audit   'path-key': [ '3.1.1' ],
85 silly audit   'path-parse': [ '1.0.7' ],
85 silly audit   'path-scurry': [ '2.0.2' ],
85 silly audit   picocolors: [ '1.1.1' ],
85 silly audit   pirates: [ '4.0.7' ],
85 silly audit   plist: [ '3.1.0' ],
85 silly audit   pngjs: [ '3.4.0' ],
85 silly audit   postcss: [ '8.4.49' ],
85 silly audit   'pretty-bytes': [ '5.6.0' ],
85 silly audit   'pretty-format': [ '29.7.0' ],
85 silly audit   'proc-log': [ '4.2.0' ],
85 silly audit   progress: [ '2.0.3' ],
85 silly audit   promise: [ '8.3.0' ],
85 silly audit   prompts: [ '2.4.2' ],
85 silly audit   punycode: [ '2.3.1' ],
85 silly audit   'qrcode-terminal': [ '0.11.0' ],
85 silly audit   'query-string': [ '7.1.3' ],
85 silly audit   queue: [ '6.0.2' ],
85 silly audit   'range-parser': [ '1.2.1' ],
85 silly audit   rc: [ '1.2.8' ],
85 silly audit   react: [ '19.1.0' ],
85 silly audit   'react-devtools-core': [ '6.1.5' ],
85 silly audit   'react-fast-compare': [ '3.2.2' ],
85 silly audit   'react-freeze': [ '1.0.4' ],
85 silly audit   'react-native': [ '0.81.5' ],
85 silly audit   'react-native-is-edge-to-edge': [ '1.3.1' ],
85 silly audit   'react-native-safe-area-context': [ '5.6.2' ],
85 silly audit   'react-native-screens': [ '4.16.0' ],
85 silly audit   '@react-native/virtualized-lists': [ '0.81.5' ],
85 silly audit   'react-refresh': [ '0.14.2' ],
85 silly audit   'react-remove-scroll': [ '2.7.2' ],
85 silly audit   'react-remove-scroll-bar': [ '2.3.8' ],
85 silly audit   'react-style-singleton': [ '2.2.3' ],
85 silly audit   regenerate: [ '1.4.2' ],
85 silly audit   'regenerate-unicode-properties': [ '10.2.2' ],
85 silly audit   'regenerator-runtime': [ '0.13.11' ],
85 silly audit   'regexpu-core': [ '6.4.0' ],
85 silly audit   regjsgen: [ '0.8.0' ],
85 silly audit   regjsparser: [ '0.13.0' ],
85 silly audit   'require-directory': [ '2.1.1' ],
85 silly audit   'require-from-string': [ '2.0.2' ],
85 silly audit   requireg: [ '0.2.2' ],
85 silly audit   resolve: [ '1.7.1', '1.22.11' ],
85 silly audit   'resolve-from': [ '5.0.0' ],
85 silly audit   'resolve-workspace-root': [ '2.0.1' ],
85 silly audit   'resolve.exports': [ '2.0.3' ],
85 silly audit   'restore-cursor': [ '2.0.0' ],
85 silly audit   rimraf: [ '3.0.2' ],
85 silly audit   'safe-buffer': [ '5.2.1' ],
85 silly audit   sax: [ '1.6.0' ],
85 silly audit   scheduler: [ '0.26.0' ],
85 silly audit   send: [ '0.19.2' ],
85 silly audit   'serialize-error': [ '2.1.0' ],
85 silly audit   'serve-static': [ '1.16.3' ],
85 silly audit   'server-only': [ '0.0.1' ],
85 silly audit   setprototypeof: [ '1.2.0' ],
85 silly audit   'sf-symbols-typescript': [ '2.2.0' ],
85 silly audit   shallowequal: [ '1.1.0' ],
85 silly audit   'shebang-command': [ '2.0.0' ],
85 silly audit   'shebang-regex': [ '3.0.0' ],
85 silly audit   'shell-quote': [ '1.8.3' ],
85 silly audit   'signal-exit': [ '3.0.7' ],
85 silly audit   'simple-plist': [ '1.3.1' ],
85 silly audit   'simple-swizzle': [ '0.2.4' ],
85 silly audit   sisteransi: [ '1.0.5' ],
85 silly audit   slash: [ '3.0.0' ],
85 silly audit   slugify: [ '1.6.9' ],
85 silly audit   'source-map': [ '0.5.7', '0.6.1' ],
85 silly audit   'source-map-js': [ '1.2.1' ],
85 silly audit   'source-map-support': [ '0.5.21' ],
85 silly audit   'split-on-first': [ '1.1.0' ],
85 silly audit   'sprintf-js': [ '1.0.3' ],
85 silly audit   'stack-utils': [ '2.0.6' ],
85 silly audit   stackframe: [ '1.3.4' ],
85 silly audit   'stacktrace-parser': [ '0.1.11' ],
85 silly audit   'stream-buffers': [ '2.2.0' ],
85 silly audit   'strict-uri-encode': [ '2.0.0' ],
85 silly audit   'string-width': [ '4.2.3' ],
85 silly audit   'strip-json-comments': [ '2.0.1' ],
85 silly audit   'structured-headers': [ '0.4.1' ],
85 silly audit   sucrase: [ '3.35.1' ],
85 silly audit   'supports-hyperlinks': [ '2.3.0' ],
85 silly audit   'supports-preserve-symlinks-flag': [ '1.0.0' ],
85 silly audit   tar: [ '7.5.13' ],
85 silly audit   yallist: [ '5.0.0', '3.1.1' ],
85 silly audit   'terminal-link': [ '2.1.1' ],
85 silly audit   terser: [ '5.46.1' ],
85 silly audit   'test-exclude': [ '6.0.0' ],
85 silly audit   thenify: [ '3.3.1' ],
85 silly audit   'thenify-all': [ '1.6.0' ],
85 silly audit   throat: [ '5.0.0' ],
85 silly audit   tinyglobby: [ '0.2.15' ],
85 silly audit   fdir: [ '6.5.0' ],
85 silly audit   tmpl: [ '1.0.5' ],
85 silly audit   'to-regex-range': [ '5.0.1' ],
85 silly audit   toidentifier: [ '1.0.1' ],
85 silly audit   'ts-interface-checker': [ '0.1.13' ],
85 silly audit   tslib: [ '2.8.1' ],
85 silly audit   'type-detect': [ '4.0.8' ],
85 silly audit   typescript: [ '5.9.3' ],
85 silly audit   undici: [ '6.24.1' ],
85 silly audit   'undici-types': [ '7.18.2' ],
85 silly audit   'unicode-canonical-property-names-ecmascript': [ '2.0.1' ],
85 silly audit   'unicode-match-property-ecmascript': [ '2.0.0' ],
85 silly audit   'unicode-match-property-value-ecmascript': [ '2.2.1' ],
85 silly audit   'unicode-property-aliases-ecmascript': [ '2.2.0' ],
85 silly audit   unpipe: [ '1.0.0' ],
85 silly audit   'update-browserslist-db': [ '1.2.3' ],
85 silly audit   'use-callback-ref': [ '1.3.3' ],
85 silly audit   'use-latest-callback': [ '0.2.6' ],
85 silly audit   'use-sidecar': [ '1.1.3' ],
85 silly audit   'use-sync-external-store': [ '1.6.0' ],
85 silly audit   'utils-merge': [ '1.0.1' ],
85 silly audit   uuid: [ '7.0.3' ],
85 silly audit   'validate-npm-package-name': [ '5.0.1' ],
85 silly audit   vary: [ '1.1.2' ],
85 silly audit   vaul: [ '1.1.2' ],
85 silly audit   '@radix-ui/react-dialog': [ '1.1.15' ],
85 silly audit   '@radix-ui/react-dismissable-layer': [ '1.1.11' ],
85 silly audit   '@radix-ui/react-focus-scope': [ '1.1.7' ],
85 silly audit   '@radix-ui/react-portal': [ '1.1.9' ],
85 silly audit   vlq: [ '1.0.1' ],
85 silly audit   walker: [ '1.0.8' ],
85 silly audit   'warn-once': [ '0.1.1' ],
85 silly audit   wcwidth: [ '1.0.1' ],
85 silly audit   'webidl-conversions': [ '5.0.0' ],
85 silly audit   'whatwg-fetch': [ '3.6.20' ],
85 silly audit   'whatwg-url-without-unicode': [ '8.0.0-3' ],
85 silly audit   which: [ '2.0.2' ],
85 silly audit   wonka: [ '6.3.6' ],
85 silly audit   'wrap-ansi': [ '7.0.0' ],
85 silly audit   wrappy: [ '1.0.2' ],
85 silly audit   'write-file-atomic': [ '4.0.2' ],
85 silly audit   xcode: [ '3.0.1' ],
85 silly audit   xml2js: [ '0.6.0' ],
85 silly audit   xmlbuilder: [ '11.0.1', '15.1.1' ],
85 silly audit   y18n: [ '5.0.8' ],
85 silly audit   yaml: [ '2.8.3' ],
85 silly audit   yargs: [ '17.7.2' ],
85 silly audit   'yargs-parser': [ '21.1.1' ],
85 silly audit   'yocto-queue': [ '0.1.0' ],
85 silly audit   'react-native-svg': [ '15.15.4' ],
85 silly audit   'css-select': [ '5.2.2' ],
85 silly audit   'css-tree': [ '1.1.3' ],
85 silly audit   boolbase: [ '1.0.0' ],
85 silly audit   'css-what': [ '6.2.2' ],
85 silly audit   domhandler: [ '5.0.3' ],
85 silly audit   domutils: [ '3.2.2' ],
85 silly audit   'nth-check': [ '2.1.1' ],
85 silly audit   'mdn-data': [ '2.0.14' ],
85 silly audit   domelementtype: [ '2.3.0' ],
85 silly audit   'dom-serializer': [ '2.0.0' ],
85 silly audit   entities: [ '4.5.0' ]
85 silly audit }
86 verbose reify failed optional dependency /Users/cansle/Documents/AntigravityProjects/WordChallenge/native/node_modules/lightningcss-win32-x64-msvc
87 silly reify mark deleted [
87 silly reify   '/Users/cansle/Documents/AntigravityProjects/WordChallenge/native/node_modules/lightningcss-win32-x64-msvc'
87 silly reify ]
88 verbose reify failed optional dependency /Users/cansle/Documents/AntigravityProjects/WordChallenge/native/node_modules/lightningcss-win32-arm64-msvc
89 silly reify mark deleted [
89 silly reify   '/Users/cansle/Documents/AntigravityProjects/WordChallenge/native/node_modules/lightningcss-win32-arm64-msvc'
89 silly reify ]
90 verbose reify failed optional dependency /Users/cansle/Documents/AntigravityProjects/WordChallenge/native/node_modules/lightningcss-linux-x64-musl
91 silly reify mark deleted [
91 silly reify   '/Users/cansle/Documents/AntigravityProjects/WordChallenge/native/node_modules/lightningcss-linux-x64-musl'
91 silly reify ]
92 verbose reify failed optional dependency /Users/cansle/Documents/AntigravityProjects/WordChallenge/native/node_modules/lightningcss-linux-x64-gnu
93 silly reify mark deleted [
93 silly reify   '/Users/cansle/Documents/AntigravityProjects/WordChallenge/native/node_modules/lightningcss-linux-x64-gnu'
93 silly reify ]
94 verbose reify failed optional dependency /Users/cansle/Documents/AntigravityProjects/WordChallenge/native/node_modules/lightningcss-linux-arm64-musl
95 silly reify mark deleted [
95 silly reify   '/Users/cansle/Documents/AntigravityProjects/WordChallenge/native/node_modules/lightningcss-linux-arm64-musl'
95 silly reify ]
96 verbose reify failed optional dependency /Users/cansle/Documents/AntigravityProjects/WordChallenge/native/node_modules/lightningcss-linux-arm64-gnu
97 silly reify mark deleted [
97 silly reify   '/Users/cansle/Documents/AntigravityProjects/WordChallenge/native/node_modules/lightningcss-linux-arm64-gnu'
97 silly reify ]
98 verbose reify failed optional dependency /Users/cansle/Documents/AntigravityProjects/WordChallenge/native/node_modules/lightningcss-linux-arm-gnueabihf
99 silly reify mark deleted [
99 silly reify   '/Users/cansle/Documents/AntigravityProjects/WordChallenge/native/node_modules/lightningcss-linux-arm-gnueabihf'
99 silly reify ]
100 verbose reify failed optional dependency /Users/cansle/Documents/AntigravityProjects/WordChallenge/native/node_modules/lightningcss-freebsd-x64
101 silly reify mark deleted [
101 silly reify   '/Users/cansle/Documents/AntigravityProjects/WordChallenge/native/node_modules/lightningcss-freebsd-x64'
101 silly reify ]
102 verbose reify failed optional dependency /Users/cansle/Documents/AntigravityProjects/WordChallenge/native/node_modules/lightningcss-darwin-x64
103 silly reify mark deleted [
103 silly reify   '/Users/cansle/Documents/AntigravityProjects/WordChallenge/native/node_modules/lightningcss-darwin-x64'
103 silly reify ]
104 verbose reify failed optional dependency /Users/cansle/Documents/AntigravityProjects/WordChallenge/native/node_modules/lightningcss-android-arm64
105 silly reify mark deleted [
105 silly reify   '/Users/cansle/Documents/AntigravityProjects/WordChallenge/native/node_modules/lightningcss-android-arm64'
105 silly reify ]
106 http cache dom-serializer@https://registry.npmjs.org/dom-serializer/-/dom-serializer-2.0.0.tgz 0ms (cache hit)
107 http cache entities@https://registry.npmjs.org/entities/-/entities-4.5.0.tgz 0ms (cache hit)
108 http cache domelementtype@https://registry.npmjs.org/domelementtype/-/domelementtype-2.3.0.tgz 0ms (cache hit)
109 http cache mdn-data@https://registry.npmjs.org/mdn-data/-/mdn-data-2.0.14.tgz 0ms (cache hit)
110 http cache nth-check@https://registry.npmjs.org/nth-check/-/nth-check-2.1.1.tgz 0ms (cache hit)
111 http cache domutils@https://registry.npmjs.org/domutils/-/domutils-3.2.2.tgz 0ms (cache hit)
112 http cache domhandler@https://registry.npmjs.org/domhandler/-/domhandler-5.0.3.tgz 0ms (cache hit)
113 http cache css-what@https://registry.npmjs.org/css-what/-/css-what-6.2.2.tgz 0ms (cache hit)
114 http cache boolbase@https://registry.npmjs.org/boolbase/-/boolbase-1.0.0.tgz 0ms (cache hit)
115 http cache css-tree@https://registry.npmjs.org/css-tree/-/css-tree-1.1.3.tgz 0ms (cache hit)
116 http cache css-select@https://registry.npmjs.org/css-select/-/css-select-5.2.2.tgz 0ms (cache hit)
117 http cache react-native-svg@https://registry.npmjs.org/react-native-svg/-/react-native-svg-15.15.4.tgz 0ms (cache hit)
118 http cache source-map@https://registry.npmjs.org/source-map/-/source-map-0.6.1.tgz 0ms (cache hit)
119 http fetch POST 200 https://registry.npmjs.org/-/npm/v1/security/advisories/bulk 182ms
120 silly audit report {}
121 silly ADD node_modules/entities
122 silly ADD node_modules/dom-serializer
123 silly ADD node_modules/domelementtype
124 silly ADD node_modules/mdn-data
125 silly ADD node_modules/nth-check
126 silly ADD node_modules/domutils
127 silly ADD node_modules/domhandler
128 silly ADD node_modules/css-what
129 silly ADD node_modules/boolbase
130 silly ADD node_modules/css-tree
131 silly ADD node_modules/css-tree/node_modules/source-map
132 silly ADD node_modules/css-select
133 silly ADD node_modules/react-native-svg
134 silly ADD
135 silly ADD
136 silly ADD
137 silly ADD
138 silly ADD
139 silly ADD
140 silly ADD
141 silly ADD
142 silly ADD
143 silly ADD
144 verbose cwd /Users/cansle/Documents/AntigravityProjects/WordChallenge/native
145 verbose os Darwin 24.6.0
146 verbose node v22.17.0
147 verbose npm  v10.9.2
148 verbose exit 0
149 info ok
