0 verbose cli /usr/local/bin/node /usr/local/bin/npm
1 info using npm@10.9.2
2 info using node@v22.17.0
3 silly config load:file:/usr/local/lib/node_modules/npm/npmrc
4 silly config load:file:/Users/cansle/Documents/AntigravityProjects/WordChallenge/native/.npmrc
5 silly config load:file:/Users/cansle/.npmrc
6 silly config load:file:/usr/local/etc/npmrc
7 verbose title npm install @react-native-voice/voice
8 verbose argv "install" "@react-native-voice/voice" "--cache" "./npm_cache"
9 verbose logfile logs-max:10 dir:/Users/cansle/Documents/AntigravityProjects/WordChallenge/native/npm_cache/_logs/2026-04-04T15_59_37_354Z-
10 verbose logfile /Users/cansle/Documents/AntigravityProjects/WordChallenge/native/npm_cache/_logs/2026-04-04T15_59_37_354Z-debug-0.log
11 silly logfile done cleaning log files
12 silly packumentCache heap:4345298944 maxSize:1086324736 maxEntrySize:543162368
13 silly idealTree buildDeps
14 silly fetch manifest @react-native-voice/voice@*
15 silly packumentCache full:https://registry.npmjs.org/@react-native-voice%2fvoice cache-miss
16 http fetch GET 200 https://registry.npmjs.org/@react-native-voice%2fvoice 841ms (cache miss)
17 silly packumentCache full:https://registry.npmjs.org/@react-native-voice%2fvoice set size:undefined disposed:false
18 silly fetch manifest react-native@0.81.5
19 silly packumentCache full:https://registry.npmjs.org/react-native cache-miss
20 http fetch GET 200 https://registry.npmjs.org/react-native 56ms (cache revalidated)
21 silly packumentCache full:https://registry.npmjs.org/react-native set size:15063753 disposed:false
22 silly fetch manifest @types/react@~19.1.10
23 silly packumentCache full:https://registry.npmjs.org/@types%2freact cache-miss
24 http fetch GET 200 https://registry.npmjs.org/@types%2freact 78ms (cache revalidated)
25 silly packumentCache full:https://registry.npmjs.org/@types%2freact set size:2588964 disposed:false
26 silly fetch manifest react@19.1.0
27 silly packumentCache full:https://registry.npmjs.org/react cache-miss
28 http fetch GET 200 https://registry.npmjs.org/react 54ms (cache revalidated)
29 silly packumentCache full:https://registry.npmjs.org/react set size:6585005 disposed:false
30 silly placeDep ROOT @react-native-voice/voice@3.2.4 OK for: native@1.0.0 want: *
31 silly fetch manifest @expo/config-plugins@^2.0.0
32 silly packumentCache full:https://registry.npmjs.org/@expo%2fconfig-plugins cache-miss
33 http fetch GET 200 https://registry.npmjs.org/@expo%2fconfig-plugins 58ms (cache revalidated)
34 silly packumentCache full:https://registry.npmjs.org/@expo%2fconfig-plugins set size:1132313 disposed:false
35 silly placeDep node_modules/@react-native-voice/voice @expo/config-plugins@2.0.4 OK for: @react-native-voice/voice@3.2.4 want: ^2.0.0
36 silly fetch manifest xml2js@^0.4.23
37 silly packumentCache full:https://registry.npmjs.org/xml2js cache-miss
38 silly fetch manifest fs-extra@9.0.0
39 silly packumentCache full:https://registry.npmjs.org/fs-extra cache-miss
40 silly fetch manifest @expo/plist@0.0.13
41 silly packumentCache full:https://registry.npmjs.org/@expo%2fplist cache-miss
42 silly fetch manifest @expo/json-file@8.2.30
43 silly packumentCache full:https://registry.npmjs.org/@expo%2fjson-file cache-miss
44 silly fetch manifest @expo/config-types@^41.0.0
45 silly packumentCache full:https://registry.npmjs.org/@expo%2fconfig-types cache-miss
46 http fetch GET 200 https://registry.npmjs.org/xml2js 38ms (cache miss)
47 silly packumentCache full:https://registry.npmjs.org/xml2js set size:undefined disposed:false
48 http fetch GET 200 https://registry.npmjs.org/fs-extra 92ms (cache revalidated)
49 silly packumentCache full:https://registry.npmjs.org/fs-extra set size:232595 disposed:false
50 http fetch GET 200 https://registry.npmjs.org/@expo%2fplist 102ms (cache revalidated)
51 silly packumentCache full:https://registry.npmjs.org/@expo%2fplist set size:493484 disposed:false
52 http fetch GET 200 https://registry.npmjs.org/@expo%2fjson-file 113ms (cache revalidated)
53 silly packumentCache full:https://registry.npmjs.org/@expo%2fjson-file set size:695901 disposed:false
54 http fetch GET 200 https://registry.npmjs.org/@expo%2fconfig-types 116ms (cache revalidated)
55 silly packumentCache full:https://registry.npmjs.org/@expo%2fconfig-types set size:713668 disposed:false
56 silly placeDep node_modules/@react-native-voice/voice @expo/config-types@41.0.0 OK for: @expo/config-plugins@2.0.4 want: ^41.0.0
57 silly placeDep node_modules/@react-native-voice/voice @expo/json-file@8.2.30 OK for: @expo/config-plugins@2.0.4 want: 8.2.30
58 silly placeDep node_modules/@react-native-voice/voice @expo/plist@0.0.13 OK for: @expo/config-plugins@2.0.4 want: 0.0.13
59 silly placeDep node_modules/@react-native-voice/voice fs-extra@9.0.0 OK for: @expo/config-plugins@2.0.4 want: 9.0.0
60 silly placeDep node_modules/@react-native-voice/voice xml2js@0.4.23 OK for: @expo/config-plugins@2.0.4 want: ^0.4.23
61 silly fetch manifest json5@^1.0.1
62 silly packumentCache full:https://registry.npmjs.org/json5 cache-miss
63 silly fetch manifest xmldom@~0.5.0
64 silly packumentCache full:https://registry.npmjs.org/xmldom cache-miss
65 silly fetch manifest universalify@^1.0.0
66 silly packumentCache full:https://registry.npmjs.org/universalify cache-miss
67 silly fetch manifest xmlbuilder@~11.0.0
68 silly packumentCache full:https://registry.npmjs.org/xmlbuilder cache-miss
69 http fetch GET 200 https://registry.npmjs.org/json5 33ms (cache miss)
70 silly packumentCache full:https://registry.npmjs.org/json5 set size:undefined disposed:false
71 http fetch GET 200 https://registry.npmjs.org/xmlbuilder 36ms (cache revalidated)
72 silly packumentCache full:https://registry.npmjs.org/xmlbuilder set size:158707 disposed:false
73 http fetch GET 200 https://registry.npmjs.org/xmldom 38ms (cache miss)
74 silly packumentCache full:https://registry.npmjs.org/xmldom set size:undefined disposed:false
75 http fetch GET 200 https://registry.npmjs.org/universalify 45ms (cache revalidated)
76 silly packumentCache full:https://registry.npmjs.org/universalify set size:19431 disposed:false
77 silly placeDep node_modules/@react-native-voice/voice json5@1.0.2 OK for: @expo/json-file@8.2.30 want: ^1.0.1
78 silly placeDep ROOT xmldom@0.5.0 OK for: @expo/plist@0.0.13 want: ~0.5.0
79 silly placeDep node_modules/@react-native-voice/voice universalify@1.0.0 OK for: fs-extra@9.0.0 want: ^1.0.0
80 silly placeDep node_modules/@react-native-voice/voice/node_modules/xml2js xmlbuilder@11.0.1 OK for: xml2js@0.4.23 want: ~11.0.0
81 silly reify moves {}
82 silly audit bulk request {
82 silly audit   '@0no-co/graphql.web': [ '1.2.0' ],
82 silly audit   '@babel/code-frame': [ '7.10.4', '7.29.0', '7.23.5' ],
82 silly audit   '@babel/compat-data': [ '7.29.0' ],
82 silly audit   '@babel/core': [ '7.29.0' ],
82 silly audit   semver: [
82 silly audit     '6.3.1', '7.7.4',
82 silly audit     '7.5.3', '7.5.2',
82 silly audit     '5.7.2', '7.3.2',
82 silly audit     '7.6.3', '7.5.4'
82 silly audit   ],
82 silly audit   '@babel/generator': [ '7.29.1' ],
82 silly audit   '@babel/helper-annotate-as-pure': [ '7.27.3' ],
82 silly audit   '@babel/helper-compilation-targets': [ '7.28.6' ],
82 silly audit   '@babel/helper-create-class-features-plugin': [ '7.28.6' ],
82 silly audit   '@babel/helper-create-regexp-features-plugin': [ '7.28.5' ],
82 silly audit   '@babel/helper-define-polyfill-provider': [ '0.6.8' ],
82 silly audit   '@babel/helper-globals': [ '7.28.0' ],
82 silly audit   '@babel/helper-member-expression-to-functions': [ '7.28.5' ],
82 silly audit   '@babel/helper-module-imports': [ '7.28.6' ],
82 silly audit   '@babel/helper-module-transforms': [ '7.28.6' ],
82 silly audit   '@babel/helper-optimise-call-expression': [ '7.27.1' ],
82 silly audit   '@babel/helper-plugin-utils': [ '7.28.6' ],
82 silly audit   '@babel/helper-remap-async-to-generator': [ '7.27.1' ],
82 silly audit   '@babel/helper-replace-supers': [ '7.28.6' ],
82 silly audit   '@babel/helper-skip-transparent-expression-wrappers': [ '7.27.1' ],
82 silly audit   '@babel/helper-string-parser': [ '7.27.1' ],
82 silly audit   '@babel/helper-validator-identifier': [ '7.28.5' ],
82 silly audit   '@babel/helper-validator-option': [ '7.27.1' ],
82 silly audit   '@babel/helper-wrap-function': [ '7.28.6' ],
82 silly audit   '@babel/helpers': [ '7.29.2' ],
82 silly audit   '@babel/highlight': [ '7.25.9' ],
82 silly audit   'ansi-styles': [ '3.2.1', '6.2.3', '4.3.0', '5.2.0' ],
82 silly audit   chalk: [ '2.4.2', '4.1.2' ],
82 silly audit   'color-convert': [ '1.9.3', '2.0.1' ],
82 silly audit   'color-name': [ '1.1.3', '1.1.4' ],
82 silly audit   'escape-string-regexp': [ '1.0.5', '4.0.0', '2.0.0' ],
82 silly audit   'has-flag': [ '3.0.0', '4.0.0' ],
82 silly audit   'supports-color': [ '5.5.0', '7.2.0', '8.1.1' ],
82 silly audit   '@babel/parser': [ '7.29.2' ],
82 silly audit   '@babel/plugin-proposal-decorators': [ '7.29.0' ],
82 silly audit   '@babel/plugin-proposal-export-default-from': [ '7.27.1' ],
82 silly audit   '@babel/plugin-syntax-async-generators': [ '7.8.4' ],
82 silly audit   '@babel/plugin-syntax-bigint': [ '7.8.3' ],
82 silly audit   '@babel/plugin-syntax-class-properties': [ '7.12.13' ],
82 silly audit   '@babel/plugin-syntax-class-static-block': [ '7.14.5' ],
82 silly audit   '@babel/plugin-syntax-decorators': [ '7.28.6' ],
82 silly audit   '@babel/plugin-syntax-dynamic-import': [ '7.8.3' ],
82 silly audit   '@babel/plugin-syntax-export-default-from': [ '7.28.6' ],
82 silly audit   '@babel/plugin-syntax-flow': [ '7.28.6' ],
82 silly audit   '@babel/plugin-syntax-import-attributes': [ '7.28.6' ],
82 silly audit   '@babel/plugin-syntax-import-meta': [ '7.10.4' ],
82 silly audit   '@babel/plugin-syntax-json-strings': [ '7.8.3' ],
82 silly audit   '@babel/plugin-syntax-jsx': [ '7.28.6' ],
82 silly audit   '@babel/plugin-syntax-logical-assignment-operators': [ '7.10.4' ],
82 silly audit   '@babel/plugin-syntax-nullish-coalescing-operator': [ '7.8.3' ],
82 silly audit   '@babel/plugin-syntax-numeric-separator': [ '7.10.4' ],
82 silly audit   '@babel/plugin-syntax-object-rest-spread': [ '7.8.3' ],
82 silly audit   '@babel/plugin-syntax-optional-catch-binding': [ '7.8.3' ],
82 silly audit   '@babel/plugin-syntax-optional-chaining': [ '7.8.3' ],
82 silly audit   '@babel/plugin-syntax-private-property-in-object': [ '7.14.5' ],
82 silly audit   '@babel/plugin-syntax-top-level-await': [ '7.14.5' ],
82 silly audit   '@babel/plugin-syntax-typescript': [ '7.28.6' ],
82 silly audit   '@babel/plugin-transform-arrow-functions': [ '7.27.1' ],
82 silly audit   '@babel/plugin-transform-async-generator-functions': [ '7.29.0' ],
82 silly audit   '@babel/plugin-transform-async-to-generator': [ '7.28.6' ],
82 silly audit   '@babel/plugin-transform-block-scoping': [ '7.28.6' ],
82 silly audit   '@babel/plugin-transform-class-properties': [ '7.28.6' ],
82 silly audit   '@babel/plugin-transform-class-static-block': [ '7.28.6' ],
82 silly audit   '@babel/plugin-transform-classes': [ '7.28.6' ],
82 silly audit   '@babel/plugin-transform-computed-properties': [ '7.28.6' ],
82 silly audit   '@babel/plugin-transform-destructuring': [ '7.28.5' ],
82 silly audit   '@babel/plugin-transform-export-namespace-from': [ '7.27.1' ],
82 silly audit   '@babel/plugin-transform-flow-strip-types': [ '7.27.1' ],
82 silly audit   '@babel/plugin-transform-for-of': [ '7.27.1' ],
82 silly audit   '@babel/plugin-transform-function-name': [ '7.27.1' ],
82 silly audit   '@babel/plugin-transform-literals': [ '7.27.1' ],
82 silly audit   '@babel/plugin-transform-logical-assignment-operators': [ '7.28.6' ],
82 silly audit   '@babel/plugin-transform-modules-commonjs': [ '7.28.6' ],
82 silly audit   '@babel/plugin-transform-named-capturing-groups-regex': [ '7.29.0' ],
82 silly audit   '@babel/plugin-transform-nullish-coalescing-operator': [ '7.28.6' ],
82 silly audit   '@babel/plugin-transform-numeric-separator': [ '7.28.6' ],
82 silly audit   '@babel/plugin-transform-object-rest-spread': [ '7.28.6' ],
82 silly audit   '@babel/plugin-transform-optional-catch-binding': [ '7.28.6' ],
82 silly audit   '@babel/plugin-transform-optional-chaining': [ '7.28.6' ],
82 silly audit   '@babel/plugin-transform-parameters': [ '7.27.7' ],
82 silly audit   '@babel/plugin-transform-private-methods': [ '7.28.6' ],
82 silly audit   '@babel/plugin-transform-private-property-in-object': [ '7.28.6' ],
82 silly audit   '@babel/plugin-transform-react-display-name': [ '7.28.0' ],
82 silly audit   '@babel/plugin-transform-react-jsx': [ '7.28.6' ],
82 silly audit   '@babel/plugin-transform-react-jsx-development': [ '7.27.1' ],
82 silly audit   '@babel/plugin-transform-react-jsx-self': [ '7.27.1' ],
82 silly audit   '@babel/plugin-transform-react-jsx-source': [ '7.27.1' ],
82 silly audit   '@babel/plugin-transform-react-pure-annotations': [ '7.27.1' ],
82 silly audit   '@babel/plugin-transform-regenerator': [ '7.29.0' ],
82 silly audit   '@babel/plugin-transform-runtime': [ '7.29.0' ],
82 silly audit   '@babel/plugin-transform-shorthand-properties': [ '7.27.1' ],
82 silly audit   '@babel/plugin-transform-spread': [ '7.28.6' ],
82 silly audit   '@babel/plugin-transform-sticky-regex': [ '7.27.1' ],
82 silly audit   '@babel/plugin-transform-typescript': [ '7.28.6' ],
82 silly audit   '@babel/plugin-transform-unicode-regex': [ '7.27.1' ],
82 silly audit   '@babel/preset-react': [ '7.28.5' ],
82 silly audit   '@babel/preset-typescript': [ '7.28.5' ],
82 silly audit   '@babel/runtime': [ '7.29.2' ],
82 silly audit   '@babel/template': [ '7.28.6' ],
82 silly audit   '@babel/traverse': [ '7.29.0' ],
82 silly audit   '@babel/types': [ '7.29.0' ],
82 silly audit   '@cspotcode/source-map-support': [ '0.8.1' ],
82 silly audit   '@jridgewell/trace-mapping': [ '0.3.9', '0.3.31' ],
82 silly audit   '@expo-google-fonts/noto-sans-kr': [ '0.4.3' ],
82 silly audit   '@expo-google-fonts/outfit': [ '0.4.3' ],
82 silly audit   '@expo-google-fonts/plus-jakarta-sans': [ '0.4.2' ],
82 silly audit   '@expo/apple-utils': [ '2.0.3' ],
82 silly audit   '@expo/bunyan': [ '4.0.1' ],
82 silly audit   uuid: [ '8.3.2', '9.0.1', '7.0.3' ],
82 silly audit   '@expo/cli': [ '54.0.23' ],
82 silly audit   '@expo/code-signing-certificates': [ '0.0.6', '0.0.5' ],
82 silly audit   '@expo/config': [ '12.0.13', '8.5.4' ],
82 silly audit   '@expo/config-plugins': [ '54.0.4', '7.8.4', '2.0.4' ],
82 silly audit   '@expo/config-types': [ '54.0.10', '50.0.1', '41.0.0' ],
82 silly audit   '@expo/env': [ '2.0.11', '0.3.0' ],
82 silly audit   '@expo/image-utils': [ '0.8.12', '0.4.2' ],
82 silly audit   '@expo/json-file': [ '10.0.13', '8.3.3', '8.2.37', '8.2.30' ],
82 silly audit   '@expo/osascript': [ '2.4.2', '2.0.33' ],
82 silly audit   '@expo/package-manager': [ '1.10.3', '1.1.2' ],
82 silly audit   '@expo/plist': [ '0.4.8', '0.1.3', '0.0.20', '0.0.13' ],
82 silly audit   '@expo/prebuild-config': [ '54.0.8', '6.7.3' ],
82 silly audit   '@expo/spawn-async': [ '1.7.2', '1.5.0', '1.7.0' ],
82 silly audit   '@urql/core': [ '5.2.0', '4.0.11' ],
82 silly audit   '@urql/exchange-retry': [ '1.3.2', '1.2.0' ],
82 silly audit   '@xmldom/xmldom': [ '0.8.12', '0.7.13' ],
82 silly audit   'ansi-regex': [ '4.1.1', '6.2.2', '5.0.1' ],
82 silly audit   'balanced-match': [ '4.0.4', '1.0.2' ],
82 silly audit   chownr: [ '3.0.0', '2.0.0' ],
82 silly audit   'cli-cursor': [ '2.1.0', '3.1.0' ],
82 silly audit   commander: [ '4.1.1', '7.2.0', '12.1.0', '2.20.3' ],
82 silly audit   dotenv: [ '16.4.7', '16.3.1', '16.6.1' ],
82 silly audit   getenv: [ '2.0.0', '1.0.0' ],
82 silly audit   glob: [ '13.0.6', '7.1.6', '10.5.0', '6.0.4' ],
82 silly audit   'brace-expansion': [ '5.0.5', '1.1.13', '2.0.3' ],
82 silly audit   minimatch: [ '10.2.5', '9.0.9', '3.1.5', '5.1.2' ],
82 silly audit   'hosted-git-info': [ '7.0.2', '3.0.8' ],
82 silly audit   'log-symbols': [ '2.2.0', '4.1.0' ],
82 silly audit   'lru-cache': [ '10.4.3', '6.0.0', '5.1.1', '11.2.7' ],
82 silly audit   'mimic-fn': [ '1.2.0', '2.1.0' ],
82 silly audit   minizlib: [ '3.1.0', '3.0.1', '2.1.2' ],
82 silly audit   'node-forge': [ '1.4.0', '1.3.1' ],
82 silly audit   'npm-package-arg': [ '11.0.3', '7.0.0' ],
82 silly audit   onetime: [ '2.0.1', '5.1.2' ],
82 silly audit   ora: [ '3.4.0', '5.1.0' ],
82 silly audit   'qrcode-terminal': [ '0.11.0', '0.12.0' ],
82 silly audit   'restore-cursor': [ '2.0.0', '3.1.0' ],
82 silly audit   'strip-ansi': [ '5.2.0', '7.2.0', '6.0.1' ],
82 silly audit   sucrase: [ '3.35.1', '3.34.0' ],
82 silly audit   tar: [ '7.5.13', '6.2.1' ],
82 silly audit   'validate-npm-package-name': [ '5.0.1', '3.0.0' ],
82 silly audit   xmlbuilder: [ '15.1.1', '11.0.1', '14.0.0' ],
82 silly audit   yallist: [ '5.0.0', '4.0.0', '3.1.1' ],
82 silly audit   '@expo/devcert': [ '1.2.1' ],
82 silly audit   debug: [ '3.2.7', '2.6.9', '4.4.3' ],
82 silly audit   '@expo/devtools': [ '0.1.8' ],
82 silly audit   '@expo/eas-build-job': [ '1.0.141' ],
82 silly audit   joi: [ '17.13.3', '17.11.0' ],
82 silly audit   '@expo/eas-json': [ '12.6.2' ],
82 silly audit   tslib: [ '2.4.1', '2.6.2' ],
82 silly audit   '@expo/fingerprint': [ '0.6.1', '0.15.4' ],
82 silly audit   'cross-spawn': [ '6.0.6', '7.0.6' ],
82 silly audit   'fs-extra': [ '9.0.0', '10.1.0', '9.1.0', '11.2.0' ],
82 silly audit   'path-key': [ '2.0.1', '3.1.1' ],
82 silly audit   'shebang-command': [ '1.2.0', '2.0.0' ],
82 silly audit   'shebang-regex': [ '1.0.0', '3.0.0' ],
82 silly audit   universalify: [ '1.0.0', '2.0.1' ],
82 silly audit   which: [ '1.3.1', '2.0.2' ],
82 silly audit   '@expo/logger': [ '1.0.117' ],
82 silly audit   '@expo/metro': [ '54.2.0' ],
82 silly audit   '@expo/metro-config': [ '54.0.14' ],
82 silly audit   '@expo/metro-runtime': [ '6.1.2' ],
82 silly audit   '@expo/multipart-body-parser': [ '1.1.0' ],
82 silly audit   '@expo/pkcs12': [ '0.0.8' ],
82 silly audit   '@expo/plugin-help': [ '5.1.23' ],
82 silly audit   '@oclif/core': [ '2.16.0', '1.26.2' ],
82 silly audit   '@expo/plugin-warn-if-update-available': [ '2.5.1' ],
82 silly audit   '@expo/results': [ '1.0.0' ],
82 silly audit   '@expo/rudder-sdk-node': [ '1.1.1' ],
82 silly audit   '@expo/schema-utils': [ '0.1.8' ],
82 silly audit   '@expo/sdk-runtime-versions': [ '1.0.0' ],
82 silly audit   '@expo/steps': [ '1.0.141' ],
82 silly audit   '@expo/sudo-prompt': [ '9.3.2' ],
82 silly audit   '@expo/timeago.js': [ '1.0.0' ],
82 silly audit   '@expo/vector-icons': [ '15.1.1' ],
82 silly audit   '@expo/ws-tunnel': [ '1.0.6' ],
82 silly audit   '@expo/xcpretty': [ '4.4.1' ],
82 silly audit   argparse: [ '2.0.1', '1.0.10' ],
82 silly audit   'js-yaml': [ '4.1.1', '3.14.2' ],
82 silly audit   '@hapi/hoek': [ '9.3.0' ],
82 silly audit   '@hapi/topo': [ '5.1.0' ],
82 silly audit   '@isaacs/cliui': [ '8.0.2' ],
82 silly audit   'emoji-regex': [ '9.2.2', '8.0.0' ],
82 silly audit   'string-width': [ '5.1.2', '4.2.3' ],
82 silly audit   'wrap-ansi': [ '8.1.0', '7.0.0' ],
82 silly audit   '@isaacs/fs-minipass': [ '4.0.1' ],
82 silly audit   '@isaacs/ttlcache': [ '1.4.1' ],
82 silly audit   '@istanbuljs/load-nyc-config': [ '1.1.0' ],
82 silly audit   camelcase: [ '5.3.1', '6.3.0' ],
82 silly audit   'find-up': [ '4.1.0', '5.0.0' ],
82 silly audit   'locate-path': [ '5.0.0', '6.0.0' ],
82 silly audit   'p-limit': [ '2.3.0', '3.1.0' ],
82 silly audit   'p-locate': [ '4.1.0', '5.0.0' ],
82 silly audit   '@istanbuljs/schema': [ '0.1.3' ],
82 silly audit   '@jest/create-cache-key-function': [ '29.7.0' ],
82 silly audit   '@jest/environment': [ '29.7.0' ],
82 silly audit   '@jest/fake-timers': [ '29.7.0' ],
82 silly audit   '@jest/schemas': [ '29.6.3' ],
82 silly audit   '@jest/transform': [ '29.7.0' ],
82 silly audit   'write-file-atomic': [ '4.0.2', '2.4.3' ],
82 silly audit   '@jest/types': [ '29.6.3' ],
82 silly audit   '@jridgewell/gen-mapping': [ '0.3.13' ],
82 silly audit   '@jridgewell/remapping': [ '2.3.5' ],
82 silly audit   '@jridgewell/resolve-uri': [ '3.1.2' ],
82 silly audit   '@jridgewell/source-map': [ '0.3.11' ],
82 silly audit   '@jridgewell/sourcemap-codec': [ '1.5.5' ],
82 silly audit   '@nodelib/fs.scandir': [ '2.1.5' ],
82 silly audit   '@nodelib/fs.stat': [ '2.0.5' ],
82 silly audit   '@nodelib/fs.walk': [ '1.2.8' ],
82 silly audit   '@oclif/linewrap': [ '1.0.0' ],
82 silly audit   '@oclif/plugin-autocomplete': [ '2.3.10' ],
82 silly audit   '@oclif/screen': [ '3.0.8' ],
82 silly audit   '@pkgjs/parseargs': [ '0.11.0' ],
82 silly audit   '@radix-ui/primitive': [ '1.1.3' ],
82 silly audit   '@radix-ui/react-collection': [ '1.1.7' ],
82 silly audit   '@radix-ui/react-slot': [ '1.2.3', '1.2.0' ],
82 silly audit   '@radix-ui/react-compose-refs': [ '1.1.2' ],
82 silly audit   '@radix-ui/react-context': [ '1.1.2' ],
82 silly audit   '@radix-ui/react-dialog': [ '1.1.15' ],
82 silly audit   '@radix-ui/react-direction': [ '1.1.1' ],
82 silly audit   '@radix-ui/react-dismissable-layer': [ '1.1.11' ],
82 silly audit   '@radix-ui/react-focus-guards': [ '1.1.3' ],
82 silly audit   '@radix-ui/react-focus-scope': [ '1.1.7' ],
82 silly audit   '@radix-ui/react-id': [ '1.1.1' ],
82 silly audit   '@radix-ui/react-portal': [ '1.1.9' ],
82 silly audit   '@radix-ui/react-presence': [ '1.1.5' ],
82 silly audit   '@radix-ui/react-primitive': [ '2.1.3' ],
82 silly audit   '@radix-ui/react-roving-focus': [ '1.1.11' ],
82 silly audit   '@radix-ui/react-tabs': [ '1.1.13' ],
82 silly audit   '@radix-ui/react-use-callback-ref': [ '1.1.1' ],
82 silly audit   '@radix-ui/react-use-controllable-state': [ '1.2.2' ],
82 silly audit   '@radix-ui/react-use-effect-event': [ '0.0.2' ],
82 silly audit   '@radix-ui/react-use-escape-keydown': [ '1.1.1' ],
82 silly audit   '@radix-ui/react-use-layout-effect': [ '1.1.1' ],
82 silly audit   '@react-native/assets-registry': [ '0.81.5' ],
82 silly audit   '@react-native/babel-plugin-codegen': [ '0.81.5' ],
82 silly audit   '@react-native/babel-preset': [ '0.81.5' ],
82 silly audit   '@react-native/codegen': [ '0.81.5' ],
82 silly audit   '@react-native/community-cli-plugin': [ '0.81.5' ],
82 silly audit   '@react-native/debugger-frontend': [ '0.81.5' ],
82 silly audit   '@react-native/dev-middleware': [ '0.81.5' ],
82 silly audit   open: [ '7.4.2', '8.4.2' ],
82 silly audit   ws: [ '6.2.3', '7.5.10', '8.20.0' ],
82 silly audit   '@react-native/gradle-plugin': [ '0.81.5' ],
82 silly audit   '@react-native/js-polyfills': [ '0.81.5' ],
82 silly audit   '@react-native/normalize-color': [ '2.1.0' ],
82 silly audit   '@react-native/normalize-colors': [ '0.81.5' ],
82 silly audit   '@react-native/virtualized-lists': [ '0.81.5' ],
82 silly audit   '@react-navigation/bottom-tabs': [ '7.15.9' ],
82 silly audit   '@react-navigation/core': [ '7.17.2' ],
82 silly audit   nanoid: [ '3.3.11', '3.3.4' ],
82 silly audit   '@react-navigation/elements': [ '2.9.14' ],
82 silly audit   '@react-navigation/native': [ '7.2.2' ],
82 silly audit   '@react-navigation/native-stack': [ '7.14.10' ],
82 silly audit   '@react-navigation/routers': [ '7.5.3' ],
82 silly audit   '@segment/ajv-human-errors': [ '2.16.0' ],
82 silly audit   '@segment/loosely-validate-event': [ '2.0.0' ],
82 silly audit   '@sideway/address': [ '4.1.5' ],
82 silly audit   '@sideway/formula': [ '3.0.1' ],
82 silly audit   '@sideway/pinpoint': [ '2.0.0' ],
82 silly audit   '@sinclair/typebox': [ '0.27.10' ],
82 silly audit   '@sinonjs/commons': [ '3.0.1' ],
82 silly audit   '@sinonjs/fake-timers': [ '10.3.0' ],
82 silly audit   '@tsconfig/node10': [ '1.0.12' ],
82 silly audit   '@tsconfig/node12': [ '1.0.11' ],
82 silly audit   '@tsconfig/node14': [ '1.0.3' ],
82 silly audit   '@tsconfig/node16': [ '1.0.4' ],
82 silly audit   '@types/babel__core': [ '7.20.5' ],
82 silly audit   '@types/babel__generator': [ '7.27.0' ],
82 silly audit   '@types/babel__template': [ '7.4.4' ],
82 silly audit   '@types/babel__traverse': [ '7.28.0' ],
82 silly audit   '@types/bunyan': [ '1.8.11' ],
82 silly audit   '@types/cli-progress': [ '3.11.6' ],
82 silly audit   '@types/graceful-fs': [ '4.1.9' ],
82 silly audit   '@types/istanbul-lib-coverage': [ '2.0.6' ],
82 silly audit   '@types/istanbul-lib-report': [ '3.0.3' ],
82 silly audit   '@types/istanbul-reports': [ '3.0.4' ],
82 silly audit   '@types/node': [ '25.5.2' ],
82 silly audit   '@types/react': [ '19.1.17' ],
82 silly audit   '@types/stack-utils': [ '2.0.3' ],
82 silly audit   '@types/yargs': [ '17.0.35' ],
82 silly audit   '@types/yargs-parser': [ '21.0.3' ],
82 silly audit   '@ungap/structured-clone': [ '1.3.0' ],
82 silly audit   'abort-controller': [ '3.0.0' ],
82 silly audit   accepts: [ '1.3.8' ],
82 silly audit   acorn: [ '8.16.0' ],
82 silly audit   'acorn-walk': [ '8.3.5' ],
82 silly audit   'agent-base': [ '6.0.2', '7.1.4' ],
82 silly audit   ajv: [ '8.11.0' ],
82 silly audit   'ajv-formats': [ '2.1.1' ],
82 silly audit   anser: [ '1.4.10' ],
82 silly audit   'ansi-escapes': [ '4.3.2' ],
82 silly audit   ansicolors: [ '0.3.2' ],
82 silly audit   'any-promise': [ '1.3.0' ],
82 silly audit   anymatch: [ '3.1.3' ],
82 silly audit   picomatch: [ '2.3.2', '3.0.2', '4.0.4' ],
82 silly audit   arg: [ '5.0.2', '4.1.3' ],
82 silly audit   'aria-hidden': [ '1.2.6' ],
82 silly audit   'array-union': [ '2.1.0' ],
82 silly audit   asap: [ '2.0.6' ],
82 silly audit   asn1: [ '0.2.6' ],
82 silly audit   'astral-regex': [ '2.0.0' ],
82 silly audit   async: [ '3.2.6' ],
82 silly audit   'async-limiter': [ '1.0.1' ],
82 silly audit   asynckit: [ '0.4.0' ],
82 silly audit   'at-least-node': [ '1.0.0' ],
82 silly audit   b4a: [ '1.8.0' ],
82 silly audit   'babel-jest': [ '29.7.0' ],
82 silly audit   'babel-plugin-istanbul': [ '6.1.1' ],
82 silly audit   'babel-plugin-jest-hoist': [ '29.6.3' ],
82 silly audit   'babel-plugin-polyfill-corejs2': [ '0.4.17' ],
82 silly audit   'babel-plugin-polyfill-corejs3': [ '0.13.0' ],
82 silly audit   'babel-plugin-polyfill-regenerator': [ '0.6.8' ],
82 silly audit   'babel-plugin-react-compiler': [ '1.0.0' ],
82 silly audit   'babel-plugin-react-native-web': [ '0.21.2' ],
82 silly audit   'babel-plugin-syntax-hermes-parser': [ '0.29.1' ],
82 silly audit   'babel-plugin-transform-flow-enums': [ '0.0.2' ],
82 silly audit   'babel-preset-current-node-syntax': [ '1.2.0' ],
82 silly audit   'babel-preset-expo': [ '54.0.10' ],
82 silly audit   'babel-preset-jest': [ '29.6.3' ],
82 silly audit   'bare-events': [ '2.8.2' ],
82 silly audit   'base64-js': [ '1.5.1' ],
82 silly audit   'baseline-browser-mapping': [ '2.10.14' ],
82 silly audit   'better-opn': [ '3.0.2' ],
82 silly audit   'big-integer': [ '1.6.52' ],
82 silly audit   boolbase: [ '1.0.0' ],
82 silly audit   'bplist-creator': [ '0.1.0' ],
82 silly audit   'bplist-parser': [ '0.3.2', '0.3.1' ],
82 silly audit   braces: [ '3.0.3' ],
82 silly audit   browserslist: [ '4.28.2' ],
82 silly audit   bser: [ '2.1.1' ],
82 silly audit   buffer: [ '5.7.1' ],
82 silly audit   'buffer-equal-constant-time': [ '1.0.1' ],
82 silly audit   'buffer-from': [ '1.1.2' ],
82 silly audit   builtins: [ '1.0.3' ],
82 silly audit   bunyan: [ '1.8.15' ],
82 silly audit   bytes: [ '3.1.2' ],
82 silly audit   'caniuse-lite': [ '1.0.30001785' ],
82 silly audit   cardinal: [ '2.1.1' ],
82 silly audit   charenc: [ '0.0.2' ],
82 silly audit   'chrome-launcher': [ '0.15.2' ],
82 silly audit   'chromium-edge-launcher': [ '0.2.0' ],
82 silly audit   'ci-info': [ '3.9.0', '2.0.0' ],
82 silly audit   'clean-stack': [ '3.0.1' ],
82 silly audit   'cli-progress': [ '3.12.0' ],
82 silly audit   'cli-spinners': [ '2.9.2' ],
82 silly audit   'client-only': [ '0.0.1' ],
82 silly audit   cliui: [ '8.0.1' ],
82 silly audit   clone: [ '1.0.4' ],
82 silly audit   color: [ '4.2.3' ],
82 silly audit   'color-string': [ '1.9.1' ],
82 silly audit   'combined-stream': [ '1.0.8' ],
82 silly audit   'component-type': [ '1.2.2' ],
82 silly audit   compressible: [ '2.0.18' ],
82 silly audit   compression: [ '1.8.1' ],
82 silly audit   ms: [ '2.0.0', '2.1.3' ],
82 silly audit   negotiator: [ '0.6.4', '0.6.3' ],
82 silly audit   'concat-map': [ '0.0.1' ],
82 silly audit   connect: [ '3.7.0' ],
82 silly audit   'content-type': [ '1.0.5' ],
82 silly audit   'convert-source-map': [ '2.0.0' ],
82 silly audit   'core-js-compat': [ '3.49.0' ],
82 silly audit   'create-require': [ '1.1.1' ],
82 silly audit   crypt: [ '0.0.2' ],
82 silly audit   'crypto-random-string': [ '1.0.0' ],
82 silly audit   'css-select': [ '5.2.2' ],
82 silly audit   'css-tree': [ '1.1.3' ],
82 silly audit   'source-map': [ '0.6.1', '0.5.7' ],
82 silly audit   'css-what': [ '6.2.2' ],
82 silly audit   csstype: [ '3.2.3' ],
82 silly audit   dateformat: [ '4.6.3' ],
82 silly audit   'decode-uri-component': [ '0.2.2' ],
82 silly audit   'deep-extend': [ '0.6.0' ],
82 silly audit   deepmerge: [ '4.3.1' ],
82 silly audit   defaults: [ '1.0.4' ],
82 silly audit   'define-lazy-prop': [ '2.0.0' ],
82 silly audit   'delayed-stream': [ '1.0.0' ],
82 silly audit   depd: [ '2.0.0' ],
82 silly audit   destroy: [ '1.2.0' ],
82 silly audit   'detect-libc': [ '2.1.2' ],
82 silly audit   'detect-node-es': [ '1.1.0' ],
82 silly audit   dicer: [ '0.3.1' ],
82 silly audit   diff: [ '4.0.4' ],
82 silly audit   'dir-glob': [ '3.0.1' ],
82 silly audit   'dom-serializer': [ '2.0.0' ],
82 silly audit   domelementtype: [ '2.3.0' ],
82 silly audit   domhandler: [ '5.0.3' ],
82 silly audit   domino: [ '2.1.7' ],
82 silly audit   domutils: [ '3.2.2' ],
82 silly audit   'dotenv-expand': [ '11.0.7' ],
82 silly audit   'dtrace-provider': [ '0.8.8' ],
82 silly audit   'eas-cli': [ '12.6.2' ],
82 silly audit   eastasianwidth: [ '0.2.0' ],
82 silly audit   'ecdsa-sig-formatter': [ '1.0.11' ],
82 silly audit   'ee-first': [ '1.1.1' ],
82 silly audit   ejs: [ '3.1.10' ],
82 silly audit   'electron-to-chromium': [ '1.5.331' ],
82 silly audit   encodeurl: [ '1.0.2', '2.0.0' ],
82 silly audit   entities: [ '4.5.0' ],
82 silly audit   'env-editor': [ '0.4.2' ],
82 silly audit   'env-paths': [ '2.2.0' ],
82 silly audit   'env-string': [ '1.0.1' ],
82 silly audit   envinfo: [ '7.11.0' ],
82 silly audit   'err-code': [ '2.0.3' ],
82 silly audit   'error-ex': [ '1.3.4' ],
82 silly audit   'error-stack-parser': [ '2.1.4' ],
82 silly audit   escalade: [ '3.2.0' ],
82 silly audit   'escape-html': [ '1.0.3' ],
82 silly audit   esprima: [ '4.0.1' ],
82 silly audit   etag: [ '1.8.1' ],
82 silly audit   'event-target-shim': [ '5.0.1' ],
82 silly audit   'events-universal': [ '1.0.1' ],
82 silly audit   'exec-async': [ '2.2.0' ],
82 silly audit   expo: [ '54.0.33' ],
82 silly audit   'expo-asset': [ '12.0.12' ],
82 silly audit   'expo-blur': [ '15.0.8' ],
82 silly audit   'expo-constants': [ '18.0.13' ],
82 silly audit   'expo-file-system': [ '19.0.21' ],
82 silly audit   'expo-font': [ '14.0.11' ],
82 silly audit   'expo-haptics': [ '15.0.8' ],
82 silly audit   'expo-keep-awake': [ '15.0.8' ],
82 silly audit   'expo-linear-gradient': [ '15.0.8' ],
82 silly audit   'expo-linking': [ '8.0.11' ],
82 silly audit   'expo-modules-autolinking': [ '3.0.24' ],
82 silly audit   'expo-modules-core': [ '3.0.29' ],
82 silly audit   'expo-router': [ '6.0.23' ],
82 silly audit   'expo-server': [ '1.0.5' ],
82 silly audit   'expo-speech': [ '14.0.8' ],
82 silly audit   'expo-splash-screen': [ '31.0.13' ],
82 silly audit   'expo-status-bar': [ '3.0.9' ],
82 silly audit   ignore: [ '5.3.2', '5.3.0' ],
82 silly audit   'exponential-backoff': [ '3.1.3' ],
82 silly audit   'fast-deep-equal': [ '3.1.3' ],
82 silly audit   'fast-fifo': [ '1.3.2' ],
82 silly audit   'fast-glob': [ '3.3.2' ],
82 silly audit   'fast-json-stable-stringify': [ '2.1.0' ],
82 silly audit   fastq: [ '1.20.1' ],
82 silly audit   'fb-watchman': [ '2.0.2' ],
82 silly audit   fdir: [ '6.5.0' ],
82 silly audit   'fetch-retry': [ '4.1.1' ],
82 silly audit   figures: [ '3.2.0' ],
82 silly audit   filelist: [ '1.0.6' ],
82 silly audit   'fill-range': [ '7.1.1' ],
82 silly audit   'filter-obj': [ '1.1.0' ],
82 silly audit   finalhandler: [ '1.1.2' ],
82 silly audit   'find-yarn-workspace-root': [ '2.0.0' ],
82 silly audit   'flow-enums-runtime': [ '0.0.6' ],
82 silly audit   fontfaceobserver: [ '2.3.0' ],
82 silly audit   'foreground-child': [ '3.3.1' ],
82 silly audit   'signal-exit': [ '4.1.0', '3.0.7' ],
82 silly audit   'form-data': [ '4.0.0' ],
82 silly audit   'freeport-async': [ '2.0.0' ],
82 silly audit   fresh: [ '0.5.2' ],
82 silly audit   'fs-minipass': [ '2.1.0' ],
82 silly audit   minipass: [ '3.3.6', '7.1.3', '5.0.0' ],
82 silly audit   'fs.realpath': [ '1.0.0' ],
82 silly audit   fsevents: [ '2.3.3' ],
82 silly audit   'function-bind': [ '1.1.2' ],
82 silly audit   gensync: [ '1.0.0-beta.2' ],
82 silly audit   'get-caller-file': [ '2.0.5' ],
82 silly audit   'get-nonce': [ '1.0.1' ],
82 silly audit   'get-package-type': [ '0.1.0' ],
82 silly audit   'glob-parent': [ '5.1.2' ],
82 silly audit   globby: [ '11.1.0' ],
82 silly audit   'golden-fleece': [ '1.0.9' ],
82 silly audit   'graceful-fs': [ '4.2.11' ],
82 silly audit   'gradle-to-js': [ '2.0.1' ],
82 silly audit   graphql: [ '16.8.1' ],
82 silly audit   'graphql-tag': [ '2.12.6' ],
82 silly audit   hasown: [ '2.0.2' ],
82 silly audit   'hermes-estree': [ '0.29.1', '0.32.0' ],
82 silly audit   'hermes-parser': [ '0.29.1', '0.32.0' ],
82 silly audit   'http-call': [ '5.3.0' ],
82 silly audit   'http-errors': [ '2.0.1' ],
82 silly audit   statuses: [ '2.0.2', '1.5.0' ],
82 silly audit   'https-proxy-agent': [ '5.0.1', '7.0.6' ],
82 silly audit   hyperlinker: [ '1.0.0' ],
82 silly audit   ieee754: [ '1.2.1' ],
82 silly audit   'image-size': [ '1.2.1' ],
82 silly audit   imurmurhash: [ '0.1.4' ],
82 silly audit   'indent-string': [ '4.0.0' ],
82 silly audit   inflight: [ '1.0.6' ],
82 silly audit   inherits: [ '2.0.4' ],
82 silly audit   ini: [ '1.3.8' ],
82 silly audit   invariant: [ '2.2.4' ],
82 silly audit   'is-arrayish': [ '0.2.1', '0.3.4' ],
82 silly audit   'is-buffer': [ '1.1.6' ],
82 silly audit   'is-core-module': [ '2.16.1' ],
82 silly audit   'is-docker': [ '2.2.1' ],
82 silly audit   'is-extglob': [ '2.1.1' ],
82 silly audit   'is-fullwidth-code-point': [ '3.0.0' ],
82 silly audit   'is-glob': [ '4.0.3' ],
82 silly audit   'is-interactive': [ '1.0.0' ],
82 silly audit   'is-number': [ '7.0.0' ],
82 silly audit   'is-retry-allowed': [ '1.2.0' ],
82 silly audit   'is-stream': [ '2.0.1' ],
82 silly audit   'is-unicode-supported': [ '0.1.0' ],
82 silly audit   'is-wsl': [ '2.2.0' ],
82 silly audit   isexe: [ '2.0.0' ],
82 silly audit   'istanbul-lib-coverage': [ '3.2.2' ],
82 silly audit   'istanbul-lib-instrument': [ '5.2.1' ],
82 silly audit   jackspeak: [ '3.4.3' ],
82 silly audit   jake: [ '10.9.4' ],
82 silly audit   'jest-environment-node': [ '29.7.0' ],
82 silly audit   'jest-get-type': [ '29.6.3' ],
82 silly audit   'jest-haste-map': [ '29.7.0' ],
82 silly audit   'jest-message-util': [ '29.7.0' ],
82 silly audit   'jest-mock': [ '29.7.0' ],
82 silly audit   'jest-regex-util': [ '29.6.3' ],
82 silly audit   'jest-util': [ '29.7.0' ],
82 silly audit   'jest-validate': [ '29.7.0' ],
82 silly audit   'jest-worker': [ '29.7.0' ],
82 silly audit   'jimp-compact': [ '0.16.1' ],
82 silly audit   'jks-js': [ '1.1.0' ],
82 silly audit   'join-component': [ '1.1.0' ],
82 silly audit   'js-tokens': [ '4.0.0' ],
82 silly audit   'jsc-safe-url': [ '0.2.4' ],
82 silly audit   jsep: [ '1.4.0' ],
82 silly audit   jsesc: [ '3.1.0' ],
82 silly audit   'json-parse-better-errors': [ '1.0.2' ],
82 silly audit   'json-schema-traverse': [ '1.0.0' ],
82 silly audit   json5: [ '2.2.3', '1.0.2' ],
82 silly audit   jsonfile: [ '6.2.0' ],
82 silly audit   jsonwebtoken: [ '9.0.0' ],
82 silly audit   jwa: [ '1.4.2' ],
82 silly audit   jws: [ '3.2.3' ],
82 silly audit   keychain: [ '1.5.0' ],
82 silly audit   kleur: [ '3.0.3' ],
82 silly audit   'lan-network': [ '0.1.7' ],
82 silly audit   leven: [ '3.1.0' ],
82 silly audit   'lighthouse-logger': [ '1.4.2' ],
82 silly audit   lightningcss: [ '1.32.0' ],
82 silly audit   'lightningcss-android-arm64': [ '1.32.0' ],
82 silly audit   'lightningcss-darwin-arm64': [ '1.32.0' ],
82 silly audit   'lightningcss-darwin-x64': [ '1.32.0' ],
82 silly audit   'lightningcss-freebsd-x64': [ '1.32.0' ],
82 silly audit   'lightningcss-linux-arm-gnueabihf': [ '1.32.0' ],
82 silly audit   'lightningcss-linux-arm64-gnu': [ '1.32.0' ],
82 silly audit   'lightningcss-linux-arm64-musl': [ '1.32.0' ],
82 silly audit   'lightningcss-linux-x64-gnu': [ '1.32.0' ],
82 silly audit   'lightningcss-linux-x64-musl': [ '1.32.0' ],
82 silly audit   'lightningcss-win32-arm64-msvc': [ '1.32.0' ],
82 silly audit   'lightningcss-win32-x64-msvc': [ '1.32.0' ],
82 silly audit   'lines-and-columns': [ '1.2.4' ],
82 silly audit   lodash: [ '4.18.1' ],
82 silly audit   'lodash.clonedeep': [ '4.5.0' ],
82 silly audit   'lodash.debounce': [ '4.0.8' ],
82 silly audit   'lodash.get': [ '4.4.2' ],
82 silly audit   'lodash.merge': [ '4.6.2' ],
82 silly audit   'lodash.throttle': [ '4.1.1' ],
82 silly audit   'loose-envify': [ '1.4.0' ],
82 silly audit   'lucide-react-native': [ '1.7.0' ],
82 silly audit   'make-error': [ '1.3.6' ],
82 silly audit   makeerror: [ '1.0.12' ],
82 silly audit   marky: [ '1.3.0' ],
82 silly audit   md5: [ '2.3.0' ],
82 silly audit   'mdn-data': [ '2.0.14' ],
82 silly audit   'memoize-one': [ '5.2.1' ],
82 silly audit   'merge-stream': [ '2.0.0' ],
82 silly audit   merge2: [ '1.4.1' ],
82 silly audit   metro: [ '0.83.3' ],
82 silly audit   'metro-babel-transformer': [ '0.83.3' ],
82 silly audit   'metro-cache': [ '0.83.3' ],
82 silly audit   'metro-cache-key': [ '0.83.3' ],
82 silly audit   'metro-config': [ '0.83.3' ],
82 silly audit   'metro-core': [ '0.83.3' ],
82 silly audit   'metro-file-map': [ '0.83.3' ],
82 silly audit   'metro-minify-terser': [ '0.83.3' ],
82 silly audit   'metro-resolver': [ '0.83.3' ],
82 silly audit   'metro-runtime': [ '0.83.3' ],
82 silly audit   'metro-source-map': [ '0.83.3' ],
82 silly audit   'metro-symbolicate': [ '0.83.3' ],
82 silly audit   'metro-transform-plugins': [ '0.83.3' ],
82 silly audit   'metro-transform-worker': [ '0.83.3' ],
82 silly audit   micromatch: [ '4.0.8' ],
82 silly audit   mime: [ '3.0.0', '1.6.0' ],
82 silly audit   'mime-db': [ '1.54.0', '1.52.0' ],
82 silly audit   'mime-types': [ '2.1.35' ],
82 silly audit   minimist: [ '1.2.8' ],
82 silly audit   'path-scurry': [ '1.11.1', '2.0.2' ],
82 silly audit   rimraf: [ '5.0.10', '2.4.5', '3.0.2' ],
82 silly audit   mkdirp: [ '1.0.4', '0.5.6' ],
82 silly audit   moment: [ '2.30.1' ],
82 silly audit   'mute-stream': [ '0.0.8' ],
82 silly audit   mv: [ '2.1.1' ],
82 silly audit   mz: [ '2.7.0' ],
82 silly audit   nan: [ '2.26.2' ],
82 silly audit   'natural-orderby': [ '2.0.3' ],
82 silly audit   ncp: [ '2.0.0' ],
82 silly audit   'nested-error-stacks': [ '2.0.1' ],
82 silly audit   'nice-try': [ '1.0.5' ],
82 silly audit   'node-fetch': [ '2.6.7' ],
82 silly audit   'node-int64': [ '0.4.0' ],
82 silly audit   'node-releases': [ '2.0.37' ],
82 silly audit   'node-rsa': [ '1.1.1' ],
82 silly audit   'normalize-path': [ '3.0.0' ],
82 silly audit   'nth-check': [ '2.1.1' ],
82 silly audit   nullthrows: [ '1.1.1' ],
82 silly audit   ob1: [ '0.83.3' ],
82 silly audit   'object-assign': [ '4.1.1' ],
82 silly audit   'object-treeify': [ '1.1.33' ],
82 silly audit   'on-finished': [ '2.3.0', '2.4.1' ],
82 silly audit   'on-headers': [ '1.1.0' ],
82 silly audit   once: [ '1.4.0' ],
82 silly audit   'os-homedir': [ '1.0.2' ],
82 silly audit   'os-tmpdir': [ '1.0.2' ],
82 silly audit   osenv: [ '0.1.5' ],
82 silly audit   'p-try': [ '2.2.0' ],
82 silly audit   'package-json-from-dist': [ '1.0.1' ],
82 silly audit   'parse-json': [ '4.0.0' ],
82 silly audit   'parse-png': [ '2.1.0' ],
82 silly audit   pngjs: [ '3.4.0', '7.0.0' ],
82 silly audit   parseurl: [ '1.3.3' ],
82 silly audit   'password-prompt': [ '1.1.3' ],
82 silly audit   'path-exists': [ '4.0.0' ],
82 silly audit   'path-is-absolute': [ '1.0.1' ],
82 silly audit   'path-parse': [ '1.0.7' ],
82 silly audit   'path-type': [ '4.0.0' ],
82 silly audit   picocolors: [ '1.1.1' ],
82 silly audit   pirates: [ '4.0.7' ],
82 silly audit   'pkg-dir': [ '4.2.0' ],
82 silly audit   plist: [ '3.1.0' ],
82 silly audit   postcss: [ '8.4.49' ],
82 silly audit   'pretty-bytes': [ '5.6.0' ],
82 silly audit   'pretty-format': [ '29.7.0' ],
82 silly audit   'react-is': [ '18.3.1', '19.2.4' ],
82 silly audit   'proc-log': [ '4.2.0' ],
82 silly audit   progress: [ '2.0.3' ],
82 silly audit   promise: [ '8.3.0' ],
82 silly audit   'promise-limit': [ '2.7.0' ],
82 silly audit   'promise-retry': [ '2.0.1' ],
82 silly audit   prompts: [ '2.4.2' ],
82 silly audit   punycode: [ '2.3.1' ],
82 silly audit   'query-string': [ '7.1.3' ],
82 silly audit   queue: [ '6.0.2' ],
82 silly audit   'queue-microtask': [ '1.2.3' ],
82 silly audit   'range-parser': [ '1.2.1' ],
82 silly audit   rc: [ '1.2.8' ],
82 silly audit   react: [ '19.1.0' ],
82 silly audit   'react-devtools-core': [ '6.1.5' ],
82 silly audit   'react-dom': [ '19.1.0' ],
82 silly audit   scheduler: [ '0.26.0', '0.27.0' ],
82 silly audit   'react-fast-compare': [ '3.2.2' ],
82 silly audit   'react-freeze': [ '1.0.4' ],
82 silly audit   'react-native': [ '0.81.5' ],
82 silly audit   'react-native-is-edge-to-edge': [ '1.3.1' ],
82 silly audit   'react-native-safe-area-context': [ '5.6.2' ],
82 silly audit   'react-native-screens': [ '4.16.0' ],
82 silly audit   'react-native-svg': [ '15.12.1' ],
82 silly audit   'react-refresh': [ '0.14.2' ],
82 silly audit   'react-remove-scroll': [ '2.7.2' ],
82 silly audit   'react-remove-scroll-bar': [ '2.3.8' ],
82 silly audit   'react-style-singleton': [ '2.2.3' ],
82 silly audit   redeyed: [ '2.1.1' ],
82 silly audit   regenerate: [ '1.4.2' ],
82 silly audit   'regenerate-unicode-properties': [ '10.2.2' ],
82 silly audit   'regenerator-runtime': [ '0.13.11' ],
82 silly audit   'regexpu-core': [ '6.4.0' ],
82 silly audit   regjsgen: [ '0.8.0' ],
82 silly audit   regjsparser: [ '0.13.0' ],
82 silly audit   'remove-trailing-slash': [ '0.1.1' ],
82 silly audit   'require-directory': [ '2.1.1' ],
82 silly audit   'require-from-string': [ '2.0.2' ],
82 silly audit   requireg: [ '0.2.2' ],
82 silly audit   resolve: [ '1.7.1', '1.22.11' ],
82 silly audit   'resolve-from': [ '5.0.0' ],
82 silly audit   'resolve-workspace-root': [ '2.0.1' ],
82 silly audit   'resolve.exports': [ '2.0.3' ],
82 silly audit   retry: [ '0.12.0' ],
82 silly audit   reusify: [ '1.1.0' ],
82 silly audit   'run-parallel': [ '1.2.0' ],
82 silly audit   'safe-buffer': [ '5.2.1' ],
82 silly audit   'safe-json-stringify': [ '1.2.0' ],
82 silly audit   'safer-buffer': [ '2.1.2' ],
82 silly audit   sax: [ '1.6.0' ],
82 silly audit   send: [ '0.19.2' ],
82 silly audit   'serialize-error': [ '2.1.0' ],
82 silly audit   'serve-static': [ '1.16.3' ],
82 silly audit   'server-only': [ '0.0.1' ],
82 silly audit   setprototypeof: [ '1.2.0' ],
82 silly audit   'sf-symbols-typescript': [ '2.2.0' ],
82 silly audit   shallowequal: [ '1.1.0' ],
82 silly audit   'shell-quote': [ '1.8.3' ],
82 silly audit   'simple-plist': [ '1.3.1' ],
82 silly audit   'simple-swizzle': [ '0.2.4' ],
82 silly audit   sisteransi: [ '1.0.5' ],
82 silly audit   slash: [ '3.0.0' ],
82 silly audit   'slice-ansi': [ '4.0.0' ],
82 silly audit   slugify: [ '1.6.9' ],
82 silly audit   'source-map-js': [ '1.2.1' ],
82 silly audit   'source-map-support': [ '0.5.21' ],
82 silly audit   split: [ '1.0.1' ],
82 silly audit   'split-on-first': [ '1.1.0' ],
82 silly audit   'sprintf-js': [ '1.0.3' ],
82 silly audit   'stack-utils': [ '2.0.6' ],
82 silly audit   stackframe: [ '1.3.4' ],
82 silly audit   'stacktrace-parser': [ '0.1.11' ],
82 silly audit   'type-fest': [ '0.7.1', '0.3.1', '0.21.3' ],
82 silly audit   'stream-buffers': [ '2.2.0' ],
82 silly audit   streamsearch: [ '1.1.0' ],
82 silly audit   streamx: [ '2.25.0' ],
82 silly audit   'strict-uri-encode': [ '2.0.0' ],
82 silly audit   'strip-json-comments': [ '2.0.1' ],
82 silly audit   'structured-headers': [ '0.4.1' ],
82 silly audit   'sudo-prompt': [ '9.1.1' ],
82 silly audit   'supports-hyperlinks': [ '2.3.0' ],
82 silly audit   'supports-preserve-symlinks-flag': [ '1.0.0' ],
82 silly audit   'tar-stream': [ '3.1.7' ],
82 silly audit   'temp-dir': [ '1.0.0' ],
82 silly audit   tempy: [ '0.3.0' ],
82 silly audit   'terminal-link': [ '2.1.1' ],
82 silly audit   terser: [ '5.46.1' ],
82 silly audit   'test-exclude': [ '6.0.0' ],
82 silly audit   'text-decoder': [ '1.2.7' ],
82 silly audit   thenify: [ '3.3.1' ],
82 silly audit   'thenify-all': [ '1.6.0' ],
82 silly audit   'this-file': [ '2.0.3' ],
82 silly audit   throat: [ '5.0.0' ],
82 silly audit   through: [ '2.3.8' ],
82 silly audit   tinyglobby: [ '0.2.15' ],
82 silly audit   tmpl: [ '1.0.5' ],
82 silly audit   'to-regex-range': [ '5.0.1' ],
82 silly audit   toidentifier: [ '1.0.1' ],
82 silly audit   tr46: [ '0.0.3' ],
82 silly audit   'ts-interface-checker': [ '0.1.13' ],
82 silly audit   'ts-node': [ '10.9.2' ],
82 silly audit   'tunnel-agent': [ '0.6.0' ],
82 silly audit   turndown: [ '7.1.2' ],
82 silly audit   'type-detect': [ '4.0.8' ],
82 silly audit   typescript: [ '5.9.3' ],
82 silly audit   undici: [ '6.24.1' ],
82 silly audit   'undici-types': [ '7.18.2' ],
82 silly audit   'unicode-canonical-property-names-ecmascript': [ '2.0.1' ],
82 silly audit   'unicode-match-property-ecmascript': [ '2.0.0' ],
82 silly audit   'unicode-match-property-value-ecmascript': [ '2.2.1' ],
82 silly audit   'unicode-property-aliases-ecmascript': [ '2.2.0' ],
82 silly audit   'unique-string': [ '1.0.0' ],
82 silly audit   unpipe: [ '1.0.0' ],
82 silly audit   untildify: [ '4.0.0' ],
82 silly audit   'update-browserslist-db': [ '1.2.3' ],
82 silly audit   'uri-js': [ '4.4.1' ],
82 silly audit   'use-callback-ref': [ '1.3.3' ],
82 silly audit   'use-latest-callback': [ '0.2.6' ],
82 silly audit   'use-sidecar': [ '1.1.3' ],
82 silly audit   'use-sync-external-store': [ '1.6.0' ],
82 silly audit   'utils-merge': [ '1.0.1' ],
82 silly audit   'v8-compile-cache-lib': [ '3.0.1' ],
82 silly audit   vary: [ '1.1.2' ],
82 silly audit   vaul: [ '1.1.2' ],
82 silly audit   vlq: [ '1.0.1' ],
82 silly audit   walker: [ '1.0.8' ],
82 silly audit   'warn-once': [ '0.1.1' ],
82 silly audit   wcwidth: [ '1.0.1' ],
82 silly audit   'webidl-conversions': [ '3.0.1', '5.0.0' ],
82 silly audit   'whatwg-fetch': [ '3.6.20' ],
82 silly audit   'whatwg-url': [ '5.0.0' ],
82 silly audit   'whatwg-url-without-unicode': [ '8.0.0-3' ],
82 silly audit   'widest-line': [ '3.1.0' ],
82 silly audit   wonka: [ '6.3.6' ],
82 silly audit   wordwrap: [ '1.0.0' ],
82 silly audit   wrappy: [ '1.0.2' ],
82 silly audit   xcode: [ '3.0.1' ],
82 silly audit   xml2js: [ '0.6.0', '0.4.23' ],
82 silly audit   y18n: [ '5.0.8' ],
82 silly audit   yaml: [ '2.8.3' ],
82 silly audit   yargs: [ '17.7.2' ],
82 silly audit   'yargs-parser': [ '21.1.1' ],
82 silly audit   yn: [ '3.1.1' ],
82 silly audit   'yocto-queue': [ '0.1.0' ],
82 silly audit   zod: [ '3.25.76' ],
82 silly audit   '@react-native-voice/voice': [ '3.2.4' ],
82 silly audit   xmldom: [ '0.5.0' ]
82 silly audit }
83 verbose reify failed optional dependency /Users/cansle/Documents/AntigravityProjects/WordChallenge/native/node_modules/lightningcss-win32-x64-msvc
84 silly reify mark deleted [
84 silly reify   '/Users/cansle/Documents/AntigravityProjects/WordChallenge/native/node_modules/lightningcss-win32-x64-msvc'
84 silly reify ]
85 verbose reify failed optional dependency /Users/cansle/Documents/AntigravityProjects/WordChallenge/native/node_modules/lightningcss-win32-arm64-msvc
86 silly reify mark deleted [
86 silly reify   '/Users/cansle/Documents/AntigravityProjects/WordChallenge/native/node_modules/lightningcss-win32-arm64-msvc'
86 silly reify ]
87 verbose reify failed optional dependency /Users/cansle/Documents/AntigravityProjects/WordChallenge/native/node_modules/lightningcss-linux-x64-musl
88 silly reify mark deleted [
88 silly reify   '/Users/cansle/Documents/AntigravityProjects/WordChallenge/native/node_modules/lightningcss-linux-x64-musl'
88 silly reify ]
89 verbose reify failed optional dependency /Users/cansle/Documents/AntigravityProjects/WordChallenge/native/node_modules/lightningcss-linux-x64-gnu
90 silly reify mark deleted [
90 silly reify   '/Users/cansle/Documents/AntigravityProjects/WordChallenge/native/node_modules/lightningcss-linux-x64-gnu'
90 silly reify ]
91 verbose reify failed optional dependency /Users/cansle/Documents/AntigravityProjects/WordChallenge/native/node_modules/lightningcss-linux-arm64-musl
92 silly reify mark deleted [
92 silly reify   '/Users/cansle/Documents/AntigravityProjects/WordChallenge/native/node_modules/lightningcss-linux-arm64-musl'
92 silly reify ]
93 verbose reify failed optional dependency /Users/cansle/Documents/AntigravityProjects/WordChallenge/native/node_modules/lightningcss-linux-arm64-gnu
94 silly reify mark deleted [
94 silly reify   '/Users/cansle/Documents/AntigravityProjects/WordChallenge/native/node_modules/lightningcss-linux-arm64-gnu'
94 silly reify ]
95 verbose reify failed optional dependency /Users/cansle/Documents/AntigravityProjects/WordChallenge/native/node_modules/lightningcss-linux-arm-gnueabihf
96 silly reify mark deleted [
96 silly reify   '/Users/cansle/Documents/AntigravityProjects/WordChallenge/native/node_modules/lightningcss-linux-arm-gnueabihf'
96 silly reify ]
97 verbose reify failed optional dependency /Users/cansle/Documents/AntigravityProjects/WordChallenge/native/node_modules/lightningcss-freebsd-x64
98 silly reify mark deleted [
98 silly reify   '/Users/cansle/Documents/AntigravityProjects/WordChallenge/native/node_modules/lightningcss-freebsd-x64'
98 silly reify ]
99 verbose reify failed optional dependency /Users/cansle/Documents/AntigravityProjects/WordChallenge/native/node_modules/lightningcss-darwin-x64
100 silly reify mark deleted [
100 silly reify   '/Users/cansle/Documents/AntigravityProjects/WordChallenge/native/node_modules/lightningcss-darwin-x64'
100 silly reify ]
101 verbose reify failed optional dependency /Users/cansle/Documents/AntigravityProjects/WordChallenge/native/node_modules/lightningcss-android-arm64
102 silly reify mark deleted [
102 silly reify   '/Users/cansle/Documents/AntigravityProjects/WordChallenge/native/node_modules/lightningcss-android-arm64'
102 silly reify ]
103 http cache @react-native-voice/voice@https://registry.npmjs.org/@react-native-voice/voice/-/voice-3.2.4.tgz 0ms (cache hit)
104 http cache xml2js@https://registry.npmjs.org/xml2js/-/xml2js-0.4.23.tgz 0ms (cache hit)
105 http cache xmldom@https://registry.npmjs.org/xmldom/-/xmldom-0.5.0.tgz 0ms (cache hit)
106 http cache json5@https://registry.npmjs.org/json5/-/json5-1.0.2.tgz 0ms (cache hit)
107 http cache fs-extra@https://registry.npmjs.org/fs-extra/-/fs-extra-9.0.0.tgz 0ms (cache hit)
108 http cache universalify@https://registry.npmjs.org/universalify/-/universalify-1.0.0.tgz 0ms (cache hit)
109 http cache xmlbuilder@https://registry.npmjs.org/xmlbuilder/-/xmlbuilder-11.0.1.tgz 0ms (cache hit)
110 http cache @expo/config-plugins@https://registry.npmjs.org/@expo/config-plugins/-/config-plugins-2.0.4.tgz 0ms (cache hit)
111 http cache @expo/config-types@https://registry.npmjs.org/@expo/config-types/-/config-types-41.0.0.tgz 0ms (cache hit)
112 http cache @expo/json-file@https://registry.npmjs.org/@expo/json-file/-/json-file-8.2.30.tgz 0ms (cache hit)
113 http cache @expo/plist@https://registry.npmjs.org/@expo/plist/-/plist-0.0.13.tgz 0ms (cache hit)
114 silly tarball no local data for @react-native-voice/voice@https://registry.npmjs.org/@react-native-voice/voice/-/voice-3.2.4.tgz. Extracting by manifest.
115 silly tarball no local data for xml2js@https://registry.npmjs.org/xml2js/-/xml2js-0.4.23.tgz. Extracting by manifest.
116 silly tarball no local data for xmldom@https://registry.npmjs.org/xmldom/-/xmldom-0.5.0.tgz. Extracting by manifest.
117 silly tarball no local data for json5@https://registry.npmjs.org/json5/-/json5-1.0.2.tgz. Extracting by manifest.
118 silly tarball no local data for xmlbuilder@https://registry.npmjs.org/xmlbuilder/-/xmlbuilder-11.0.1.tgz. Extracting by manifest.
119 silly tarball no local data for @expo/config-plugins@https://registry.npmjs.org/@expo/config-plugins/-/config-plugins-2.0.4.tgz. Extracting by manifest.
120 silly tarball no local data for @expo/config-types@https://registry.npmjs.org/@expo/config-types/-/config-types-41.0.0.tgz. Extracting by manifest.
121 silly tarball no local data for @expo/json-file@https://registry.npmjs.org/@expo/json-file/-/json-file-8.2.30.tgz. Extracting by manifest.
122 silly tarball no local data for @expo/plist@https://registry.npmjs.org/@expo/plist/-/plist-0.0.13.tgz. Extracting by manifest.
123 http fetch GET 200 https://registry.npmjs.org/xml2js/-/xml2js-0.4.23.tgz 48ms (cache miss)
124 http fetch GET 200 https://registry.npmjs.org/json5/-/json5-1.0.2.tgz 49ms (cache miss)
125 http fetch GET 200 https://registry.npmjs.org/xmldom/-/xmldom-0.5.0.tgz 50ms (cache miss)
126 http fetch GET 200 https://registry.npmjs.org/xmlbuilder/-/xmlbuilder-11.0.1.tgz 95ms (cache miss)
127 http fetch POST 200 https://registry.npmjs.org/-/npm/v1/security/advisories/bulk 180ms
128 silly audit report {
128 silly audit report   semver: [
128 silly audit report     {
128 silly audit report       id: 1112921,
128 silly audit report       url: 'https://github.com/advisories/GHSA-c2qf-rxjj-qqgw',
128 silly audit report       title: 'semver vulnerable to Regular Expression Denial of Service',
128 silly audit report       severity: 'high',
128 silly audit report       vulnerable_versions: '>=7.0.0 <7.5.2',
128 silly audit report       cwe: [Array],
128 silly audit report       cvss: [Object]
128 silly audit report     }
128 silly audit report   ],
128 silly audit report   '@xmldom/xmldom': [
128 silly audit report     {
128 silly audit report       id: 1115765,
128 silly audit report       url: 'https://github.com/advisories/GHSA-wh4c-j3r5-mjhp',
128 silly audit report       title: 'xmldom: XML injection via unsafe CDATA serialization allows attacker-controlled markup insertion',
128 silly audit report       severity: 'high',
128 silly audit report       vulnerable_versions: '<0.8.12',
128 silly audit report       cwe: [Array],
128 silly audit report       cvss: [Object]
128 silly audit report     }
128 silly audit report   ],
128 silly audit report   minimatch: [
128 silly audit report     {
128 silly audit report       id: 1113461,
128 silly audit report       url: 'https://github.com/advisories/GHSA-3ppc-4f35-3m26',
128 silly audit report       title: 'minimatch has a ReDoS via repeated wildcards with non-matching literal in pattern',
128 silly audit report       severity: 'high',
128 silly audit report       vulnerable_versions: '>=5.0.0 <5.1.7',
128 silly audit report       cwe: [Array],
128 silly audit report       cvss: [Object]
128 silly audit report     },
128 silly audit report     {
128 silly audit report       id: 1113540,
128 silly audit report       url: 'https://github.com/advisories/GHSA-7r86-cg39-jmmj',
128 silly audit report       title: 'minimatch has ReDoS: matchOne() combinatorial backtracking via multiple non-adjacent GLOBSTAR segments',
128 silly audit report       severity: 'high',
128 silly audit report       vulnerable_versions: '>=5.0.0 <5.1.8',
128 silly audit report       cwe: [Array],
128 silly audit report       cvss: [Object]
128 silly audit report     },
128 silly audit report     {
128 silly audit report       id: 1113548,
128 silly audit report       url: 'https://github.com/advisories/GHSA-23c5-xmqv-rm74',
128 silly audit report       title: 'minimatch ReDoS: nested *() extglobs generate catastrophically backtracking regular expressions',
128 silly audit report       severity: 'high',
128 silly audit report       vulnerable_versions: '>=5.0.0 <5.1.8',
128 silly audit report       cwe: [Array],
128 silly audit report       cvss: [Object]
128 silly audit report     }
128 silly audit report   ],
128 silly audit report   'node-forge': [
128 silly audit report     {
128 silly audit report       id: 1110996,
128 silly audit report       url: 'https://github.com/advisories/GHSA-554w-wpv2-vw27',
128 silly audit report       title: 'node-forge has ASN.1 Unbounded Recursion',
128 silly audit report       severity: 'high',
128 silly audit report       vulnerable_versions: '<1.3.2',
128 silly audit report       cwe: [Array],
128 silly audit report       cvss: [Object]
128 silly audit report     },
128 silly audit report     {
128 silly audit report       id: 1110998,
128 silly audit report       url: 'https://github.com/advisories/GHSA-5gfm-wpxj-wjgq',
128 silly audit report       title: 'node-forge has an Interpretation Conflict vulnerability via its ASN.1 Validator Desynchronization',
128 silly audit report       severity: 'high',
128 silly audit report       vulnerable_versions: '<1.3.2',
128 silly audit report       cwe: [Array],
128 silly audit report       cvss: [Object]
128 silly audit report     },
128 silly audit report     {
128 silly audit report       id: 1111068,
128 silly audit report       url: 'https://github.com/advisories/GHSA-65ch-62r8-g69g',
128 silly audit report       title: 'node-forge is vulnerable to ASN.1 OID Integer Truncation',
128 silly audit report       severity: 'moderate',
128 silly audit report       vulnerable_versions: '<1.3.2',
128 silly audit report       cwe: [Array],
128 silly audit report       cvss: [Object]
128 silly audit report     },
128 silly audit report     {
128 silly audit report       id: 1115545,
128 silly audit report       url: 'https://github.com/advisories/GHSA-2328-f5f3-gj25',
128 silly audit report       title: 'Forge has a basicConstraints bypass in its certificate chain verification (RFC 5280 violation)',
128 silly audit report       severity: 'high',
128 silly audit report       vulnerable_versions: '<=1.3.3',
128 silly audit report       cwe: [Array],
128 silly audit report       cvss: [Object]
128 silly audit report     },
128 silly audit report     {
128 silly audit report       id: 1115546,
128 silly audit report       url: 'https://github.com/advisories/GHSA-q67f-28xg-22rw',
128 silly audit report       title: 'Forge has signature forgery in Ed25519 due to missing S > L check',
128 silly audit report       severity: 'high',
128 silly audit report       vulnerable_versions: '<1.4.0',
128 silly audit report       cwe: [Array],
128 silly audit report       cvss: [Object]
128 silly audit report     },
128 silly audit report     {
128 silly audit report       id: 1115548,
128 silly audit report       url: 'https://github.com/advisories/GHSA-5m6q-g25r-mvwx',
128 silly audit report       title: 'Forge has Denial of Service via Infinite Loop in BigInteger.modInverse() with Zero Input',
128 silly audit report       severity: 'high',
128 silly audit report       vulnerable_versions: '<1.4.0',
128 silly audit report       cwe: [Array],
128 silly audit report       cvss: [Object]
128 silly audit report     },
128 silly audit report     {
128 silly audit report       id: 1115612,
128 silly audit report       url: 'https://github.com/advisories/GHSA-ppp5-5v6c-4jwp',
128 silly audit report       title: 'Forge has signature forgery in RSA-PKCS due to ASN.1 extra field  ',
128 silly audit report       severity: 'high',
128 silly audit report       vulnerable_versions: '<1.4.0',
128 silly audit report       cwe: [Array],
128 silly audit report       cvss: [Object]
128 silly audit report     }
128 silly audit report   ],
128 silly audit report   tar: [
128 silly audit report     {
128 silly audit report       id: 1112659,
128 silly audit report       url: 'https://github.com/advisories/GHSA-34x7-hfp2-rc4v',
128 silly audit report       title: 'node-tar Vulnerable to Arbitrary File Creation/Overwrite via Hardlink Path Traversal',
128 silly audit report       severity: 'high',
128 silly audit report       vulnerable_versions: '<7.5.7',
128 silly audit report       cwe: [Array],
128 silly audit report       cvss: [Object]
128 silly audit report     },
128 silly audit report     {
128 silly audit report       id: 1113300,
128 silly audit report       url: 'https://github.com/advisories/GHSA-8qq5-rm4j-mr97',
128 silly audit report       title: 'node-tar is Vulnerable to Arbitrary File Overwrite and Symlink Poisoning via Insufficient Path Sanitization',
128 silly audit report       severity: 'high',
128 silly audit report       vulnerable_versions: '<=7.5.2',
128 silly audit report       cwe: [Array],
128 silly audit report       cvss: [Object]
128 silly audit report     },
128 silly audit report     {
128 silly audit report       id: 1113375,
128 silly audit report       url: 'https://github.com/advisories/GHSA-83g3-92jg-28cx',
128 silly audit report       title: 'Arbitrary File Read/Write via Hardlink Target Escape Through Symlink Chain in node-tar Extraction',
128 silly audit report       severity: 'high',
128 silly audit report       vulnerable_versions: '<7.5.8',
128 silly audit report       cwe: [Array],
128 silly audit report       cvss: [Object]
128 silly audit report     },
128 silly audit report     {
128 silly audit report       id: 1114200,
128 silly audit report       url: 'https://github.com/advisories/GHSA-qffp-2rhf-9h96',
128 silly audit report       title: 'tar has Hardlink Path Traversal via Drive-Relative Linkpath',
128 silly audit report       severity: 'high',
128 silly audit report       vulnerable_versions: '<=7.5.9',
128 silly audit report       cwe: [Array],
128 silly audit report       cvss: [Object]
128 silly audit report     },
128 silly audit report     {
128 silly audit report       id: 1114302,
128 silly audit report       url: 'https://github.com/advisories/GHSA-9ppj-qmqm-q256',
128 silly audit report       title: 'node-tar Symlink Path Traversal via Drive-Relative Linkpath',
128 silly audit report       severity: 'high',
128 silly audit report       vulnerable_versions: '<=7.5.10',
128 silly audit report       cwe: [Array],
128 silly audit report       cvss: [Object]
128 silly audit report     },
128 silly audit report     {
128 silly audit report       id: 1114680,
128 silly audit report       url: 'https://github.com/advisories/GHSA-r6q2-hw4h-h46w',
128 silly audit report       title: 'Race Condition in node-tar Path Reservations via Unicode Ligature Collisions on macOS APFS',
128 silly audit report       severity: 'high',
128 silly audit report       vulnerable_versions: '<=7.5.3',
128 silly audit report       cwe: [Array],
128 silly audit report       cvss: [Object]
128 silly audit report     }
128 silly audit report   ],
128 silly audit report   nanoid: [
128 silly audit report     {
128 silly audit report       id: 1109563,
128 silly audit report       url: 'https://github.com/advisories/GHSA-mwcw-c2x4-8c55',
128 silly audit report       title: 'Predictable results in nanoid generation when given non-integer values',
128 silly audit report       severity: 'moderate',
128 silly audit report       vulnerable_versions: '<3.3.8',
128 silly audit report       cwe: [Array],
128 silly audit report       cvss: [Object]
128 silly audit report     }
128 silly audit report   ],
128 silly audit report   ajv: [
128 silly audit report     {
128 silly audit report       id: 1113715,
128 silly audit report       url: 'https://github.com/advisories/GHSA-2g4f-4pwh-qvx6',
128 silly audit report       title: 'ajv has ReDoS when using `$data` option',
128 silly audit report       severity: 'moderate',
128 silly audit report       vulnerable_versions: '>=7.0.0-alpha.0 <8.18.0',
128 silly audit report       cwe: [Array],
128 silly audit report       cvss: [Object]
128 silly audit report     }
128 silly audit report   ],
128 silly audit report   dicer: [
128 silly audit report     {
128 silly audit report       id: 1093150,
128 silly audit report       url: 'https://github.com/advisories/GHSA-wm7h-9275-46v2',
128 silly audit report       title: 'Crash in HeaderParser in dicer',
128 silly audit report       severity: 'high',
128 silly audit report       vulnerable_versions: '<=0.3.1',
128 silly audit report       cwe: [Array],
128 silly audit report       cvss: [Object]
128 silly audit report     }
128 silly audit report   ],
128 silly audit report   'form-data': [
128 silly audit report     {
128 silly audit report       id: 1109538,
128 silly audit report       url: 'https://github.com/advisories/GHSA-fjxv-7rqg-78g4',
128 silly audit report       title: 'form-data uses unsafe random function in form-data for choosing boundary',
128 silly audit report       severity: 'critical',
128 silly audit report       vulnerable_versions: '>=4.0.0 <4.0.4',
128 silly audit report       cwe: [Array],
128 silly audit report       cvss: [Object]
128 silly audit report     }
128 silly audit report   ],
128 silly audit report   xml2js: [
128 silly audit report     {
128 silly audit report       id: 1096693,
128 silly audit report       url: 'https://github.com/advisories/GHSA-776f-qx25-q3cc',
128 silly audit report       title: 'xml2js is vulnerable to prototype pollution',
128 silly audit report       severity: 'moderate',
128 silly audit report       vulnerable_versions: '<0.5.0',
128 silly audit report       cwe: [Array],
128 silly audit report       cvss: [Object]
128 silly audit report     }
128 silly audit report   ],
128 silly audit report   xmldom: [
128 silly audit report     {
128 silly audit report       id: 1096547,
128 silly audit report       url: 'https://github.com/advisories/GHSA-5fg8-2547-mr8q',
128 silly audit report       title: 'Misinterpretation of malicious XML input',
128 silly audit report       severity: 'moderate',
128 silly audit report       vulnerable_versions: '<=0.6.0',
128 silly audit report       cwe: [Array],
128 silly audit report       cvss: [Object]
128 silly audit report     },
128 silly audit report     {
128 silly audit report       id: 1115766,
128 silly audit report       url: 'https://github.com/advisories/GHSA-wh4c-j3r5-mjhp',
128 silly audit report       title: 'xmldom: XML injection via unsafe CDATA serialization allows attacker-controlled markup insertion',
128 silly audit report       severity: 'high',
128 silly audit report       vulnerable_versions: '<=0.6.0',
128 silly audit report       cwe: [Array],
128 silly audit report       cvss: [Object]
128 silly audit report     },
128 silly audit report     {
128 silly audit report       id: 1091573,
128 silly audit report       url: 'https://github.com/advisories/GHSA-crh6-fp67-6883',
128 silly audit report       title: 'xmldom allows multiple root nodes in a DOM',
128 silly audit report       severity: 'critical',
128 silly audit report       vulnerable_versions: '<=0.6.0',
128 silly audit report       cwe: [Array],
128 silly audit report       cvss: [Object]
128 silly audit report     }
128 silly audit report   ]
128 silly audit report }
129 silly packumentCache corgi:https://registry.npmjs.org/semver cache-miss
130 silly packumentCache corgi:https://registry.npmjs.org/@xmldom%2fxmldom cache-miss
131 silly packumentCache corgi:https://registry.npmjs.org/minimatch cache-miss
132 silly packumentCache corgi:https://registry.npmjs.org/node-forge cache-miss
133 silly packumentCache corgi:https://registry.npmjs.org/tar cache-miss
134 silly packumentCache corgi:https://registry.npmjs.org/nanoid cache-miss
135 silly packumentCache corgi:https://registry.npmjs.org/ajv cache-miss
136 silly packumentCache corgi:https://registry.npmjs.org/dicer cache-miss
137 silly packumentCache corgi:https://registry.npmjs.org/form-data cache-miss
138 silly packumentCache corgi:https://registry.npmjs.org/xml2js cache-miss
139 silly packumentCache corgi:https://registry.npmjs.org/xmldom cache-miss
140 http fetch GET 200 https://registry.npmjs.org/semver 41ms (cache revalidated)
141 silly packumentCache corgi:https://registry.npmjs.org/semver set size:96449 disposed:false
142 http fetch GET 200 https://registry.npmjs.org/tar 41ms (cache revalidated)
143 silly packumentCache corgi:https://registry.npmjs.org/tar set size:199254 disposed:false
144 http fetch GET 200 https://registry.npmjs.org/node-forge 53ms (cache revalidated)
145 silly packumentCache corgi:https://registry.npmjs.org/node-forge set size:106633 disposed:false
146 http fetch GET 200 https://registry.npmjs.org/nanoid 56ms (cache revalidated)
147 silly packumentCache corgi:https://registry.npmjs.org/nanoid set size:145068 disposed:false
148 http fetch GET 200 https://registry.npmjs.org/dicer 73ms (cache revalidated)
149 silly packumentCache corgi:https://registry.npmjs.org/dicer set size:12923 disposed:false
150 http fetch GET 200 https://registry.npmjs.org/@react-native-voice/voice/-/voice-3.2.4.tgz 255ms (cache miss)
151 warn deprecated @react-native-voice/voice@3.2.4: This package is deprecated. Use expo-speech-recognition instead.
152 http fetch GET 200 https://registry.npmjs.org/@expo/json-file/-/json-file-8.2.30.tgz 264ms (cache miss)
153 http fetch GET 200 https://registry.npmjs.org/xml2js 100ms (cache miss)
154 silly packumentCache corgi:https://registry.npmjs.org/xml2js set size:undefined disposed:false
155 http fetch GET 200 https://registry.npmjs.org/xmldom 102ms (cache miss)
156 silly packumentCache corgi:https://registry.npmjs.org/xmldom set size:undefined disposed:false
157 http fetch GET 200 https://registry.npmjs.org/form-data 108ms (cache revalidated)
158 silly packumentCache corgi:https://registry.npmjs.org/form-data set size:51426 disposed:false
159 http fetch GET 200 https://registry.npmjs.org/minimatch 110ms (cache revalidated)
160 silly packumentCache corgi:https://registry.npmjs.org/minimatch set size:168441 disposed:false
161 http fetch GET 200 https://registry.npmjs.org/ajv 119ms (cache revalidated)
162 silly packumentCache corgi:https://registry.npmjs.org/ajv set size:464537 disposed:false
163 http fetch GET 200 https://registry.npmjs.org/@expo/config-types/-/config-types-41.0.0.tgz 315ms (cache miss)
164 http fetch GET 200 https://registry.npmjs.org/@expo/config-plugins/-/config-plugins-2.0.4.tgz 372ms (cache miss)
165 http fetch GET 200 https://registry.npmjs.org/@xmldom%2fxmldom 210ms (cache revalidated)
166 silly packumentCache corgi:https://registry.npmjs.org/@xmldom%2fxmldom set size:71005 disposed:false
167 silly packumentCache corgi:https://registry.npmjs.org/@expo%2fimage-utils cache-miss
168 http fetch GET 200 https://registry.npmjs.org/@expo/plist/-/plist-0.0.13.tgz 634ms (cache miss)
169 http fetch GET 200 https://registry.npmjs.org/@expo%2fimage-utils 679ms (cache revalidated)
170 silly packumentCache corgi:https://registry.npmjs.org/@expo%2fimage-utils set size:238514 disposed:false
171 silly packumentCache corgi:https://registry.npmjs.org/@expo%2fplist cache-miss
172 http fetch GET 200 https://registry.npmjs.org/@expo%2fplist 209ms (cache revalidated)
173 silly packumentCache corgi:https://registry.npmjs.org/@expo%2fplist set size:131469 disposed:false
174 silly packumentCache corgi:https://registry.npmjs.org/eas-cli cache-miss
175 silly packumentCache corgi:https://registry.npmjs.org/filelist cache-miss
176 http fetch GET 200 https://registry.npmjs.org/filelist 37ms (cache revalidated)
177 silly packumentCache corgi:https://registry.npmjs.org/filelist set size:10834 disposed:false
178 http fetch GET 200 https://registry.npmjs.org/eas-cli 40ms (cache revalidated)
179 silly packumentCache corgi:https://registry.npmjs.org/eas-cli set size:1310564 disposed:false
180 silly packumentCache corgi:https://registry.npmjs.org/@expo%2fcode-signing-certificates cache-miss
181 silly packumentCache corgi:https://registry.npmjs.org/@expo%2fpkcs12 cache-miss
182 silly packumentCache corgi:https://registry.npmjs.org/jks-js cache-miss
183 http fetch GET 200 https://registry.npmjs.org/@expo%2fcode-signing-certificates 62ms (cache revalidated)
184 silly packumentCache corgi:https://registry.npmjs.org/@expo%2fcode-signing-certificates set size:10991 disposed:false
185 http fetch GET 200 https://registry.npmjs.org/jks-js 190ms (cache revalidated)
186 silly packumentCache corgi:https://registry.npmjs.org/jks-js set size:17131 disposed:false
187 http fetch GET 200 https://registry.npmjs.org/@expo%2fpkcs12 712ms (cache revalidated)
188 silly packumentCache corgi:https://registry.npmjs.org/@expo%2fpkcs12 set size:103876 disposed:false
189 silly packumentCache corgi:https://registry.npmjs.org/@segment%2fajv-human-errors cache-miss
190 silly packumentCache corgi:https://registry.npmjs.org/ajv-formats cache-miss
191 http fetch GET 200 https://registry.npmjs.org/ajv-formats 45ms (cache revalidated)
192 silly packumentCache corgi:https://registry.npmjs.org/ajv-formats set size:63554 disposed:false
193 http fetch GET 200 https://registry.npmjs.org/@segment%2fajv-human-errors 625ms (cache revalidated)
194 silly packumentCache corgi:https://registry.npmjs.org/@segment%2fajv-human-errors set size:379569 disposed:false
195 silly packumentCache corgi:https://registry.npmjs.org/@expo%2fmultipart-body-parser cache-miss
196 http fetch GET 200 https://registry.npmjs.org/@expo%2fmultipart-body-parser 1209ms (cache revalidated)
197 silly packumentCache corgi:https://registry.npmjs.org/@expo%2fmultipart-body-parser set size:4573 disposed:false
198 silly packumentCache corgi:https://registry.npmjs.org/@expo%2fconfig-plugins cache-miss
199 http fetch GET 200 https://registry.npmjs.org/@expo%2fconfig-plugins 366ms (cache revalidated)
200 silly packumentCache corgi:https://registry.npmjs.org/@expo%2fconfig-plugins set size:381160 disposed:false
201 silly packumentCache corgi:https://registry.npmjs.org/@expo%2fprebuild-config cache-miss
202 http fetch GET 200 https://registry.npmjs.org/@expo%2fprebuild-config 628ms (cache revalidated)
203 silly packumentCache corgi:https://registry.npmjs.org/@expo%2fprebuild-config set size:340155 disposed:false
204 silly packumentCache corgi:https://registry.npmjs.org/@react-native-voice%2fvoice cache-miss
205 http fetch GET 200 https://registry.npmjs.org/@react-native-voice%2fvoice 685ms (cache miss)
206 silly packumentCache corgi:https://registry.npmjs.org/@react-native-voice%2fvoice set size:undefined disposed:false
207 silly packumentCache corgi:https://registry.npmjs.org/@expo%2fconfig cache-miss
208 http fetch GET 200 https://registry.npmjs.org/@expo%2fconfig 378ms (cache revalidated)
209 silly packumentCache corgi:https://registry.npmjs.org/@expo%2fconfig set size:510090 disposed:false
210 silly ADD node_modules/xmldom
211 silly ADD node_modules/@react-native-voice/voice
212 silly ADD node_modules/@react-native-voice/voice/node_modules/universalify
213 silly ADD node_modules/@react-native-voice/voice/node_modules/json5
214 silly ADD node_modules/@react-native-voice/voice/node_modules/xml2js
215 silly ADD node_modules/@react-native-voice/voice/node_modules/xml2js/node_modules/xmlbuilder
216 silly ADD node_modules/@react-native-voice/voice/node_modules/fs-extra
217 silly ADD node_modules/@react-native-voice/voice/node_modules/@expo/plist
218 silly ADD node_modules/@react-native-voice/voice/node_modules/@expo/json-file
219 silly ADD node_modules/@react-native-voice/voice/node_modules/@expo/config-types
220 silly ADD node_modules/@react-native-voice/voice/node_modules/@expo/config-plugins
221 silly ADD
222 silly ADD
223 silly ADD
224 silly ADD
225 silly ADD
226 silly ADD
227 silly ADD
228 silly ADD
229 silly ADD
230 silly ADD
231 verbose cwd /Users/cansle/Documents/AntigravityProjects/WordChallenge/native
232 verbose os Darwin 24.6.0
233 verbose node v22.17.0
234 verbose npm  v10.9.2
235 verbose exit 0
236 info ok
