0 verbose cli /usr/local/bin/node /usr/local/bin/npm
1 info using npm@10.9.2
2 info using node@v22.17.0
3 silly config load:file:/usr/local/lib/node_modules/npm/npmrc
4 silly config load:file:/Users/cansle/Documents/AntigravityProjects/WordChallenge/native/.npmrc
5 silly config load:file:/Users/cansle/.npmrc
6 silly config load:file:/usr/local/etc/npmrc
7 verbose title npm install expo-speech-recognition
8 verbose argv "install" "expo-speech-recognition" "--cache" "./npm_cache"
9 verbose logfile logs-max:10 dir:/Users/cansle/Documents/AntigravityProjects/WordChallenge/native/npm_cache/_logs/2026-04-04T16_00_00_620Z-
10 verbose logfile /Users/cansle/Documents/AntigravityProjects/WordChallenge/native/npm_cache/_logs/2026-04-04T16_00_00_620Z-debug-0.log
11 silly logfile done cleaning log files
12 silly packumentCache heap:4345298944 maxSize:1086324736 maxEntrySize:543162368
13 silly idealTree buildDeps
14 silly fetch manifest expo-speech-recognition@*
15 silly packumentCache full:https://registry.npmjs.org/expo-speech-recognition cache-miss
16 http fetch GET 200 https://registry.npmjs.org/expo-speech-recognition 462ms (cache miss)
17 silly packumentCache full:https://registry.npmjs.org/expo-speech-recognition set size:undefined disposed:false
18 silly fetch manifest expo@~54.0.33
19 silly packumentCache full:https://registry.npmjs.org/expo cache-miss
20 http fetch GET 200 https://registry.npmjs.org/expo 94ms (cache miss)
21 silly packumentCache full:https://registry.npmjs.org/expo set size:undefined disposed:false
22 silly fetch manifest @expo/dom-webview@*
23 silly packumentCache full:https://registry.npmjs.org/@expo%2fdom-webview cache-miss
24 http fetch GET 200 https://registry.npmjs.org/@expo%2fdom-webview 63ms (cache miss)
25 silly packumentCache full:https://registry.npmjs.org/@expo%2fdom-webview set size:undefined disposed:false
26 silly fetch manifest react@19.1.0
27 silly packumentCache full:https://registry.npmjs.org/react cache-miss
28 http cache https://registry.npmjs.org/react 11ms (cache hit)
29 silly packumentCache full:https://registry.npmjs.org/react set size:6585005 disposed:false
30 silly fetch manifest react-native@0.81.5
31 silly packumentCache full:https://registry.npmjs.org/react-native cache-miss
32 http cache https://registry.npmjs.org/react-native 23ms (cache hit)
33 silly packumentCache full:https://registry.npmjs.org/react-native set size:15063753 disposed:false
34 silly fetch manifest @types/react@~19.1.10
35 silly packumentCache full:https://registry.npmjs.org/@types%2freact cache-miss
36 http cache https://registry.npmjs.org/@types%2freact 5ms (cache hit)
37 silly packumentCache full:https://registry.npmjs.org/@types%2freact set size:2588964 disposed:false
38 silly fetch manifest @expo/metro-runtime@*
39 silly packumentCache full:https://registry.npmjs.org/@expo%2fmetro-runtime cache-miss
40 http fetch GET 200 https://registry.npmjs.org/@expo%2fmetro-runtime 73ms (cache miss)
41 silly packumentCache full:https://registry.npmjs.org/@expo%2fmetro-runtime set size:undefined disposed:false
42 silly fetch manifest react-dom@19.1.0
43 silly packumentCache full:https://registry.npmjs.org/react-dom cache-miss
44 http fetch GET 200 https://registry.npmjs.org/react-dom 138ms (cache miss)
45 silly packumentCache full:https://registry.npmjs.org/react-dom set size:undefined disposed:false
46 silly fetch manifest react-native-webview@*
47 silly packumentCache full:https://registry.npmjs.org/react-native-webview cache-miss
48 http fetch GET 200 https://registry.npmjs.org/react-native-webview 58ms (cache miss)
49 silly packumentCache full:https://registry.npmjs.org/react-native-webview set size:undefined disposed:false
50 silly placeDep ROOT expo-speech-recognition@3.1.2 OK for: native@1.0.0 want: *
51 silly reify moves {}
52 silly audit bulk request {
52 silly audit   '@0no-co/graphql.web': [ '1.2.0' ],
52 silly audit   '@babel/code-frame': [ '7.10.4', '7.29.0', '7.23.5' ],
52 silly audit   '@babel/compat-data': [ '7.29.0' ],
52 silly audit   '@babel/core': [ '7.29.0' ],
52 silly audit   semver: [
52 silly audit     '6.3.1', '7.7.4',
52 silly audit     '7.5.3', '7.5.2',
52 silly audit     '5.7.2', '7.3.2',
52 silly audit     '7.6.3', '7.5.4'
52 silly audit   ],
52 silly audit   '@babel/generator': [ '7.29.1' ],
52 silly audit   '@babel/helper-annotate-as-pure': [ '7.27.3' ],
52 silly audit   '@babel/helper-compilation-targets': [ '7.28.6' ],
52 silly audit   '@babel/helper-create-class-features-plugin': [ '7.28.6' ],
52 silly audit   '@babel/helper-create-regexp-features-plugin': [ '7.28.5' ],
52 silly audit   '@babel/helper-define-polyfill-provider': [ '0.6.8' ],
52 silly audit   '@babel/helper-globals': [ '7.28.0' ],
52 silly audit   '@babel/helper-member-expression-to-functions': [ '7.28.5' ],
52 silly audit   '@babel/helper-module-imports': [ '7.28.6' ],
52 silly audit   '@babel/helper-module-transforms': [ '7.28.6' ],
52 silly audit   '@babel/helper-optimise-call-expression': [ '7.27.1' ],
52 silly audit   '@babel/helper-plugin-utils': [ '7.28.6' ],
52 silly audit   '@babel/helper-remap-async-to-generator': [ '7.27.1' ],
52 silly audit   '@babel/helper-replace-supers': [ '7.28.6' ],
52 silly audit   '@babel/helper-skip-transparent-expression-wrappers': [ '7.27.1' ],
52 silly audit   '@babel/helper-string-parser': [ '7.27.1' ],
52 silly audit   '@babel/helper-validator-identifier': [ '7.28.5' ],
52 silly audit   '@babel/helper-validator-option': [ '7.27.1' ],
52 silly audit   '@babel/helper-wrap-function': [ '7.28.6' ],
52 silly audit   '@babel/helpers': [ '7.29.2' ],
52 silly audit   '@babel/highlight': [ '7.25.9' ],
52 silly audit   'ansi-styles': [ '3.2.1', '6.2.3', '4.3.0', '5.2.0' ],
52 silly audit   chalk: [ '2.4.2', '4.1.2' ],
52 silly audit   'color-convert': [ '1.9.3', '2.0.1' ],
52 silly audit   'color-name': [ '1.1.3', '1.1.4' ],
52 silly audit   'escape-string-regexp': [ '1.0.5', '4.0.0', '2.0.0' ],
52 silly audit   'has-flag': [ '3.0.0', '4.0.0' ],
52 silly audit   'supports-color': [ '5.5.0', '7.2.0', '8.1.1' ],
52 silly audit   '@babel/parser': [ '7.29.2' ],
52 silly audit   '@babel/plugin-proposal-decorators': [ '7.29.0' ],
52 silly audit   '@babel/plugin-proposal-export-default-from': [ '7.27.1' ],
52 silly audit   '@babel/plugin-syntax-async-generators': [ '7.8.4' ],
52 silly audit   '@babel/plugin-syntax-bigint': [ '7.8.3' ],
52 silly audit   '@babel/plugin-syntax-class-properties': [ '7.12.13' ],
52 silly audit   '@babel/plugin-syntax-class-static-block': [ '7.14.5' ],
52 silly audit   '@babel/plugin-syntax-decorators': [ '7.28.6' ],
52 silly audit   '@babel/plugin-syntax-dynamic-import': [ '7.8.3' ],
52 silly audit   '@babel/plugin-syntax-export-default-from': [ '7.28.6' ],
52 silly audit   '@babel/plugin-syntax-flow': [ '7.28.6' ],
52 silly audit   '@babel/plugin-syntax-import-attributes': [ '7.28.6' ],
52 silly audit   '@babel/plugin-syntax-import-meta': [ '7.10.4' ],
52 silly audit   '@babel/plugin-syntax-json-strings': [ '7.8.3' ],
52 silly audit   '@babel/plugin-syntax-jsx': [ '7.28.6' ],
52 silly audit   '@babel/plugin-syntax-logical-assignment-operators': [ '7.10.4' ],
52 silly audit   '@babel/plugin-syntax-nullish-coalescing-operator': [ '7.8.3' ],
52 silly audit   '@babel/plugin-syntax-numeric-separator': [ '7.10.4' ],
52 silly audit   '@babel/plugin-syntax-object-rest-spread': [ '7.8.3' ],
52 silly audit   '@babel/plugin-syntax-optional-catch-binding': [ '7.8.3' ],
52 silly audit   '@babel/plugin-syntax-optional-chaining': [ '7.8.3' ],
52 silly audit   '@babel/plugin-syntax-private-property-in-object': [ '7.14.5' ],
52 silly audit   '@babel/plugin-syntax-top-level-await': [ '7.14.5' ],
52 silly audit   '@babel/plugin-syntax-typescript': [ '7.28.6' ],
52 silly audit   '@babel/plugin-transform-arrow-functions': [ '7.27.1' ],
52 silly audit   '@babel/plugin-transform-async-generator-functions': [ '7.29.0' ],
52 silly audit   '@babel/plugin-transform-async-to-generator': [ '7.28.6' ],
52 silly audit   '@babel/plugin-transform-block-scoping': [ '7.28.6' ],
52 silly audit   '@babel/plugin-transform-class-properties': [ '7.28.6' ],
52 silly audit   '@babel/plugin-transform-class-static-block': [ '7.28.6' ],
52 silly audit   '@babel/plugin-transform-classes': [ '7.28.6' ],
52 silly audit   '@babel/plugin-transform-computed-properties': [ '7.28.6' ],
52 silly audit   '@babel/plugin-transform-destructuring': [ '7.28.5' ],
52 silly audit   '@babel/plugin-transform-export-namespace-from': [ '7.27.1' ],
52 silly audit   '@babel/plugin-transform-flow-strip-types': [ '7.27.1' ],
52 silly audit   '@babel/plugin-transform-for-of': [ '7.27.1' ],
52 silly audit   '@babel/plugin-transform-function-name': [ '7.27.1' ],
52 silly audit   '@babel/plugin-transform-literals': [ '7.27.1' ],
52 silly audit   '@babel/plugin-transform-logical-assignment-operators': [ '7.28.6' ],
52 silly audit   '@babel/plugin-transform-modules-commonjs': [ '7.28.6' ],
52 silly audit   '@babel/plugin-transform-named-capturing-groups-regex': [ '7.29.0' ],
52 silly audit   '@babel/plugin-transform-nullish-coalescing-operator': [ '7.28.6' ],
52 silly audit   '@babel/plugin-transform-numeric-separator': [ '7.28.6' ],
52 silly audit   '@babel/plugin-transform-object-rest-spread': [ '7.28.6' ],
52 silly audit   '@babel/plugin-transform-optional-catch-binding': [ '7.28.6' ],
52 silly audit   '@babel/plugin-transform-optional-chaining': [ '7.28.6' ],
52 silly audit   '@babel/plugin-transform-parameters': [ '7.27.7' ],
52 silly audit   '@babel/plugin-transform-private-methods': [ '7.28.6' ],
52 silly audit   '@babel/plugin-transform-private-property-in-object': [ '7.28.6' ],
52 silly audit   '@babel/plugin-transform-react-display-name': [ '7.28.0' ],
52 silly audit   '@babel/plugin-transform-react-jsx': [ '7.28.6' ],
52 silly audit   '@babel/plugin-transform-react-jsx-development': [ '7.27.1' ],
52 silly audit   '@babel/plugin-transform-react-jsx-self': [ '7.27.1' ],
52 silly audit   '@babel/plugin-transform-react-jsx-source': [ '7.27.1' ],
52 silly audit   '@babel/plugin-transform-react-pure-annotations': [ '7.27.1' ],
52 silly audit   '@babel/plugin-transform-regenerator': [ '7.29.0' ],
52 silly audit   '@babel/plugin-transform-runtime': [ '7.29.0' ],
52 silly audit   '@babel/plugin-transform-shorthand-properties': [ '7.27.1' ],
52 silly audit   '@babel/plugin-transform-spread': [ '7.28.6' ],
52 silly audit   '@babel/plugin-transform-sticky-regex': [ '7.27.1' ],
52 silly audit   '@babel/plugin-transform-typescript': [ '7.28.6' ],
52 silly audit   '@babel/plugin-transform-unicode-regex': [ '7.27.1' ],
52 silly audit   '@babel/preset-react': [ '7.28.5' ],
52 silly audit   '@babel/preset-typescript': [ '7.28.5' ],
52 silly audit   '@babel/runtime': [ '7.29.2' ],
52 silly audit   '@babel/template': [ '7.28.6' ],
52 silly audit   '@babel/traverse': [ '7.29.0' ],
52 silly audit   '@babel/types': [ '7.29.0' ],
52 silly audit   '@cspotcode/source-map-support': [ '0.8.1' ],
52 silly audit   '@jridgewell/trace-mapping': [ '0.3.9', '0.3.31' ],
52 silly audit   '@expo-google-fonts/noto-sans-kr': [ '0.4.3' ],
52 silly audit   '@expo-google-fonts/outfit': [ '0.4.3' ],
52 silly audit   '@expo-google-fonts/plus-jakarta-sans': [ '0.4.2' ],
52 silly audit   '@expo/apple-utils': [ '2.0.3' ],
52 silly audit   '@expo/bunyan': [ '4.0.1' ],
52 silly audit   uuid: [ '8.3.2', '9.0.1', '7.0.3' ],
52 silly audit   '@expo/cli': [ '54.0.23' ],
52 silly audit   '@expo/code-signing-certificates': [ '0.0.6', '0.0.5' ],
52 silly audit   '@expo/config': [ '12.0.13', '8.5.4' ],
52 silly audit   '@expo/config-plugins': [ '54.0.4', '7.8.4' ],
52 silly audit   '@expo/config-types': [ '54.0.10', '50.0.1' ],
52 silly audit   '@expo/env': [ '2.0.11', '0.3.0' ],
52 silly audit   '@expo/image-utils': [ '0.8.12', '0.4.2' ],
52 silly audit   '@expo/json-file': [ '10.0.13', '8.3.3', '8.2.37' ],
52 silly audit   '@expo/osascript': [ '2.4.2', '2.0.33' ],
52 silly audit   '@expo/package-manager': [ '1.10.3', '1.1.2' ],
52 silly audit   '@expo/plist': [ '0.4.8', '0.1.3', '0.0.20' ],
52 silly audit   '@expo/prebuild-config': [ '54.0.8', '6.7.3' ],
52 silly audit   '@expo/spawn-async': [ '1.7.2', '1.5.0', '1.7.0' ],
52 silly audit   '@urql/core': [ '5.2.0', '4.0.11' ],
52 silly audit   '@urql/exchange-retry': [ '1.3.2', '1.2.0' ],
52 silly audit   '@xmldom/xmldom': [ '0.8.12', '0.7.13' ],
52 silly audit   'ansi-regex': [ '4.1.1', '6.2.2', '5.0.1' ],
52 silly audit   'balanced-match': [ '4.0.4', '1.0.2' ],
52 silly audit   chownr: [ '3.0.0', '2.0.0' ],
52 silly audit   'cli-cursor': [ '2.1.0', '3.1.0' ],
52 silly audit   commander: [ '4.1.1', '7.2.0', '12.1.0', '2.20.3' ],
52 silly audit   dotenv: [ '16.4.7', '16.3.1', '16.6.1' ],
52 silly audit   getenv: [ '2.0.0', '1.0.0' ],
52 silly audit   glob: [ '13.0.6', '7.1.6', '10.5.0', '6.0.4' ],
52 silly audit   'brace-expansion': [ '5.0.5', '1.1.13', '2.0.3' ],
52 silly audit   minimatch: [ '10.2.5', '9.0.9', '3.1.5', '5.1.2' ],
52 silly audit   'hosted-git-info': [ '7.0.2', '3.0.8' ],
52 silly audit   'log-symbols': [ '2.2.0', '4.1.0' ],
52 silly audit   'lru-cache': [ '10.4.3', '6.0.0', '5.1.1', '11.2.7' ],
52 silly audit   'mimic-fn': [ '1.2.0', '2.1.0' ],
52 silly audit   minizlib: [ '3.1.0', '3.0.1', '2.1.2' ],
52 silly audit   'node-forge': [ '1.4.0', '1.3.1' ],
52 silly audit   'npm-package-arg': [ '11.0.3', '7.0.0' ],
52 silly audit   onetime: [ '2.0.1', '5.1.2' ],
52 silly audit   ora: [ '3.4.0', '5.1.0' ],
52 silly audit   'qrcode-terminal': [ '0.11.0', '0.12.0' ],
52 silly audit   'restore-cursor': [ '2.0.0', '3.1.0' ],
52 silly audit   'strip-ansi': [ '5.2.0', '7.2.0', '6.0.1' ],
52 silly audit   sucrase: [ '3.35.1', '3.34.0' ],
52 silly audit   tar: [ '7.5.13', '6.2.1' ],
52 silly audit   'validate-npm-package-name': [ '5.0.1', '3.0.0' ],
52 silly audit   xmlbuilder: [ '15.1.1', '11.0.1', '14.0.0' ],
52 silly audit   yallist: [ '5.0.0', '4.0.0', '3.1.1' ],
52 silly audit   '@expo/devcert': [ '1.2.1' ],
52 silly audit   debug: [ '3.2.7', '2.6.9', '4.4.3' ],
52 silly audit   '@expo/devtools': [ '0.1.8' ],
52 silly audit   '@expo/eas-build-job': [ '1.0.141' ],
52 silly audit   joi: [ '17.13.3', '17.11.0' ],
52 silly audit   '@expo/eas-json': [ '12.6.2' ],
52 silly audit   tslib: [ '2.4.1', '2.6.2' ],
52 silly audit   '@expo/fingerprint': [ '0.6.1', '0.15.4' ],
52 silly audit   'cross-spawn': [ '6.0.6', '7.0.6' ],
52 silly audit   'fs-extra': [ '9.0.0', '10.1.0', '9.1.0', '11.2.0' ],
52 silly audit   'path-key': [ '2.0.1', '3.1.1' ],
52 silly audit   'shebang-command': [ '1.2.0', '2.0.0' ],
52 silly audit   'shebang-regex': [ '1.0.0', '3.0.0' ],
52 silly audit   universalify: [ '1.0.0', '2.0.1' ],
52 silly audit   which: [ '1.3.1', '2.0.2' ],
52 silly audit   '@expo/logger': [ '1.0.117' ],
52 silly audit   '@expo/metro': [ '54.2.0' ],
52 silly audit   '@expo/metro-config': [ '54.0.14' ],
52 silly audit   '@expo/metro-runtime': [ '6.1.2' ],
52 silly audit   '@expo/multipart-body-parser': [ '1.1.0' ],
52 silly audit   '@expo/pkcs12': [ '0.0.8' ],
52 silly audit   '@expo/plugin-help': [ '5.1.23' ],
52 silly audit   '@oclif/core': [ '2.16.0', '1.26.2' ],
52 silly audit   '@expo/plugin-warn-if-update-available': [ '2.5.1' ],
52 silly audit   '@expo/results': [ '1.0.0' ],
52 silly audit   '@expo/rudder-sdk-node': [ '1.1.1' ],
52 silly audit   '@expo/schema-utils': [ '0.1.8' ],
52 silly audit   '@expo/sdk-runtime-versions': [ '1.0.0' ],
52 silly audit   '@expo/steps': [ '1.0.141' ],
52 silly audit   '@expo/sudo-prompt': [ '9.3.2' ],
52 silly audit   '@expo/timeago.js': [ '1.0.0' ],
52 silly audit   '@expo/vector-icons': [ '15.1.1' ],
52 silly audit   '@expo/ws-tunnel': [ '1.0.6' ],
52 silly audit   '@expo/xcpretty': [ '4.4.1' ],
52 silly audit   argparse: [ '2.0.1', '1.0.10' ],
52 silly audit   'js-yaml': [ '4.1.1', '3.14.2' ],
52 silly audit   '@hapi/hoek': [ '9.3.0' ],
52 silly audit   '@hapi/topo': [ '5.1.0' ],
52 silly audit   '@isaacs/cliui': [ '8.0.2' ],
52 silly audit   'emoji-regex': [ '9.2.2', '8.0.0' ],
52 silly audit   'string-width': [ '5.1.2', '4.2.3' ],
52 silly audit   'wrap-ansi': [ '8.1.0', '7.0.0' ],
52 silly audit   '@isaacs/fs-minipass': [ '4.0.1' ],
52 silly audit   '@isaacs/ttlcache': [ '1.4.1' ],
52 silly audit   '@istanbuljs/load-nyc-config': [ '1.1.0' ],
52 silly audit   camelcase: [ '5.3.1', '6.3.0' ],
52 silly audit   'find-up': [ '4.1.0', '5.0.0' ],
52 silly audit   'locate-path': [ '5.0.0', '6.0.0' ],
52 silly audit   'p-limit': [ '2.3.0', '3.1.0' ],
52 silly audit   'p-locate': [ '4.1.0', '5.0.0' ],
52 silly audit   '@istanbuljs/schema': [ '0.1.3' ],
52 silly audit   '@jest/create-cache-key-function': [ '29.7.0' ],
52 silly audit   '@jest/environment': [ '29.7.0' ],
52 silly audit   '@jest/fake-timers': [ '29.7.0' ],
52 silly audit   '@jest/schemas': [ '29.6.3' ],
52 silly audit   '@jest/transform': [ '29.7.0' ],
52 silly audit   'write-file-atomic': [ '4.0.2', '2.4.3' ],
52 silly audit   '@jest/types': [ '29.6.3' ],
52 silly audit   '@jridgewell/gen-mapping': [ '0.3.13' ],
52 silly audit   '@jridgewell/remapping': [ '2.3.5' ],
52 silly audit   '@jridgewell/resolve-uri': [ '3.1.2' ],
52 silly audit   '@jridgewell/source-map': [ '0.3.11' ],
52 silly audit   '@jridgewell/sourcemap-codec': [ '1.5.5' ],
52 silly audit   '@nodelib/fs.scandir': [ '2.1.5' ],
52 silly audit   '@nodelib/fs.stat': [ '2.0.5' ],
52 silly audit   '@nodelib/fs.walk': [ '1.2.8' ],
52 silly audit   '@oclif/linewrap': [ '1.0.0' ],
52 silly audit   '@oclif/plugin-autocomplete': [ '2.3.10' ],
52 silly audit   '@oclif/screen': [ '3.0.8' ],
52 silly audit   '@pkgjs/parseargs': [ '0.11.0' ],
52 silly audit   '@radix-ui/primitive': [ '1.1.3' ],
52 silly audit   '@radix-ui/react-collection': [ '1.1.7' ],
52 silly audit   '@radix-ui/react-slot': [ '1.2.3', '1.2.0' ],
52 silly audit   '@radix-ui/react-compose-refs': [ '1.1.2' ],
52 silly audit   '@radix-ui/react-context': [ '1.1.2' ],
52 silly audit   '@radix-ui/react-dialog': [ '1.1.15' ],
52 silly audit   '@radix-ui/react-direction': [ '1.1.1' ],
52 silly audit   '@radix-ui/react-dismissable-layer': [ '1.1.11' ],
52 silly audit   '@radix-ui/react-focus-guards': [ '1.1.3' ],
52 silly audit   '@radix-ui/react-focus-scope': [ '1.1.7' ],
52 silly audit   '@radix-ui/react-id': [ '1.1.1' ],
52 silly audit   '@radix-ui/react-portal': [ '1.1.9' ],
52 silly audit   '@radix-ui/react-presence': [ '1.1.5' ],
52 silly audit   '@radix-ui/react-primitive': [ '2.1.3' ],
52 silly audit   '@radix-ui/react-roving-focus': [ '1.1.11' ],
52 silly audit   '@radix-ui/react-tabs': [ '1.1.13' ],
52 silly audit   '@radix-ui/react-use-callback-ref': [ '1.1.1' ],
52 silly audit   '@radix-ui/react-use-controllable-state': [ '1.2.2' ],
52 silly audit   '@radix-ui/react-use-effect-event': [ '0.0.2' ],
52 silly audit   '@radix-ui/react-use-escape-keydown': [ '1.1.1' ],
52 silly audit   '@radix-ui/react-use-layout-effect': [ '1.1.1' ],
52 silly audit   '@react-native/assets-registry': [ '0.81.5' ],
52 silly audit   '@react-native/babel-plugin-codegen': [ '0.81.5' ],
52 silly audit   '@react-native/babel-preset': [ '0.81.5' ],
52 silly audit   '@react-native/codegen': [ '0.81.5' ],
52 silly audit   '@react-native/community-cli-plugin': [ '0.81.5' ],
52 silly audit   '@react-native/debugger-frontend': [ '0.81.5' ],
52 silly audit   '@react-native/dev-middleware': [ '0.81.5' ],
52 silly audit   open: [ '7.4.2', '8.4.2' ],
52 silly audit   ws: [ '6.2.3', '7.5.10', '8.20.0' ],
52 silly audit   '@react-native/gradle-plugin': [ '0.81.5' ],
52 silly audit   '@react-native/js-polyfills': [ '0.81.5' ],
52 silly audit   '@react-native/normalize-color': [ '2.1.0' ],
52 silly audit   '@react-native/normalize-colors': [ '0.81.5' ],
52 silly audit   '@react-native/virtualized-lists': [ '0.81.5' ],
52 silly audit   '@react-navigation/bottom-tabs': [ '7.15.9' ],
52 silly audit   '@react-navigation/core': [ '7.17.2' ],
52 silly audit   nanoid: [ '3.3.11', '3.3.4' ],
52 silly audit   '@react-navigation/elements': [ '2.9.14' ],
52 silly audit   '@react-navigation/native': [ '7.2.2' ],
52 silly audit   '@react-navigation/native-stack': [ '7.14.10' ],
52 silly audit   '@react-navigation/routers': [ '7.5.3' ],
52 silly audit   '@segment/ajv-human-errors': [ '2.16.0' ],
52 silly audit   '@segment/loosely-validate-event': [ '2.0.0' ],
52 silly audit   '@sideway/address': [ '4.1.5' ],
52 silly audit   '@sideway/formula': [ '3.0.1' ],
52 silly audit   '@sideway/pinpoint': [ '2.0.0' ],
52 silly audit   '@sinclair/typebox': [ '0.27.10' ],
52 silly audit   '@sinonjs/commons': [ '3.0.1' ],
52 silly audit   '@sinonjs/fake-timers': [ '10.3.0' ],
52 silly audit   '@tsconfig/node10': [ '1.0.12' ],
52 silly audit   '@tsconfig/node12': [ '1.0.11' ],
52 silly audit   '@tsconfig/node14': [ '1.0.3' ],
52 silly audit   '@tsconfig/node16': [ '1.0.4' ],
52 silly audit   '@types/babel__core': [ '7.20.5' ],
52 silly audit   '@types/babel__generator': [ '7.27.0' ],
52 silly audit   '@types/babel__template': [ '7.4.4' ],
52 silly audit   '@types/babel__traverse': [ '7.28.0' ],
52 silly audit   '@types/bunyan': [ '1.8.11' ],
52 silly audit   '@types/cli-progress': [ '3.11.6' ],
52 silly audit   '@types/graceful-fs': [ '4.1.9' ],
52 silly audit   '@types/istanbul-lib-coverage': [ '2.0.6' ],
52 silly audit   '@types/istanbul-lib-report': [ '3.0.3' ],
52 silly audit   '@types/istanbul-reports': [ '3.0.4' ],
52 silly audit   '@types/node': [ '25.5.2' ],
52 silly audit   '@types/react': [ '19.1.17' ],
52 silly audit   '@types/stack-utils': [ '2.0.3' ],
52 silly audit   '@types/yargs': [ '17.0.35' ],
52 silly audit   '@types/yargs-parser': [ '21.0.3' ],
52 silly audit   '@ungap/structured-clone': [ '1.3.0' ],
52 silly audit   'abort-controller': [ '3.0.0' ],
52 silly audit   accepts: [ '1.3.8' ],
52 silly audit   acorn: [ '8.16.0' ],
52 silly audit   'acorn-walk': [ '8.3.5' ],
52 silly audit   'agent-base': [ '6.0.2', '7.1.4' ],
52 silly audit   ajv: [ '8.11.0' ],
52 silly audit   'ajv-formats': [ '2.1.1' ],
52 silly audit   anser: [ '1.4.10' ],
52 silly audit   'ansi-escapes': [ '4.3.2' ],
52 silly audit   ansicolors: [ '0.3.2' ],
52 silly audit   'any-promise': [ '1.3.0' ],
52 silly audit   anymatch: [ '3.1.3' ],
52 silly audit   picomatch: [ '2.3.2', '3.0.2', '4.0.4' ],
52 silly audit   arg: [ '5.0.2', '4.1.3' ],
52 silly audit   'aria-hidden': [ '1.2.6' ],
52 silly audit   'array-union': [ '2.1.0' ],
52 silly audit   asap: [ '2.0.6' ],
52 silly audit   asn1: [ '0.2.6' ],
52 silly audit   'astral-regex': [ '2.0.0' ],
52 silly audit   async: [ '3.2.6' ],
52 silly audit   'async-limiter': [ '1.0.1' ],
52 silly audit   asynckit: [ '0.4.0' ],
52 silly audit   'at-least-node': [ '1.0.0' ],
52 silly audit   b4a: [ '1.8.0' ],
52 silly audit   'babel-jest': [ '29.7.0' ],
52 silly audit   'babel-plugin-istanbul': [ '6.1.1' ],
52 silly audit   'babel-plugin-jest-hoist': [ '29.6.3' ],
52 silly audit   'babel-plugin-polyfill-corejs2': [ '0.4.17' ],
52 silly audit   'babel-plugin-polyfill-corejs3': [ '0.13.0' ],
52 silly audit   'babel-plugin-polyfill-regenerator': [ '0.6.8' ],
52 silly audit   'babel-plugin-react-compiler': [ '1.0.0' ],
52 silly audit   'babel-plugin-react-native-web': [ '0.21.2' ],
52 silly audit   'babel-plugin-syntax-hermes-parser': [ '0.29.1' ],
52 silly audit   'babel-plugin-transform-flow-enums': [ '0.0.2' ],
52 silly audit   'babel-preset-current-node-syntax': [ '1.2.0' ],
52 silly audit   'babel-preset-expo': [ '54.0.10' ],
52 silly audit   'babel-preset-jest': [ '29.6.3' ],
52 silly audit   'bare-events': [ '2.8.2' ],
52 silly audit   'base64-js': [ '1.5.1' ],
52 silly audit   'baseline-browser-mapping': [ '2.10.14' ],
52 silly audit   'better-opn': [ '3.0.2' ],
52 silly audit   'big-integer': [ '1.6.52' ],
52 silly audit   boolbase: [ '1.0.0' ],
52 silly audit   'bplist-creator': [ '0.1.0' ],
52 silly audit   'bplist-parser': [ '0.3.2', '0.3.1' ],
52 silly audit   braces: [ '3.0.3' ],
52 silly audit   browserslist: [ '4.28.2' ],
52 silly audit   bser: [ '2.1.1' ],
52 silly audit   buffer: [ '5.7.1' ],
52 silly audit   'buffer-equal-constant-time': [ '1.0.1' ],
52 silly audit   'buffer-from': [ '1.1.2' ],
52 silly audit   builtins: [ '1.0.3' ],
52 silly audit   bunyan: [ '1.8.15' ],
52 silly audit   bytes: [ '3.1.2' ],
52 silly audit   'caniuse-lite': [ '1.0.30001785' ],
52 silly audit   cardinal: [ '2.1.1' ],
52 silly audit   charenc: [ '0.0.2' ],
52 silly audit   'chrome-launcher': [ '0.15.2' ],
52 silly audit   'chromium-edge-launcher': [ '0.2.0' ],
52 silly audit   'ci-info': [ '3.9.0', '2.0.0' ],
52 silly audit   'clean-stack': [ '3.0.1' ],
52 silly audit   'cli-progress': [ '3.12.0' ],
52 silly audit   'cli-spinners': [ '2.9.2' ],
52 silly audit   'client-only': [ '0.0.1' ],
52 silly audit   cliui: [ '8.0.1' ],
52 silly audit   clone: [ '1.0.4' ],
52 silly audit   color: [ '4.2.3' ],
52 silly audit   'color-string': [ '1.9.1' ],
52 silly audit   'combined-stream': [ '1.0.8' ],
52 silly audit   'component-type': [ '1.2.2' ],
52 silly audit   compressible: [ '2.0.18' ],
52 silly audit   compression: [ '1.8.1' ],
52 silly audit   ms: [ '2.0.0', '2.1.3' ],
52 silly audit   negotiator: [ '0.6.4', '0.6.3' ],
52 silly audit   'concat-map': [ '0.0.1' ],
52 silly audit   connect: [ '3.7.0' ],
52 silly audit   'content-type': [ '1.0.5' ],
52 silly audit   'convert-source-map': [ '2.0.0' ],
52 silly audit   'core-js-compat': [ '3.49.0' ],
52 silly audit   'create-require': [ '1.1.1' ],
52 silly audit   crypt: [ '0.0.2' ],
52 silly audit   'crypto-random-string': [ '1.0.0' ],
52 silly audit   'css-select': [ '5.2.2' ],
52 silly audit   'css-tree': [ '1.1.3' ],
52 silly audit   'source-map': [ '0.6.1', '0.5.7' ],
52 silly audit   'css-what': [ '6.2.2' ],
52 silly audit   csstype: [ '3.2.3' ],
52 silly audit   dateformat: [ '4.6.3' ],
52 silly audit   'decode-uri-component': [ '0.2.2' ],
52 silly audit   'deep-extend': [ '0.6.0' ],
52 silly audit   deepmerge: [ '4.3.1' ],
52 silly audit   defaults: [ '1.0.4' ],
52 silly audit   'define-lazy-prop': [ '2.0.0' ],
52 silly audit   'delayed-stream': [ '1.0.0' ],
52 silly audit   depd: [ '2.0.0' ],
52 silly audit   destroy: [ '1.2.0' ],
52 silly audit   'detect-libc': [ '2.1.2' ],
52 silly audit   'detect-node-es': [ '1.1.0' ],
52 silly audit   dicer: [ '0.3.1' ],
52 silly audit   diff: [ '4.0.4' ],
52 silly audit   'dir-glob': [ '3.0.1' ],
52 silly audit   'dom-serializer': [ '2.0.0' ],
52 silly audit   domelementtype: [ '2.3.0' ],
52 silly audit   domhandler: [ '5.0.3' ],
52 silly audit   domino: [ '2.1.7' ],
52 silly audit   domutils: [ '3.2.2' ],
52 silly audit   'dotenv-expand': [ '11.0.7' ],
52 silly audit   'dtrace-provider': [ '0.8.8' ],
52 silly audit   'eas-cli': [ '12.6.2' ],
52 silly audit   eastasianwidth: [ '0.2.0' ],
52 silly audit   'ecdsa-sig-formatter': [ '1.0.11' ],
52 silly audit   'ee-first': [ '1.1.1' ],
52 silly audit   ejs: [ '3.1.10' ],
52 silly audit   'electron-to-chromium': [ '1.5.331' ],
52 silly audit   encodeurl: [ '1.0.2', '2.0.0' ],
52 silly audit   entities: [ '4.5.0' ],
52 silly audit   'env-editor': [ '0.4.2' ],
52 silly audit   'env-paths': [ '2.2.0' ],
52 silly audit   'env-string': [ '1.0.1' ],
52 silly audit   envinfo: [ '7.11.0' ],
52 silly audit   'err-code': [ '2.0.3' ],
52 silly audit   'error-ex': [ '1.3.4' ],
52 silly audit   'error-stack-parser': [ '2.1.4' ],
52 silly audit   escalade: [ '3.2.0' ],
52 silly audit   'escape-html': [ '1.0.3' ],
52 silly audit   esprima: [ '4.0.1' ],
52 silly audit   etag: [ '1.8.1' ],
52 silly audit   'event-target-shim': [ '5.0.1' ],
52 silly audit   'events-universal': [ '1.0.1' ],
52 silly audit   'exec-async': [ '2.2.0' ],
52 silly audit   expo: [ '54.0.33' ],
52 silly audit   'expo-asset': [ '12.0.12' ],
52 silly audit   'expo-blur': [ '15.0.8' ],
52 silly audit   'expo-constants': [ '18.0.13' ],
52 silly audit   'expo-file-system': [ '19.0.21' ],
52 silly audit   'expo-font': [ '14.0.11' ],
52 silly audit   'expo-haptics': [ '15.0.8' ],
52 silly audit   'expo-keep-awake': [ '15.0.8' ],
52 silly audit   'expo-linear-gradient': [ '15.0.8' ],
52 silly audit   'expo-linking': [ '8.0.11' ],
52 silly audit   'expo-modules-autolinking': [ '3.0.24' ],
52 silly audit   'expo-modules-core': [ '3.0.29' ],
52 silly audit   'expo-router': [ '6.0.23' ],
52 silly audit   'expo-server': [ '1.0.5' ],
52 silly audit   'expo-speech': [ '14.0.8' ],
52 silly audit   'expo-splash-screen': [ '31.0.13' ],
52 silly audit   'expo-status-bar': [ '3.0.9' ],
52 silly audit   ignore: [ '5.3.2', '5.3.0' ],
52 silly audit   'exponential-backoff': [ '3.1.3' ],
52 silly audit   'fast-deep-equal': [ '3.1.3' ],
52 silly audit   'fast-fifo': [ '1.3.2' ],
52 silly audit   'fast-glob': [ '3.3.2' ],
52 silly audit   'fast-json-stable-stringify': [ '2.1.0' ],
52 silly audit   fastq: [ '1.20.1' ],
52 silly audit   'fb-watchman': [ '2.0.2' ],
52 silly audit   fdir: [ '6.5.0' ],
52 silly audit   'fetch-retry': [ '4.1.1' ],
52 silly audit   figures: [ '3.2.0' ],
52 silly audit   filelist: [ '1.0.6' ],
52 silly audit   'fill-range': [ '7.1.1' ],
52 silly audit   'filter-obj': [ '1.1.0' ],
52 silly audit   finalhandler: [ '1.1.2' ],
52 silly audit   'find-yarn-workspace-root': [ '2.0.0' ],
52 silly audit   'flow-enums-runtime': [ '0.0.6' ],
52 silly audit   fontfaceobserver: [ '2.3.0' ],
52 silly audit   'foreground-child': [ '3.3.1' ],
52 silly audit   'signal-exit': [ '4.1.0', '3.0.7' ],
52 silly audit   'form-data': [ '4.0.0' ],
52 silly audit   'freeport-async': [ '2.0.0' ],
52 silly audit   fresh: [ '0.5.2' ],
52 silly audit   'fs-minipass': [ '2.1.0' ],
52 silly audit   minipass: [ '3.3.6', '7.1.3', '5.0.0' ],
52 silly audit   'fs.realpath': [ '1.0.0' ],
52 silly audit   fsevents: [ '2.3.3' ],
52 silly audit   'function-bind': [ '1.1.2' ],
52 silly audit   gensync: [ '1.0.0-beta.2' ],
52 silly audit   'get-caller-file': [ '2.0.5' ],
52 silly audit   'get-nonce': [ '1.0.1' ],
52 silly audit   'get-package-type': [ '0.1.0' ],
52 silly audit   'glob-parent': [ '5.1.2' ],
52 silly audit   globby: [ '11.1.0' ],
52 silly audit   'golden-fleece': [ '1.0.9' ],
52 silly audit   'graceful-fs': [ '4.2.11' ],
52 silly audit   'gradle-to-js': [ '2.0.1' ],
52 silly audit   graphql: [ '16.8.1' ],
52 silly audit   'graphql-tag': [ '2.12.6' ],
52 silly audit   hasown: [ '2.0.2' ],
52 silly audit   'hermes-estree': [ '0.29.1', '0.32.0' ],
52 silly audit   'hermes-parser': [ '0.29.1', '0.32.0' ],
52 silly audit   'http-call': [ '5.3.0' ],
52 silly audit   'http-errors': [ '2.0.1' ],
52 silly audit   statuses: [ '2.0.2', '1.5.0' ],
52 silly audit   'https-proxy-agent': [ '5.0.1', '7.0.6' ],
52 silly audit   hyperlinker: [ '1.0.0' ],
52 silly audit   ieee754: [ '1.2.1' ],
52 silly audit   'image-size': [ '1.2.1' ],
52 silly audit   imurmurhash: [ '0.1.4' ],
52 silly audit   'indent-string': [ '4.0.0' ],
52 silly audit   inflight: [ '1.0.6' ],
52 silly audit   inherits: [ '2.0.4' ],
52 silly audit   ini: [ '1.3.8' ],
52 silly audit   invariant: [ '2.2.4' ],
52 silly audit   'is-arrayish': [ '0.2.1', '0.3.4' ],
52 silly audit   'is-buffer': [ '1.1.6' ],
52 silly audit   'is-core-module': [ '2.16.1' ],
52 silly audit   'is-docker': [ '2.2.1' ],
52 silly audit   'is-extglob': [ '2.1.1' ],
52 silly audit   'is-fullwidth-code-point': [ '3.0.0' ],
52 silly audit   'is-glob': [ '4.0.3' ],
52 silly audit   'is-interactive': [ '1.0.0' ],
52 silly audit   'is-number': [ '7.0.0' ],
52 silly audit   'is-retry-allowed': [ '1.2.0' ],
52 silly audit   'is-stream': [ '2.0.1' ],
52 silly audit   'is-unicode-supported': [ '0.1.0' ],
52 silly audit   'is-wsl': [ '2.2.0' ],
52 silly audit   isexe: [ '2.0.0' ],
52 silly audit   'istanbul-lib-coverage': [ '3.2.2' ],
52 silly audit   'istanbul-lib-instrument': [ '5.2.1' ],
52 silly audit   jackspeak: [ '3.4.3' ],
52 silly audit   jake: [ '10.9.4' ],
52 silly audit   'jest-environment-node': [ '29.7.0' ],
52 silly audit   'jest-get-type': [ '29.6.3' ],
52 silly audit   'jest-haste-map': [ '29.7.0' ],
52 silly audit   'jest-message-util': [ '29.7.0' ],
52 silly audit   'jest-mock': [ '29.7.0' ],
52 silly audit   'jest-regex-util': [ '29.6.3' ],
52 silly audit   'jest-util': [ '29.7.0' ],
52 silly audit   'jest-validate': [ '29.7.0' ],
52 silly audit   'jest-worker': [ '29.7.0' ],
52 silly audit   'jimp-compact': [ '0.16.1' ],
52 silly audit   'jks-js': [ '1.1.0' ],
52 silly audit   'join-component': [ '1.1.0' ],
52 silly audit   'js-tokens': [ '4.0.0' ],
52 silly audit   'jsc-safe-url': [ '0.2.4' ],
52 silly audit   jsep: [ '1.4.0' ],
52 silly audit   jsesc: [ '3.1.0' ],
52 silly audit   'json-parse-better-errors': [ '1.0.2' ],
52 silly audit   'json-schema-traverse': [ '1.0.0' ],
52 silly audit   json5: [ '2.2.3' ],
52 silly audit   jsonfile: [ '6.2.0' ],
52 silly audit   jsonwebtoken: [ '9.0.0' ],
52 silly audit   jwa: [ '1.4.2' ],
52 silly audit   jws: [ '3.2.3' ],
52 silly audit   keychain: [ '1.5.0' ],
52 silly audit   kleur: [ '3.0.3' ],
52 silly audit   'lan-network': [ '0.1.7' ],
52 silly audit   leven: [ '3.1.0' ],
52 silly audit   'lighthouse-logger': [ '1.4.2' ],
52 silly audit   lightningcss: [ '1.32.0' ],
52 silly audit   'lightningcss-android-arm64': [ '1.32.0' ],
52 silly audit   'lightningcss-darwin-arm64': [ '1.32.0' ],
52 silly audit   'lightningcss-darwin-x64': [ '1.32.0' ],
52 silly audit   'lightningcss-freebsd-x64': [ '1.32.0' ],
52 silly audit   'lightningcss-linux-arm-gnueabihf': [ '1.32.0' ],
52 silly audit   'lightningcss-linux-arm64-gnu': [ '1.32.0' ],
52 silly audit   'lightningcss-linux-arm64-musl': [ '1.32.0' ],
52 silly audit   'lightningcss-linux-x64-gnu': [ '1.32.0' ],
52 silly audit   'lightningcss-linux-x64-musl': [ '1.32.0' ],
52 silly audit   'lightningcss-win32-arm64-msvc': [ '1.32.0' ],
52 silly audit   'lightningcss-win32-x64-msvc': [ '1.32.0' ],
52 silly audit   'lines-and-columns': [ '1.2.4' ],
52 silly audit   lodash: [ '4.18.1' ],
52 silly audit   'lodash.clonedeep': [ '4.5.0' ],
52 silly audit   'lodash.debounce': [ '4.0.8' ],
52 silly audit   'lodash.get': [ '4.4.2' ],
52 silly audit   'lodash.merge': [ '4.6.2' ],
52 silly audit   'lodash.throttle': [ '4.1.1' ],
52 silly audit   'loose-envify': [ '1.4.0' ],
52 silly audit   'lucide-react-native': [ '1.7.0' ],
52 silly audit   'make-error': [ '1.3.6' ],
52 silly audit   makeerror: [ '1.0.12' ],
52 silly audit   marky: [ '1.3.0' ],
52 silly audit   md5: [ '2.3.0' ],
52 silly audit   'mdn-data': [ '2.0.14' ],
52 silly audit   'memoize-one': [ '5.2.1' ],
52 silly audit   'merge-stream': [ '2.0.0' ],
52 silly audit   merge2: [ '1.4.1' ],
52 silly audit   metro: [ '0.83.3' ],
52 silly audit   'metro-babel-transformer': [ '0.83.3' ],
52 silly audit   'metro-cache': [ '0.83.3' ],
52 silly audit   'metro-cache-key': [ '0.83.3' ],
52 silly audit   'metro-config': [ '0.83.3' ],
52 silly audit   'metro-core': [ '0.83.3' ],
52 silly audit   'metro-file-map': [ '0.83.3' ],
52 silly audit   'metro-minify-terser': [ '0.83.3' ],
52 silly audit   'metro-resolver': [ '0.83.3' ],
52 silly audit   'metro-runtime': [ '0.83.3' ],
52 silly audit   'metro-source-map': [ '0.83.3' ],
52 silly audit   'metro-symbolicate': [ '0.83.3' ],
52 silly audit   'metro-transform-plugins': [ '0.83.3' ],
52 silly audit   'metro-transform-worker': [ '0.83.3' ],
52 silly audit   micromatch: [ '4.0.8' ],
52 silly audit   mime: [ '3.0.0', '1.6.0' ],
52 silly audit   'mime-db': [ '1.54.0', '1.52.0' ],
52 silly audit   'mime-types': [ '2.1.35' ],
52 silly audit   minimist: [ '1.2.8' ],
52 silly audit   'path-scurry': [ '1.11.1', '2.0.2' ],
52 silly audit   rimraf: [ '5.0.10', '2.4.5', '3.0.2' ],
52 silly audit   mkdirp: [ '1.0.4', '0.5.6' ],
52 silly audit   moment: [ '2.30.1' ],
52 silly audit   'mute-stream': [ '0.0.8' ],
52 silly audit   mv: [ '2.1.1' ],
52 silly audit   mz: [ '2.7.0' ],
52 silly audit   nan: [ '2.26.2' ],
52 silly audit   'natural-orderby': [ '2.0.3' ],
52 silly audit   ncp: [ '2.0.0' ],
52 silly audit   'nested-error-stacks': [ '2.0.1' ],
52 silly audit   'nice-try': [ '1.0.5' ],
52 silly audit   'node-fetch': [ '2.6.7' ],
52 silly audit   'node-int64': [ '0.4.0' ],
52 silly audit   'node-releases': [ '2.0.37' ],
52 silly audit   'node-rsa': [ '1.1.1' ],
52 silly audit   'normalize-path': [ '3.0.0' ],
52 silly audit   'nth-check': [ '2.1.1' ],
52 silly audit   nullthrows: [ '1.1.1' ],
52 silly audit   ob1: [ '0.83.3' ],
52 silly audit   'object-assign': [ '4.1.1' ],
52 silly audit   'object-treeify': [ '1.1.33' ],
52 silly audit   'on-finished': [ '2.3.0', '2.4.1' ],
52 silly audit   'on-headers': [ '1.1.0' ],
52 silly audit   once: [ '1.4.0' ],
52 silly audit   'os-homedir': [ '1.0.2' ],
52 silly audit   'os-tmpdir': [ '1.0.2' ],
52 silly audit   osenv: [ '0.1.5' ],
52 silly audit   'p-try': [ '2.2.0' ],
52 silly audit   'package-json-from-dist': [ '1.0.1' ],
52 silly audit   'parse-json': [ '4.0.0' ],
52 silly audit   'parse-png': [ '2.1.0' ],
52 silly audit   pngjs: [ '3.4.0', '7.0.0' ],
52 silly audit   parseurl: [ '1.3.3' ],
52 silly audit   'password-prompt': [ '1.1.3' ],
52 silly audit   'path-exists': [ '4.0.0' ],
52 silly audit   'path-is-absolute': [ '1.0.1' ],
52 silly audit   'path-parse': [ '1.0.7' ],
52 silly audit   'path-type': [ '4.0.0' ],
52 silly audit   picocolors: [ '1.1.1' ],
52 silly audit   pirates: [ '4.0.7' ],
52 silly audit   'pkg-dir': [ '4.2.0' ],
52 silly audit   plist: [ '3.1.0' ],
52 silly audit   postcss: [ '8.4.49' ],
52 silly audit   'pretty-bytes': [ '5.6.0' ],
52 silly audit   'pretty-format': [ '29.7.0' ],
52 silly audit   'react-is': [ '18.3.1', '19.2.4' ],
52 silly audit   'proc-log': [ '4.2.0' ],
52 silly audit   progress: [ '2.0.3' ],
52 silly audit   promise: [ '8.3.0' ],
52 silly audit   'promise-limit': [ '2.7.0' ],
52 silly audit   'promise-retry': [ '2.0.1' ],
52 silly audit   prompts: [ '2.4.2' ],
52 silly audit   punycode: [ '2.3.1' ],
52 silly audit   'query-string': [ '7.1.3' ],
52 silly audit   queue: [ '6.0.2' ],
52 silly audit   'queue-microtask': [ '1.2.3' ],
52 silly audit   'range-parser': [ '1.2.1' ],
52 silly audit   rc: [ '1.2.8' ],
52 silly audit   react: [ '19.1.0' ],
52 silly audit   'react-devtools-core': [ '6.1.5' ],
52 silly audit   'react-dom': [ '19.1.0' ],
52 silly audit   scheduler: [ '0.26.0', '0.27.0' ],
52 silly audit   'react-fast-compare': [ '3.2.2' ],
52 silly audit   'react-freeze': [ '1.0.4' ],
52 silly audit   'react-native': [ '0.81.5' ],
52 silly audit   'react-native-is-edge-to-edge': [ '1.3.1' ],
52 silly audit   'react-native-safe-area-context': [ '5.6.2' ],
52 silly audit   'react-native-screens': [ '4.16.0' ],
52 silly audit   'react-native-svg': [ '15.12.1' ],
52 silly audit   'react-refresh': [ '0.14.2' ],
52 silly audit   'react-remove-scroll': [ '2.7.2' ],
52 silly audit   'react-remove-scroll-bar': [ '2.3.8' ],
52 silly audit   'react-style-singleton': [ '2.2.3' ],
52 silly audit   redeyed: [ '2.1.1' ],
52 silly audit   regenerate: [ '1.4.2' ],
52 silly audit   'regenerate-unicode-properties': [ '10.2.2' ],
52 silly audit   'regenerator-runtime': [ '0.13.11' ],
52 silly audit   'regexpu-core': [ '6.4.0' ],
52 silly audit   regjsgen: [ '0.8.0' ],
52 silly audit   regjsparser: [ '0.13.0' ],
52 silly audit   'remove-trailing-slash': [ '0.1.1' ],
52 silly audit   'require-directory': [ '2.1.1' ],
52 silly audit   'require-from-string': [ '2.0.2' ],
52 silly audit   requireg: [ '0.2.2' ],
52 silly audit   resolve: [ '1.7.1', '1.22.11' ],
52 silly audit   'resolve-from': [ '5.0.0' ],
52 silly audit   'resolve-workspace-root': [ '2.0.1' ],
52 silly audit   'resolve.exports': [ '2.0.3' ],
52 silly audit   retry: [ '0.12.0' ],
52 silly audit   reusify: [ '1.1.0' ],
52 silly audit   'run-parallel': [ '1.2.0' ],
52 silly audit   'safe-buffer': [ '5.2.1' ],
52 silly audit   'safe-json-stringify': [ '1.2.0' ],
52 silly audit   'safer-buffer': [ '2.1.2' ],
52 silly audit   sax: [ '1.6.0' ],
52 silly audit   send: [ '0.19.2' ],
52 silly audit   'serialize-error': [ '2.1.0' ],
52 silly audit   'serve-static': [ '1.16.3' ],
52 silly audit   'server-only': [ '0.0.1' ],
52 silly audit   setprototypeof: [ '1.2.0' ],
52 silly audit   'sf-symbols-typescript': [ '2.2.0' ],
52 silly audit   shallowequal: [ '1.1.0' ],
52 silly audit   'shell-quote': [ '1.8.3' ],
52 silly audit   'simple-plist': [ '1.3.1' ],
52 silly audit   'simple-swizzle': [ '0.2.4' ],
52 silly audit   sisteransi: [ '1.0.5' ],
52 silly audit   slash: [ '3.0.0' ],
52 silly audit   'slice-ansi': [ '4.0.0' ],
52 silly audit   slugify: [ '1.6.9' ],
52 silly audit   'source-map-js': [ '1.2.1' ],
52 silly audit   'source-map-support': [ '0.5.21' ],
52 silly audit   split: [ '1.0.1' ],
52 silly audit   'split-on-first': [ '1.1.0' ],
52 silly audit   'sprintf-js': [ '1.0.3' ],
52 silly audit   'stack-utils': [ '2.0.6' ],
52 silly audit   stackframe: [ '1.3.4' ],
52 silly audit   'stacktrace-parser': [ '0.1.11' ],
52 silly audit   'type-fest': [ '0.7.1', '0.3.1', '0.21.3' ],
52 silly audit   'stream-buffers': [ '2.2.0' ],
52 silly audit   streamsearch: [ '1.1.0' ],
52 silly audit   streamx: [ '2.25.0' ],
52 silly audit   'strict-uri-encode': [ '2.0.0' ],
52 silly audit   'strip-json-comments': [ '2.0.1' ],
52 silly audit   'structured-headers': [ '0.4.1' ],
52 silly audit   'sudo-prompt': [ '9.1.1' ],
52 silly audit   'supports-hyperlinks': [ '2.3.0' ],
52 silly audit   'supports-preserve-symlinks-flag': [ '1.0.0' ],
52 silly audit   'tar-stream': [ '3.1.7' ],
52 silly audit   'temp-dir': [ '1.0.0' ],
52 silly audit   tempy: [ '0.3.0' ],
52 silly audit   'terminal-link': [ '2.1.1' ],
52 silly audit   terser: [ '5.46.1' ],
52 silly audit   'test-exclude': [ '6.0.0' ],
52 silly audit   'text-decoder': [ '1.2.7' ],
52 silly audit   thenify: [ '3.3.1' ],
52 silly audit   'thenify-all': [ '1.6.0' ],
52 silly audit   'this-file': [ '2.0.3' ],
52 silly audit   throat: [ '5.0.0' ],
52 silly audit   through: [ '2.3.8' ],
52 silly audit   tinyglobby: [ '0.2.15' ],
52 silly audit   tmpl: [ '1.0.5' ],
52 silly audit   'to-regex-range': [ '5.0.1' ],
52 silly audit   toidentifier: [ '1.0.1' ],
52 silly audit   tr46: [ '0.0.3' ],
52 silly audit   'ts-interface-checker': [ '0.1.13' ],
52 silly audit   'ts-node': [ '10.9.2' ],
52 silly audit   'tunnel-agent': [ '0.6.0' ],
52 silly audit   turndown: [ '7.1.2' ],
52 silly audit   'type-detect': [ '4.0.8' ],
52 silly audit   typescript: [ '5.9.3' ],
52 silly audit   undici: [ '6.24.1' ],
52 silly audit   'undici-types': [ '7.18.2' ],
52 silly audit   'unicode-canonical-property-names-ecmascript': [ '2.0.1' ],
52 silly audit   'unicode-match-property-ecmascript': [ '2.0.0' ],
52 silly audit   'unicode-match-property-value-ecmascript': [ '2.2.1' ],
52 silly audit   'unicode-property-aliases-ecmascript': [ '2.2.0' ],
52 silly audit   'unique-string': [ '1.0.0' ],
52 silly audit   unpipe: [ '1.0.0' ],
52 silly audit   untildify: [ '4.0.0' ],
52 silly audit   'update-browserslist-db': [ '1.2.3' ],
52 silly audit   'uri-js': [ '4.4.1' ],
52 silly audit   'use-callback-ref': [ '1.3.3' ],
52 silly audit   'use-latest-callback': [ '0.2.6' ],
52 silly audit   'use-sidecar': [ '1.1.3' ],
52 silly audit   'use-sync-external-store': [ '1.6.0' ],
52 silly audit   'utils-merge': [ '1.0.1' ],
52 silly audit   'v8-compile-cache-lib': [ '3.0.1' ],
52 silly audit   vary: [ '1.1.2' ],
52 silly audit   vaul: [ '1.1.2' ],
52 silly audit   vlq: [ '1.0.1' ],
52 silly audit   walker: [ '1.0.8' ],
52 silly audit   'warn-once': [ '0.1.1' ],
52 silly audit   wcwidth: [ '1.0.1' ],
52 silly audit   'webidl-conversions': [ '3.0.1', '5.0.0' ],
52 silly audit   'whatwg-fetch': [ '3.6.20' ],
52 silly audit   'whatwg-url': [ '5.0.0' ],
52 silly audit   'whatwg-url-without-unicode': [ '8.0.0-3' ],
52 silly audit   'widest-line': [ '3.1.0' ],
52 silly audit   wonka: [ '6.3.6' ],
52 silly audit   wordwrap: [ '1.0.0' ],
52 silly audit   wrappy: [ '1.0.2' ],
52 silly audit   xcode: [ '3.0.1' ],
52 silly audit   xml2js: [ '0.6.0' ],
52 silly audit   y18n: [ '5.0.8' ],
52 silly audit   yaml: [ '2.8.3' ],
52 silly audit   yargs: [ '17.7.2' ],
52 silly audit   'yargs-parser': [ '21.1.1' ],
52 silly audit   yn: [ '3.1.1' ],
52 silly audit   'yocto-queue': [ '0.1.0' ],
52 silly audit   zod: [ '3.25.76' ],
52 silly audit   'expo-speech-recognition': [ '3.1.2' ]
52 silly audit }
53 verbose reify failed optional dependency /Users/cansle/Documents/AntigravityProjects/WordChallenge/native/node_modules/lightningcss-win32-x64-msvc
54 silly reify mark deleted [
54 silly reify   '/Users/cansle/Documents/AntigravityProjects/WordChallenge/native/node_modules/lightningcss-win32-x64-msvc'
54 silly reify ]
55 verbose reify failed optional dependency /Users/cansle/Documents/AntigravityProjects/WordChallenge/native/node_modules/lightningcss-win32-arm64-msvc
56 silly reify mark deleted [
56 silly reify   '/Users/cansle/Documents/AntigravityProjects/WordChallenge/native/node_modules/lightningcss-win32-arm64-msvc'
56 silly reify ]
57 verbose reify failed optional dependency /Users/cansle/Documents/AntigravityProjects/WordChallenge/native/node_modules/lightningcss-linux-x64-musl
58 silly reify mark deleted [
58 silly reify   '/Users/cansle/Documents/AntigravityProjects/WordChallenge/native/node_modules/lightningcss-linux-x64-musl'
58 silly reify ]
59 verbose reify failed optional dependency /Users/cansle/Documents/AntigravityProjects/WordChallenge/native/node_modules/lightningcss-linux-x64-gnu
60 silly reify mark deleted [
60 silly reify   '/Users/cansle/Documents/AntigravityProjects/WordChallenge/native/node_modules/lightningcss-linux-x64-gnu'
60 silly reify ]
61 verbose reify failed optional dependency /Users/cansle/Documents/AntigravityProjects/WordChallenge/native/node_modules/lightningcss-linux-arm64-musl
62 silly reify mark deleted [
62 silly reify   '/Users/cansle/Documents/AntigravityProjects/WordChallenge/native/node_modules/lightningcss-linux-arm64-musl'
62 silly reify ]
63 verbose reify failed optional dependency /Users/cansle/Documents/AntigravityProjects/WordChallenge/native/node_modules/lightningcss-linux-arm64-gnu
64 silly reify mark deleted [
64 silly reify   '/Users/cansle/Documents/AntigravityProjects/WordChallenge/native/node_modules/lightningcss-linux-arm64-gnu'
64 silly reify ]
65 verbose reify failed optional dependency /Users/cansle/Documents/AntigravityProjects/WordChallenge/native/node_modules/lightningcss-linux-arm-gnueabihf
66 silly reify mark deleted [
66 silly reify   '/Users/cansle/Documents/AntigravityProjects/WordChallenge/native/node_modules/lightningcss-linux-arm-gnueabihf'
66 silly reify ]
67 verbose reify failed optional dependency /Users/cansle/Documents/AntigravityProjects/WordChallenge/native/node_modules/lightningcss-freebsd-x64
68 silly reify mark deleted [
68 silly reify   '/Users/cansle/Documents/AntigravityProjects/WordChallenge/native/node_modules/lightningcss-freebsd-x64'
68 silly reify ]
69 verbose reify failed optional dependency /Users/cansle/Documents/AntigravityProjects/WordChallenge/native/node_modules/lightningcss-darwin-x64
70 silly reify mark deleted [
70 silly reify   '/Users/cansle/Documents/AntigravityProjects/WordChallenge/native/node_modules/lightningcss-darwin-x64'
70 silly reify ]
71 verbose reify failed optional dependency /Users/cansle/Documents/AntigravityProjects/WordChallenge/native/node_modules/lightningcss-android-arm64
72 silly reify mark deleted [
72 silly reify   '/Users/cansle/Documents/AntigravityProjects/WordChallenge/native/node_modules/lightningcss-android-arm64'
72 silly reify ]
73 http cache expo-speech-recognition@https://registry.npmjs.org/expo-speech-recognition/-/expo-speech-recognition-3.1.2.tgz 0ms (cache hit)
74 silly tarball no local data for expo-speech-recognition@https://registry.npmjs.org/expo-speech-recognition/-/expo-speech-recognition-3.1.2.tgz. Extracting by manifest.
75 http fetch GET 200 https://registry.npmjs.org/expo-speech-recognition/-/expo-speech-recognition-3.1.2.tgz 113ms (cache miss)
76 http fetch POST 200 https://registry.npmjs.org/-/npm/v1/security/advisories/bulk 262ms
77 silly audit report {
77 silly audit report   semver: [
77 silly audit report     {
77 silly audit report       id: 1112921,
77 silly audit report       url: 'https://github.com/advisories/GHSA-c2qf-rxjj-qqgw',
77 silly audit report       title: 'semver vulnerable to Regular Expression Denial of Service',
77 silly audit report       severity: 'high',
77 silly audit report       vulnerable_versions: '>=7.0.0 <7.5.2',
77 silly audit report       cwe: [Array],
77 silly audit report       cvss: [Object]
77 silly audit report     }
77 silly audit report   ],
77 silly audit report   '@xmldom/xmldom': [
77 silly audit report     {
77 silly audit report       id: 1115765,
77 silly audit report       url: 'https://github.com/advisories/GHSA-wh4c-j3r5-mjhp',
77 silly audit report       title: 'xmldom: XML injection via unsafe CDATA serialization allows attacker-controlled markup insertion',
77 silly audit report       severity: 'high',
77 silly audit report       vulnerable_versions: '<0.8.12',
77 silly audit report       cwe: [Array],
77 silly audit report       cvss: [Object]
77 silly audit report     }
77 silly audit report   ],
77 silly audit report   minimatch: [
77 silly audit report     {
77 silly audit report       id: 1113461,
77 silly audit report       url: 'https://github.com/advisories/GHSA-3ppc-4f35-3m26',
77 silly audit report       title: 'minimatch has a ReDoS via repeated wildcards with non-matching literal in pattern',
77 silly audit report       severity: 'high',
77 silly audit report       vulnerable_versions: '>=5.0.0 <5.1.7',
77 silly audit report       cwe: [Array],
77 silly audit report       cvss: [Object]
77 silly audit report     },
77 silly audit report     {
77 silly audit report       id: 1113540,
77 silly audit report       url: 'https://github.com/advisories/GHSA-7r86-cg39-jmmj',
77 silly audit report       title: 'minimatch has ReDoS: matchOne() combinatorial backtracking via multiple non-adjacent GLOBSTAR segments',
77 silly audit report       severity: 'high',
77 silly audit report       vulnerable_versions: '>=5.0.0 <5.1.8',
77 silly audit report       cwe: [Array],
77 silly audit report       cvss: [Object]
77 silly audit report     },
77 silly audit report     {
77 silly audit report       id: 1113548,
77 silly audit report       url: 'https://github.com/advisories/GHSA-23c5-xmqv-rm74',
77 silly audit report       title: 'minimatch ReDoS: nested *() extglobs generate catastrophically backtracking regular expressions',
77 silly audit report       severity: 'high',
77 silly audit report       vulnerable_versions: '>=5.0.0 <5.1.8',
77 silly audit report       cwe: [Array],
77 silly audit report       cvss: [Object]
77 silly audit report     }
77 silly audit report   ],
77 silly audit report   'node-forge': [
77 silly audit report     {
77 silly audit report       id: 1110996,
77 silly audit report       url: 'https://github.com/advisories/GHSA-554w-wpv2-vw27',
77 silly audit report       title: 'node-forge has ASN.1 Unbounded Recursion',
77 silly audit report       severity: 'high',
77 silly audit report       vulnerable_versions: '<1.3.2',
77 silly audit report       cwe: [Array],
77 silly audit report       cvss: [Object]
77 silly audit report     },
77 silly audit report     {
77 silly audit report       id: 1110998,
77 silly audit report       url: 'https://github.com/advisories/GHSA-5gfm-wpxj-wjgq',
77 silly audit report       title: 'node-forge has an Interpretation Conflict vulnerability via its ASN.1 Validator Desynchronization',
77 silly audit report       severity: 'high',
77 silly audit report       vulnerable_versions: '<1.3.2',
77 silly audit report       cwe: [Array],
77 silly audit report       cvss: [Object]
77 silly audit report     },
77 silly audit report     {
77 silly audit report       id: 1111068,
77 silly audit report       url: 'https://github.com/advisories/GHSA-65ch-62r8-g69g',
77 silly audit report       title: 'node-forge is vulnerable to ASN.1 OID Integer Truncation',
77 silly audit report       severity: 'moderate',
77 silly audit report       vulnerable_versions: '<1.3.2',
77 silly audit report       cwe: [Array],
77 silly audit report       cvss: [Object]
77 silly audit report     },
77 silly audit report     {
77 silly audit report       id: 1115545,
77 silly audit report       url: 'https://github.com/advisories/GHSA-2328-f5f3-gj25',
77 silly audit report       title: 'Forge has a basicConstraints bypass in its certificate chain verification (RFC 5280 violation)',
77 silly audit report       severity: 'high',
77 silly audit report       vulnerable_versions: '<=1.3.3',
77 silly audit report       cwe: [Array],
77 silly audit report       cvss: [Object]
77 silly audit report     },
77 silly audit report     {
77 silly audit report       id: 1115546,
77 silly audit report       url: 'https://github.com/advisories/GHSA-q67f-28xg-22rw',
77 silly audit report       title: 'Forge has signature forgery in Ed25519 due to missing S > L check',
77 silly audit report       severity: 'high',
77 silly audit report       vulnerable_versions: '<1.4.0',
77 silly audit report       cwe: [Array],
77 silly audit report       cvss: [Object]
77 silly audit report     },
77 silly audit report     {
77 silly audit report       id: 1115548,
77 silly audit report       url: 'https://github.com/advisories/GHSA-5m6q-g25r-mvwx',
77 silly audit report       title: 'Forge has Denial of Service via Infinite Loop in BigInteger.modInverse() with Zero Input',
77 silly audit report       severity: 'high',
77 silly audit report       vulnerable_versions: '<1.4.0',
77 silly audit report       cwe: [Array],
77 silly audit report       cvss: [Object]
77 silly audit report     },
77 silly audit report     {
77 silly audit report       id: 1115612,
77 silly audit report       url: 'https://github.com/advisories/GHSA-ppp5-5v6c-4jwp',
77 silly audit report       title: 'Forge has signature forgery in RSA-PKCS due to ASN.1 extra field  ',
77 silly audit report       severity: 'high',
77 silly audit report       vulnerable_versions: '<1.4.0',
77 silly audit report       cwe: [Array],
77 silly audit report       cvss: [Object]
77 silly audit report     }
77 silly audit report   ],
77 silly audit report   tar: [
77 silly audit report     {
77 silly audit report       id: 1112659,
77 silly audit report       url: 'https://github.com/advisories/GHSA-34x7-hfp2-rc4v',
77 silly audit report       title: 'node-tar Vulnerable to Arbitrary File Creation/Overwrite via Hardlink Path Traversal',
77 silly audit report       severity: 'high',
77 silly audit report       vulnerable_versions: '<7.5.7',
77 silly audit report       cwe: [Array],
77 silly audit report       cvss: [Object]
77 silly audit report     },
77 silly audit report     {
77 silly audit report       id: 1113300,
77 silly audit report       url: 'https://github.com/advisories/GHSA-8qq5-rm4j-mr97',
77 silly audit report       title: 'node-tar is Vulnerable to Arbitrary File Overwrite and Symlink Poisoning via Insufficient Path Sanitization',
77 silly audit report       severity: 'high',
77 silly audit report       vulnerable_versions: '<=7.5.2',
77 silly audit report       cwe: [Array],
77 silly audit report       cvss: [Object]
77 silly audit report     },
77 silly audit report     {
77 silly audit report       id: 1113375,
77 silly audit report       url: 'https://github.com/advisories/GHSA-83g3-92jg-28cx',
77 silly audit report       title: 'Arbitrary File Read/Write via Hardlink Target Escape Through Symlink Chain in node-tar Extraction',
77 silly audit report       severity: 'high',
77 silly audit report       vulnerable_versions: '<7.5.8',
77 silly audit report       cwe: [Array],
77 silly audit report       cvss: [Object]
77 silly audit report     },
77 silly audit report     {
77 silly audit report       id: 1114200,
77 silly audit report       url: 'https://github.com/advisories/GHSA-qffp-2rhf-9h96',
77 silly audit report       title: 'tar has Hardlink Path Traversal via Drive-Relative Linkpath',
77 silly audit report       severity: 'high',
77 silly audit report       vulnerable_versions: '<=7.5.9',
77 silly audit report       cwe: [Array],
77 silly audit report       cvss: [Object]
77 silly audit report     },
77 silly audit report     {
77 silly audit report       id: 1114302,
77 silly audit report       url: 'https://github.com/advisories/GHSA-9ppj-qmqm-q256',
77 silly audit report       title: 'node-tar Symlink Path Traversal via Drive-Relative Linkpath',
77 silly audit report       severity: 'high',
77 silly audit report       vulnerable_versions: '<=7.5.10',
77 silly audit report       cwe: [Array],
77 silly audit report       cvss: [Object]
77 silly audit report     },
77 silly audit report     {
77 silly audit report       id: 1114680,
77 silly audit report       url: 'https://github.com/advisories/GHSA-r6q2-hw4h-h46w',
77 silly audit report       title: 'Race Condition in node-tar Path Reservations via Unicode Ligature Collisions on macOS APFS',
77 silly audit report       severity: 'high',
77 silly audit report       vulnerable_versions: '<=7.5.3',
77 silly audit report       cwe: [Array],
77 silly audit report       cvss: [Object]
77 silly audit report     }
77 silly audit report   ],
77 silly audit report   nanoid: [
77 silly audit report     {
77 silly audit report       id: 1109563,
77 silly audit report       url: 'https://github.com/advisories/GHSA-mwcw-c2x4-8c55',
77 silly audit report       title: 'Predictable results in nanoid generation when given non-integer values',
77 silly audit report       severity: 'moderate',
77 silly audit report       vulnerable_versions: '<3.3.8',
77 silly audit report       cwe: [Array],
77 silly audit report       cvss: [Object]
77 silly audit report     }
77 silly audit report   ],
77 silly audit report   ajv: [
77 silly audit report     {
77 silly audit report       id: 1113715,
77 silly audit report       url: 'https://github.com/advisories/GHSA-2g4f-4pwh-qvx6',
77 silly audit report       title: 'ajv has ReDoS when using `$data` option',
77 silly audit report       severity: 'moderate',
77 silly audit report       vulnerable_versions: '>=7.0.0-alpha.0 <8.18.0',
77 silly audit report       cwe: [Array],
77 silly audit report       cvss: [Object]
77 silly audit report     }
77 silly audit report   ],
77 silly audit report   dicer: [
77 silly audit report     {
77 silly audit report       id: 1093150,
77 silly audit report       url: 'https://github.com/advisories/GHSA-wm7h-9275-46v2',
77 silly audit report       title: 'Crash in HeaderParser in dicer',
77 silly audit report       severity: 'high',
77 silly audit report       vulnerable_versions: '<=0.3.1',
77 silly audit report       cwe: [Array],
77 silly audit report       cvss: [Object]
77 silly audit report     }
77 silly audit report   ],
77 silly audit report   'form-data': [
77 silly audit report     {
77 silly audit report       id: 1109538,
77 silly audit report       url: 'https://github.com/advisories/GHSA-fjxv-7rqg-78g4',
77 silly audit report       title: 'form-data uses unsafe random function in form-data for choosing boundary',
77 silly audit report       severity: 'critical',
77 silly audit report       vulnerable_versions: '>=4.0.0 <4.0.4',
77 silly audit report       cwe: [Array],
77 silly audit report       cvss: [Object]
77 silly audit report     }
77 silly audit report   ]
77 silly audit report }
78 silly packumentCache corgi:https://registry.npmjs.org/semver cache-miss
79 silly packumentCache corgi:https://registry.npmjs.org/@xmldom%2fxmldom cache-miss
80 silly packumentCache corgi:https://registry.npmjs.org/minimatch cache-miss
81 silly packumentCache corgi:https://registry.npmjs.org/node-forge cache-miss
82 silly packumentCache corgi:https://registry.npmjs.org/tar cache-miss
83 silly packumentCache corgi:https://registry.npmjs.org/nanoid cache-miss
84 silly packumentCache corgi:https://registry.npmjs.org/ajv cache-miss
85 silly packumentCache corgi:https://registry.npmjs.org/dicer cache-miss
86 silly packumentCache corgi:https://registry.npmjs.org/form-data cache-miss
87 http cache https://registry.npmjs.org/node-forge 94ms (cache hit)
88 silly packumentCache corgi:https://registry.npmjs.org/node-forge set size:106633 disposed:false
89 http cache https://registry.npmjs.org/tar 97ms (cache hit)
90 silly packumentCache corgi:https://registry.npmjs.org/tar set size:199254 disposed:false
91 http cache https://registry.npmjs.org/minimatch 100ms (cache hit)
92 silly packumentCache corgi:https://registry.npmjs.org/minimatch set size:168441 disposed:false
93 http cache https://registry.npmjs.org/semver 102ms (cache hit)
94 silly packumentCache corgi:https://registry.npmjs.org/semver set size:96449 disposed:false
95 http cache https://registry.npmjs.org/ajv 102ms (cache hit)
96 silly packumentCache corgi:https://registry.npmjs.org/ajv set size:464537 disposed:false
97 http cache https://registry.npmjs.org/@xmldom%2fxmldom 106ms (cache hit)
98 silly packumentCache corgi:https://registry.npmjs.org/@xmldom%2fxmldom set size:71005 disposed:false
99 http cache https://registry.npmjs.org/form-data 106ms (cache hit)
100 silly packumentCache corgi:https://registry.npmjs.org/form-data set size:51426 disposed:false
101 http cache https://registry.npmjs.org/dicer 107ms (cache hit)
102 silly packumentCache corgi:https://registry.npmjs.org/dicer set size:12923 disposed:false
103 http cache https://registry.npmjs.org/nanoid 107ms (cache hit)
104 silly packumentCache corgi:https://registry.npmjs.org/nanoid set size:145068 disposed:false
105 silly packumentCache corgi:https://registry.npmjs.org/@expo%2fimage-utils cache-miss
106 http cache https://registry.npmjs.org/@expo%2fimage-utils 34ms (cache hit)
107 silly packumentCache corgi:https://registry.npmjs.org/@expo%2fimage-utils set size:238514 disposed:false
108 silly packumentCache corgi:https://registry.npmjs.org/@expo%2fplist cache-miss
109 http cache https://registry.npmjs.org/@expo%2fplist 2ms (cache hit)
110 silly packumentCache corgi:https://registry.npmjs.org/@expo%2fplist set size:131469 disposed:false
111 silly packumentCache corgi:https://registry.npmjs.org/eas-cli cache-miss
112 silly packumentCache corgi:https://registry.npmjs.org/filelist cache-miss
113 http cache https://registry.npmjs.org/filelist 2ms (cache hit)
114 silly packumentCache corgi:https://registry.npmjs.org/filelist set size:10834 disposed:false
115 http cache https://registry.npmjs.org/eas-cli 4ms (cache hit)
116 silly packumentCache corgi:https://registry.npmjs.org/eas-cli set size:1310564 disposed:false
117 silly packumentCache corgi:https://registry.npmjs.org/@expo%2fcode-signing-certificates cache-miss
118 silly packumentCache corgi:https://registry.npmjs.org/@expo%2fpkcs12 cache-miss
119 silly packumentCache corgi:https://registry.npmjs.org/jks-js cache-miss
120 http cache https://registry.npmjs.org/@expo%2fpkcs12 18ms (cache hit)
121 silly packumentCache corgi:https://registry.npmjs.org/@expo%2fpkcs12 set size:103876 disposed:false
122 http cache https://registry.npmjs.org/jks-js 19ms (cache hit)
123 silly packumentCache corgi:https://registry.npmjs.org/jks-js set size:17131 disposed:false
124 http cache https://registry.npmjs.org/@expo%2fcode-signing-certificates 20ms (cache hit)
125 silly packumentCache corgi:https://registry.npmjs.org/@expo%2fcode-signing-certificates set size:10991 disposed:false
126 silly packumentCache corgi:https://registry.npmjs.org/@segment%2fajv-human-errors cache-miss
127 silly packumentCache corgi:https://registry.npmjs.org/ajv-formats cache-miss
128 http cache https://registry.npmjs.org/ajv-formats 3ms (cache hit)
129 silly packumentCache corgi:https://registry.npmjs.org/ajv-formats set size:63554 disposed:false
130 http cache https://registry.npmjs.org/@segment%2fajv-human-errors 5ms (cache hit)
131 silly packumentCache corgi:https://registry.npmjs.org/@segment%2fajv-human-errors set size:379569 disposed:false
132 silly packumentCache corgi:https://registry.npmjs.org/@expo%2fmultipart-body-parser cache-miss
133 http cache https://registry.npmjs.org/@expo%2fmultipart-body-parser 2ms (cache hit)
134 silly packumentCache corgi:https://registry.npmjs.org/@expo%2fmultipart-body-parser set size:4573 disposed:false
135 silly packumentCache corgi:https://registry.npmjs.org/@expo%2fprebuild-config cache-miss
136 http cache https://registry.npmjs.org/@expo%2fprebuild-config 2ms (cache hit)
137 silly packumentCache corgi:https://registry.npmjs.org/@expo%2fprebuild-config set size:340155 disposed:false
138 silly packumentCache corgi:https://registry.npmjs.org/@expo%2fconfig-plugins cache-miss
139 http cache https://registry.npmjs.org/@expo%2fconfig-plugins 4ms (cache hit)
140 silly packumentCache corgi:https://registry.npmjs.org/@expo%2fconfig-plugins set size:381160 disposed:false
141 silly packumentCache corgi:https://registry.npmjs.org/@expo%2fconfig cache-miss
142 http cache https://registry.npmjs.org/@expo%2fconfig 3ms (cache hit)
143 silly packumentCache corgi:https://registry.npmjs.org/@expo%2fconfig set size:510090 disposed:false
144 silly ADD node_modules/expo-speech-recognition
145 silly ADD
146 silly ADD
147 silly ADD
148 silly ADD
149 silly ADD
150 silly ADD
151 silly ADD
152 silly ADD
153 silly ADD
154 silly ADD
155 verbose cwd /Users/cansle/Documents/AntigravityProjects/WordChallenge/native
156 verbose os Darwin 24.6.0
157 verbose node v22.17.0
158 verbose npm  v10.9.2
159 verbose exit 0
160 info ok
